#
# There is insufficient memory for the Java Runtime Environment to continue.
# Native memory allocation (malloc) failed to allocate 239296 bytes for Chunk::new
# Possible reasons:
#   The system is out of physical RAM or swap space
#   In 32 bit mode, the process size limit was hit
# Possible solutions:
#   Reduce memory load on the system
#   Increase physical memory or swap space
#   Check if swap backing store is full
#   Use 64 bit Java on a 64 bit OS
#   Decrease Java heap size (-Xmx/-Xms)
#   Decrease number of Java threads
#   Decrease Java thread stack sizes (-Xss)
#   Set larger code cache with -XX:ReservedCodeCacheSize=
# This output file may be truncated or incomplete.
#
#  Out of Memory Error (allocation.cpp:390), pid=9552, tid=0x0000000000002068
#
# JRE version: Java(TM) SE Runtime Environment (8.0_101-b13) (build 1.8.0_101-b13)
# Java VM: Java HotSpot(TM) 64-Bit Server VM (25.101-b13 mixed mode windows-amd64 compressed oops)
# Failed to write core dump. Minidumps are not enabled by default on client versions of Windows
#

---------------  T H R E A D  ---------------

Current thread (0x00000000565a6800):  JavaThread "C2 CompilerThread1" daemon [_thread_in_native, id=8296, stack(0x0000000056e10000,0x0000000056f10000)]

Stack: [0x0000000056e10000,0x0000000056f10000]
[error occurred during error reporting (printing stack bounds), id 0xc0000005]

Native frames: (J=compiled Java code, j=interpreted, Vv=VM code, C=native code)


Current CompileTask:
C2:  26066 1299 %     4       com.android.dx.ssa.SsaMethod::computeReachability @ 8 (131 bytes)


---------------  P R O C E S S  ---------------

Java Threads: ( => current thread )
  0x0000000056712000 JavaThread "pool-1-thread-4" [_thread_blocked, id=9520, stack(0x0000000057860000,0x0000000057960000)]
  0x000000005670d800 JavaThread "pool-1-thread-3" [_thread_blocked, id=9768, stack(0x0000000057720000,0x0000000057820000)]
  0x00000000566ff800 JavaThread "pool-1-thread-2" [_thread_blocked, id=4268, stack(0x0000000057300000,0x0000000057400000)]
  0x00000000566fe800 JavaThread "pool-2-thread-1" [_thread_blocked, id=9744, stack(0x0000000057580000,0x0000000057680000)]
  0x00000000566fd000 JavaThread "pool-1-thread-1" [_thread_blocked, id=3372, stack(0x0000000056cb0000,0x0000000056db0000)]
  0x00000000565d8000 JavaThread "Service Thread" daemon [_thread_blocked, id=9472, stack(0x0000000057200000,0x0000000057300000)]
  0x00000000565b9800 JavaThread "C1 CompilerThread2" daemon [_thread_blocked, id=9104, stack(0x0000000057020000,0x0000000057120000)]
=>0x00000000565a6800 JavaThread "C2 CompilerThread1" daemon [_thread_in_native, id=8296, stack(0x0000000056e10000,0x0000000056f10000)]
  0x000000005509d000 JavaThread "C2 CompilerThread0" daemon [_thread_in_native, id=9500, stack(0x00000000561d0000,0x00000000562d0000)]
  0x000000005655a800 JavaThread "Attach Listener" daemon [_thread_blocked, id=9860, stack(0x0000000056bb0000,0x0000000056cb0000)]
  0x000000005509a000 JavaThread "Signal Dispatcher" daemon [_thread_blocked, id=9244, stack(0x00000000569b0000,0x0000000056ab0000)]
  0x000000005507b800 JavaThread "Finalizer" daemon [_thread_blocked, id=9396, stack(0x0000000056450000,0x0000000056550000)]
  0x0000000055032000 JavaThread "Reference Handler" daemon [_thread_blocked, id=10188, stack(0x0000000056340000,0x0000000056440000)]
  0x000000000036e000 JavaThread "main" [_thread_blocked, id=9488, stack(0x0000000002670000,0x0000000002770000)]

Other Threads:
  0x000000005502c800 VMThread [stack: 0x00000000560c0000,0x00000000561c0000] [id=5156]
  0x00000000565d6800 WatcherThread [stack: 0x0000000057400000,0x0000000057500000] [id=8280]

VM state:not at safepoint (normal execution)

VM Mutex/Monitor currently owned by a thread: None

Heap:
 PSYoungGen      total 18944K, used 17673K [0x00000000eab00000, 0x00000000ec000000, 0x0000000100000000)
  eden space 16384K, 92% used [0x00000000eab00000,0x00000000eb9c2d20,0x00000000ebb00000)
  from space 2560K, 99% used [0x00000000ebd80000,0x00000000ebfff7e8,0x00000000ec000000)
  to   space 2560K, 0% used [0x00000000ebb00000,0x00000000ebb00000,0x00000000ebd80000)
 ParOldGen       total 44032K, used 3451K [0x00000000c0000000, 0x00000000c2b00000, 0x00000000eab00000)
  object space 44032K, 7% used [0x00000000c0000000,0x00000000c035efd8,0x00000000c2b00000)
 Metaspace       used 5997K, capacity 6902K, committed 7040K, reserved 1056768K
  class space    used 602K, capacity 622K, committed 640K, reserved 1048576K

Card table byte_map: [0x0000000011b30000,0x0000000011d40000] byte_map_base: 0x0000000011530000

Marking Bits: (ParMarkBitMap*) 0x000000007079a6d0
 Begin Bits: [0x00000000124a0000, 0x00000000134a0000)
 End Bits:   [0x00000000134a0000, 0x00000000144a0000)

Polling page: 0x0000000000330000

CodeCache: size=245760Kb used=4961Kb max_used=4975Kb free=240798Kb
 bounds [0x0000000002770000, 0x0000000002c50000, 0x0000000011770000]
 total_blobs=1555 nmethods=1284 adapters=184
 compilation: enabled

Compilation events (10 events):
Event: 26.035 Thread 0x00000000565b9800 1296       3       com.android.dx.ssa.DomFront::calcDomFronts (154 bytes)
Event: 26.036 Thread 0x00000000565b9800 nmethod 1296 0x0000000002c3a850 code [0x0000000002c3aae0, 0x0000000002c3ba68]
Event: 26.036 Thread 0x00000000565b9800 1303       3       java.util.TreeMap::values (25 bytes)
Event: 26.036 Thread 0x00000000565b9800 nmethod 1303 0x0000000002c21310 code [0x0000000002c21480, 0x0000000002c217b0]
Event: 26.037 Thread 0x00000000565b9800 1304       3       com.android.dx.ssa.DeadCodeRemover::<init> (44 bytes)
Event: 26.037 Thread 0x00000000565b9800 nmethod 1304 0x0000000002c20c10 code [0x0000000002c20da0, 0x0000000002c21198]
Event: 26.037 Thread 0x00000000565b9800 1301       1       com.android.dx.ssa.back.FirstFitLocalCombiningAllocator::wantsParamsMovedHigh (2 bytes)
Event: 26.037 Thread 0x00000000565b9800 nmethod 1301 0x0000000002c24c10 code [0x0000000002c24d60, 0x0000000002c24e70]
Event: 26.053 Thread 0x00000000565a6800 nmethod 1295 0x0000000002c4dbd0 code [0x0000000002c4dd80, 0x0000000002c4e6d8]
Event: 26.053 Thread 0x00000000565a6800 1299 %     4       com.android.dx.ssa.SsaMethod::computeReachability @ 8 (131 bytes)

GC Heap History (4 events):
Event: 24.321 GC heap before
{Heap before GC invocations=1 (full 0):
 PSYoungGen      total 18944K, used 16384K [0x00000000eab00000, 0x00000000ec000000, 0x0000000100000000)
  eden space 16384K, 100% used [0x00000000eab00000,0x00000000ebb00000,0x00000000ebb00000)
  from space 2560K, 0% used [0x00000000ebd80000,0x00000000ebd80000,0x00000000ec000000)
  to   space 2560K, 0% used [0x00000000ebb00000,0x00000000ebb00000,0x00000000ebd80000)
 ParOldGen       total 44032K, used 0K [0x00000000c0000000, 0x00000000c2b00000, 0x00000000eab00000)
  object space 44032K, 0% used [0x00000000c0000000,0x00000000c0000000,0x00000000c2b00000)
 Metaspace       used 5794K, capacity 6708K, committed 6784K, reserved 1056768K
  class space    used 599K, capacity 620K, committed 640K, reserved 1048576K
Event: 24.821 GC heap after
Heap after GC invocations=1 (full 0):
 PSYoungGen      total 18944K, used 2530K [0x00000000eab00000, 0x00000000ec000000, 0x0000000100000000)
  eden space 16384K, 0% used [0x00000000eab00000,0x00000000eab00000,0x00000000ebb00000)
  from space 2560K, 98% used [0x00000000ebb00000,0x00000000ebd78ad8,0x00000000ebd80000)
  to   space 2560K, 0% used [0x00000000ebd80000,0x00000000ebd80000,0x00000000ec000000)
 ParOldGen       total 44032K, used 1953K [0x00000000c0000000, 0x00000000c2b00000, 0x00000000eab00000)
  object space 44032K, 4% used [0x00000000c0000000,0x00000000c01e84c0,0x00000000c2b00000)
 Metaspace       used 5794K, capacity 6708K, committed 6784K, reserved 1056768K
  class space    used 599K, capacity 620K, committed 640K, reserved 1048576K
}
Event: 25.280 GC heap before
{Heap before GC invocations=2 (full 0):
 PSYoungGen      total 18944K, used 18914K [0x00000000eab00000, 0x00000000ec000000, 0x0000000100000000)
  eden space 16384K, 100% used [0x00000000eab00000,0x00000000ebb00000,0x00000000ebb00000)
  from space 2560K, 98% used [0x00000000ebb00000,0x00000000ebd78ad8,0x00000000ebd80000)
  to   space 2560K, 0% used [0x00000000ebd80000,0x00000000ebd80000,0x00000000ec000000)
 ParOldGen       total 44032K, used 1953K [0x00000000c0000000, 0x00000000c2b00000, 0x00000000eab00000)
  object space 44032K, 4% used [0x00000000c0000000,0x00000000c01e84c0,0x00000000c2b00000)
 Metaspace       used 5920K, capacity 6838K, committed 7040K, reserved 1056768K
  class space    used 602K, capacity 622K, committed 640K, reserved 1048576K
Event: 25.476 GC heap after
Heap after GC invocations=2 (full 0):
 PSYoungGen      total 18944K, used 2557K [0x00000000eab00000, 0x00000000ec000000, 0x0000000100000000)
  eden space 16384K, 0% used [0x00000000eab00000,0x00000000eab00000,0x00000000ebb00000)
  from space 2560K, 99% used [0x00000000ebd80000,0x00000000ebfff7e8,0x00000000ec000000)
  to   space 2560K, 0% used [0x00000000ebb00000,0x00000000ebb00000,0x00000000ebd80000)
 ParOldGen       total 44032K, used 3451K [0x00000000c0000000, 0x00000000c2b00000, 0x00000000eab00000)
  object space 44032K, 7% used [0x00000000c0000000,0x00000000c035efd8,0x00000000c2b00000)
 Metaspace       used 5920K, capacity 6838K, committed 7040K, reserved 1056768K
  class space    used 602K, capacity 622K, committed 640K, reserved 1048576K
}

Deoptimization events (10 events):
Event: 24.320 Thread 0x00000000566ff800 Uncommon trap: reason=unstable_if action=reinterpret pc=0x00000000029a6818 method=com.android.dx.rop.code.RegisterSpecSet.put(Lcom/android/dx/rop/code/RegisterSpec;)V @ 77
Event: 24.320 Thread 0x00000000566ff800 Uncommon trap: reason=unstable_if action=reinterpret pc=0x0000000002a25110 method=com.android.dx.rop.code.RegisterSpecSet.put(Lcom/android/dx/rop/code/RegisterSpec;)V @ 77
Event: 24.321 Thread 0x000000000036e000 Uncommon trap: reason=null_check action=make_not_entrant pc=0x0000000002a60494 method=com.android.dx.ssa.SsaRenamer.getLocalForNewReg(I)Lcom/android/dx/rop/code/LocalItem; @ 19
Event: 24.880 Thread 0x0000000056712000 Uncommon trap: reason=class_check action=maybe_recompile pc=0x00000000029731e0 method=com.android.dx.ssa.NormalSsaInsn.accept(Lcom/android/dx/ssa/SsaInsn$Visitor;)V @ 9
Event: 24.880 Thread 0x0000000056712000 Uncommon trap: reason=class_check action=maybe_recompile pc=0x00000000029731e0 method=com.android.dx.ssa.NormalSsaInsn.accept(Lcom/android/dx/ssa/SsaInsn$Visitor;)V @ 9
Event: 24.880 Thread 0x0000000056712000 Uncommon trap: reason=class_check action=maybe_recompile pc=0x00000000029731e0 method=com.android.dx.ssa.NormalSsaInsn.accept(Lcom/android/dx/ssa/SsaInsn$Visitor;)V @ 9
Event: 24.880 Thread 0x0000000056712000 Uncommon trap: reason=class_check action=maybe_recompile pc=0x00000000029731e0 method=com.android.dx.ssa.NormalSsaInsn.accept(Lcom/android/dx/ssa/SsaInsn$Visitor;)V @ 9
Event: 24.997 Thread 0x0000000056712000 Uncommon trap: reason=null_check action=make_not_entrant pc=0x0000000002ab0258 method=com.android.dx.rop.type.Type.equals(Ljava/lang/Object;)Z @ 8
Event: 25.004 Thread 0x000000000036e000 Uncommon trap: reason=unstable_if action=reinterpret pc=0x0000000002abfab0 method=com.android.dx.rop.code.RegisterSpec.equals(ILcom/android/dx/rop/type/TypeBearer;Lcom/android/dx/rop/code/LocalItem;)Z @ 42
Event: 25.016 Thread 0x0000000056712000 Uncommon trap: reason=bimorphic action=maybe_recompile pc=0x0000000002a74a18 method=java.util.HashMap.getNode(ILjava/lang/Object;)Ljava/util/HashMap$Node; @ 126

Internal exceptions (4 events):
Event: 1.251 Thread 0x000000000036e000 Exception <a 'java/lang/NoSuchMethodError': Method sun.misc.Unsafe.defineClass(Ljava/lang/String;[BII)Ljava/lang/Class; name or signature does not match> (0x00000000eab07cc0) thrown at [C:\re\workspace\8-2-build-windows-amd64-cygwin\jdk8u101\7261\hotspot\sœ%ƒŽô?
Event: 1.251 Thread 0x000000000036e000 Exception <a 'java/lang/NoSuchMethodError': Method sun.misc.Unsafe.prefetchRead(Ljava/lang/Object;J)V name or signature does not match> (0x00000000eab07fa8) thrown at [C:\re\workspace\8-2-build-windows-amd64-cygwin\jdk8u101\7261\hotspot\src\share\vm\prims\+UƒÄR8@
Event: 24.321 Thread 0x000000000036e000 Implicit null exception at 0x0000000002a5e7d0 to 0x0000000002a6044d
Event: 24.997 Thread 0x0000000056712000 Implicit null exception at 0x0000000002ab0152 to 0x0000000002ab024a

Events (10 events):
Event: 25.137 Thread 0x000000000036e000 DEOPT PACKING pc=0x0000000002ab92a3 sp=0x000000000276e2b0
Event: 25.137 Thread 0x000000000036e000 DEOPT UNPACKING pc=0x00000000027b787f sp=0x000000000276e008 mode 0
Event: 25.161 Thread 0x000000000036e000 DEOPT PACKING pc=0x0000000002a8653a sp=0x000000000276e290
Event: 25.161 Thread 0x000000000036e000 DEOPT UNPACKING pc=0x00000000027b787f sp=0x000000000276dff8 mode 0
Event: 25.168 Thread 0x000000000036e000 DEOPT PACKING pc=0x0000000002a8653a sp=0x000000000276e290
Event: 25.168 Thread 0x000000000036e000 DEOPT UNPACKING pc=0x00000000027b787f sp=0x000000000276dff8 mode 0
Event: 25.215 Executing VM operation: ParallelGCFailedAllocation
Event: 25.476 Executing VM operation: ParallelGCFailedAllocation done
Event: 25.714 Thread 0x0000000056712000 DEOPT PACKING pc=0x0000000002b27f9c sp=0x000000005795e620
Event: 25.714 Thread 0x0000000056712000 DEOPT UNPACKING pc=0x00000000027b787f sp=0x000000005795e388 mode 0


Dynamic libraries:
0x000000013f600000 - 0x000000013f637000 	C:\Program Files\Java\jdk1.8.0_101\bin\java.exe
0x00000000770d0000 - 0x0000000077279000 	C:\Windows\SYSTEM32\ntdll.dll
0x0000000076eb0000 - 0x0000000076fcf000 	C:\Windows\system32\kernel32.dll
0x000007fefd320000 - 0x000007fefd38c000 	C:\Windows\system32\KERNELBASE.dll
0x000007fefd520000 - 0x000007fefd5fb000 	C:\Windows\system32\ADVAPI32.dll
0x000007fefe2e0000 - 0x000007fefe37f000 	C:\Windows\system32\msvcrt.dll
0x000007fefdd40000 - 0x000007fefdd5f000 	C:\Windows\SYSTEM32\sechost.dll
0x000007feff1a0000 - 0x000007feff2cd000 	C:\Windows\system32\RPCRT4.dll
0x0000000076fd0000 - 0x00000000770ca000 	C:\Windows\system32\USER32.dll
0x000007fefe380000 - 0x000007fefe3e7000 	C:\Windows\system32\GDI32.dll
0x000007fefdd60000 - 0x000007fefdd6e000 	C:\Windows\system32\LPK.dll
0x000007fefdfa0000 - 0x000007fefe069000 	C:\Windows\system32\USP10.dll
0x000007fefbc10000 - 0x000007fefbe04000 	C:\Windows\WinSxS\amd64_microsoft.windows.common-controls_6595b64144ccf1df_6.0.7601.17514_none_fa396087175ac9ac\COMCTL32.dll
0x000007fefd870000 - 0x000007fefd8e1000 	C:\Windows\system32\SHLWAPI.dll
0x000007fefdd10000 - 0x000007fefdd3e000 	C:\Windows\system32\IMM32.DLL
0x000007feff2d0000 - 0x000007feff3d9000 	C:\Windows\system32\MSCTF.dll
0x0000000078a40000 - 0x0000000078b12000 	C:\Program Files\Java\jdk1.8.0_101\jre\bin\msvcr100.dll
0x000000006ff80000 - 0x000000007081a000 	C:\Program Files\Java\jdk1.8.0_101\jre\bin\server\jvm.dll
0x000007fefaba0000 - 0x000007fefaba9000 	C:\Windows\system32\WSOCK32.dll
0x000007fefdd70000 - 0x000007fefddbd000 	C:\Windows\system32\WS2_32.dll
0x000007fefe2d0000 - 0x000007fefe2d8000 	C:\Windows\system32\NSI.dll
0x000007fefb1b0000 - 0x000007fefb1eb000 	C:\Windows\system32\WINMM.dll
0x000007fefc130000 - 0x000007fefc13c000 	C:\Windows\system32\VERSION.dll
0x0000000077290000 - 0x0000000077297000 	C:\Windows\system32\PSAPI.DLL
0x000000005d5e0000 - 0x000000005d5ef000 	C:\Program Files\Java\jdk1.8.0_101\jre\bin\verify.dll
0x0000000059450000 - 0x0000000059479000 	C:\Program Files\Java\jdk1.8.0_101\jre\bin\java.dll
0x0000000059160000 - 0x0000000059176000 	C:\Program Files\Java\jdk1.8.0_101\jre\bin\zip.dll
0x000007fefe410000 - 0x000007feff198000 	C:\Windows\system32\SHELL32.dll
0x000007fefd660000 - 0x000007fefd863000 	C:\Windows\system32\ole32.dll
0x000007fefd020000 - 0x000007fefd02f000 	C:\Windows\system32\profapi.dll

VM Arguments:
jvm_args: -Djava.awt.headless=true -Xmx1024M -Dfile.encoding=GBK -Duser.country=CN -Duser.language=zh -Duser.variant 
java_command: com.android.dx.command.Main --dex --force-jumbo --num-threads=4 --output C:\Users\miaochangchun\Downloads\TTSMulti\app\build\intermediates\pre-dexed\debug\instant-run_45531b71199e08fc89b569462903ae5531ebad59.jar C:\Users\miaochangchun\Downloads\TTSMulti\app\build\intermediates\incremental-runtime-classes\debug\instant-run.jar
java_class_path (initial): C:\Users\miaochangchun\AppData\Local\Android\Sdk\build-tools\24.0.0\lib\dx.jar
Launcher Type: SUN_STANDARD

Environment Variables:
JAVA_HOME=C:\Program Files\Java\jdk1.8.0_101
CLASSPATH=.;C:\Program Files\Java\jdk1.8.0_101\lib\dt.jar;C:\Program Files\Java\jdk1.8.0_101\lib\tools.jar;
PATH=C:\ProgramData\Oracle\Java\javapath;C:\Program Files (x86)\NVIDIA Corporation\PhysX\Common;C:\Windows\system32;C:\Windows;C:\Windows\System32\Wbem;C:\Windows\System32\WindowsPowerShell\v1.0\;C:\Program Files (x86)\Microsoft SQL Server\90\Tools\binn\;C:\Program Files\Java\jdk1.8.0_101\bin;C:\Program Files\Java\jdk1.8.0_101\jre\bin;C:\Program Files (x86)\MySQL\MySQL Server 5.0\bin;C:\MinGW\bin;C:\Users\miaochangchun\Downloads\apache-maven-3.3.9-bin\apache-maven-3.3.9\bin;D:\wamp\php-7.0.10-Win32-VC14-x64;D:\wamp\php-7.0.10-Win32-VC14-x64\ext;D:\adt-bundle-windows-x86-20130522\sdk\build-tools;D:\adt-bundle-windows-x86-20130522\sdk\platform-tools;D:\adt-bundle-windows-x86-20130522\sdk\tools;C:\Program Files (x86)\Skype\Phone\
USERNAME=miaochangchun
OS=Windows_NT
PROCESSOR_IDENTIFIER=Intel64 Family 6 Model 60 Stepping 3, GenuineIntel



---------------  S Y S T E M  ---------------

OS: Windows 7 , 64 bit Build 7601 (6.1.7601.17965)

CPU:total 4 (2 cores per cpu, 2 threads per core) family 6 model 60 stepping 3, cmov, cx8, fxsr, mmx, sse, sse2, sse3, ssse3, sse4.1, sse4.2, popcnt, avx, avx2, aes, clmul, erms, lzcnt, ht, tsc, tscinvbit, bmi1, bmi2

Memory: 4k page, physical 4145832k(256516k free), swap 8337252k(5092k free)

vm_info: Java HotSpot(TM) 64-Bit Server VM (25.101-b13) for windows-amd64 JRE (1.8.0_101-b13), built on Jun 22 2016 01:21:29 by "java_re" with MS VC++ 10.0 (VS2010)

time: Mon Oct 24 21:04:14 2016
elapsed time: 26 seconds (0d 0h 0m 26s)

