#
# There is insufficient memory for the Java Runtime Environment to continue.
# Native memory allocation (malloc) failed to allocate 514416 bytes for Chunk::new
# Possible reasons:
#   The system is out of physical RAM or swap space
#   In 32 bit mode, the process size limit was hit
# Possible solutions:
#   Reduce memory load on the system
#   Increase physical memory or swap space
#   Check if swap backing store is full
#   Use 64 bit Java on a 64 bit OS
#   Decrease Java heap size (-Xmx/-Xms)
#   Decrease number of Java threads
#   Decrease Java thread stack sizes (-Xss)
#   Set larger code cache with -XX:ReservedCodeCacheSize=
# This output file may be truncated or incomplete.
#
#  Out of Memory Error (allocation.cpp:390), pid=6116, tid=0x0000000000002504
#
# JRE version: Java(TM) SE Runtime Environment (8.0_101-b13) (build 1.8.0_101-b13)
# Java VM: Java HotSpot(TM) 64-Bit Server VM (25.101-b13 mixed mode windows-amd64 compressed oops)
# Failed to write core dump. Minidumps are not enabled by default on client versions of Windows
#

---------------  T H R E A D  ---------------

Current thread (0x000000005512f800):  JavaThread "C2 CompilerThread1" daemon [_thread_in_native, id=9476, stack(0x0000000056e50000,0x0000000056f50000)]

Stack: [0x0000000056e50000,0x0000000056f50000]
[error occurred during error reporting (printing stack bounds), id 0xc0000005]

Native frames: (J=compiled Java code, j=interpreted, Vv=VM code, C=native code)


Current CompileTask:
C2:    903  917   !   4       com.android.dx.cf.code.BytecodeArray::parseInstruction (2764 bytes)


---------------  P R O C E S S  ---------------

Java Threads: ( => current thread )
  0x000000005666c000 JavaThread "pool-1-thread-3" [_thread_in_vm, id=9744, stack(0x0000000057780000,0x0000000057880000)]
  0x00000000565fa800 JavaThread "pool-2-thread-1" [_thread_blocked, id=9860, stack(0x0000000057440000,0x0000000057540000)]
  0x00000000564e6000 JavaThread "Service Thread" daemon [_thread_blocked, id=8792, stack(0x0000000056b00000,0x0000000056c00000)]
  0x0000000056459800 JavaThread "C1 CompilerThread2" daemon [_thread_in_native, id=9052, stack(0x0000000056fc0000,0x00000000570c0000)]
=>0x000000005512f800 JavaThread "C2 CompilerThread1" daemon [_thread_in_native, id=9476, stack(0x0000000056e50000,0x0000000056f50000)]
  0x000000005512d000 JavaThread "C2 CompilerThread0" daemon [_thread_in_native, id=9728, stack(0x0000000056c50000,0x0000000056d50000)]
  0x000000005644a800 JavaThread "Attach Listener" daemon [_thread_blocked, id=10140, stack(0x0000000056980000,0x0000000056a80000)]
  0x000000005512a000 JavaThread "Signal Dispatcher" daemon [_thread_blocked, id=9572, stack(0x0000000056840000,0x0000000056940000)]
  0x000000005510b800 JavaThread "Finalizer" daemon [_thread_blocked, id=6716, stack(0x0000000056340000,0x0000000056440000)]
  0x00000000550c2000 JavaThread "Reference Handler" daemon [_thread_blocked, id=9984, stack(0x00000000560a0000,0x00000000561a0000)]
  0x00000000025fe000 JavaThread "main" [_thread_blocked, id=8356, stack(0x00000000027b0000,0x00000000028b0000)]

Other Threads:
  0x00000000550bc800 VMThread [stack: 0x00000000561c0000,0x00000000562c0000] [id=7564]
  0x0000000056502800 WatcherThread [stack: 0x0000000057180000,0x0000000057280000] [id=9900]

VM state:not at safepoint (normal execution)

VM Mutex/Monitor currently owned by a thread: None

Heap:
 PSYoungGen      total 18944K, used 9763K [0x00000000eab00000, 0x00000000ed000000, 0x0000000100000000)
  eden space 16384K, 44% used [0x00000000eab00000,0x00000000eb20ef00,0x00000000ebb00000)
  from space 2560K, 99% used [0x00000000ebb00000,0x00000000ebd7a020,0x00000000ebd80000)
  to   space 2560K, 0% used [0x00000000ecd80000,0x00000000ecd80000,0x00000000ed000000)
 ParOldGen       total 44032K, used 1832K [0x00000000c0000000, 0x00000000c2b00000, 0x00000000eab00000)
  object space 44032K, 4% used [0x00000000c0000000,0x00000000c01ca210,0x00000000c2b00000)
 Metaspace       used 5821K, capacity 6808K, committed 7168K, reserved 1056768K
  class space    used 601K, capacity 656K, committed 768K, reserved 1048576K

Card table byte_map: [0x0000000011c70000,0x0000000011e80000] byte_map_base: 0x0000000011670000

Marking Bits: (ParMarkBitMap*) 0x000000007079a6d0
 Begin Bits: [0x0000000012530000, 0x0000000013530000)
 End Bits:   [0x0000000013530000, 0x0000000014530000)

Polling page: 0x0000000000230000

CodeCache: size=245760Kb used=3513Kb max_used=3524Kb free=242246Kb
 bounds [0x00000000028b0000, 0x0000000002c30000, 0x00000000118b0000]
 total_blobs=1198 nmethods=928 adapters=183
 compilation: enabled

Compilation events (10 events):
Event: 0.886 Thread 0x0000000056459800  913       1       java.util.HashMap::size (5 bytes)
Event: 0.886 Thread 0x0000000056459800 nmethod 913 0x0000000002c1f990 code [0x0000000002c1fae0, 0x0000000002c1fbf0]
Event: 0.889 Thread 0x000000005512d000 nmethod 928 0x0000000002c22ad0 code [0x0000000002c22c20, 0x0000000002c22e98]
Event: 0.894 Thread 0x0000000056459800  933       3       com.android.dx.cf.code.Ropper::getAvailableLabel (54 bytes)
Event: 0.894 Thread 0x000000005512d000  952       4       com.android.dx.rop.code.BasicBlockList$RegCountVisitor::visit (52 bytes)
Event: 0.895 Thread 0x0000000056459800 nmethod 933 0x0000000002c21a50 code [0x0000000002c21c20, 0x0000000002c225c8]
Event: 0.895 Thread 0x0000000056459800  935   !   3       com.android.dx.cf.code.Ropper::processBlock (1101 bytes)
Event: 0.898 Thread 0x000000005512d000 nmethod 952 0x0000000002c1fd90 code [0x0000000002c1fee0, 0x0000000002c20158]
Event: 0.899 Thread 0x000000005512d000  953       4       com.android.dx.util.IntList::sort (29 bytes)
Event: 0.900 Thread 0x000000005512d000 nmethod 953 0x0000000002c249d0 code [0x0000000002c24b20, 0x0000000002c24bc8]

GC Heap History (2 events):
Event: 0.713 GC heap before
{Heap before GC invocations=1 (full 0):
 PSYoungGen      total 18944K, used 16384K [0x00000000eab00000, 0x00000000ec000000, 0x0000000100000000)
  eden space 16384K, 100% used [0x00000000eab00000,0x00000000ebb00000,0x00000000ebb00000)
  from space 2560K, 0% used [0x00000000ebd80000,0x00000000ebd80000,0x00000000ec000000)
  to   space 2560K, 0% used [0x00000000ebb00000,0x00000000ebb00000,0x00000000ebd80000)
 ParOldGen       total 44032K, used 0K [0x00000000c0000000, 0x00000000c2b00000, 0x00000000eab00000)
  object space 44032K, 0% used [0x00000000c0000000,0x00000000c0000000,0x00000000c2b00000)
 Metaspace       used 5723K, capacity 6712K, committed 6784K, reserved 1056768K
  class space    used 600K, capacity 624K, committed 640K, reserved 1048576K
Event: 0.730 GC heap after
Heap after GC invocations=1 (full 0):
 PSYoungGen      total 18944K, used 2536K [0x00000000eab00000, 0x00000000ed000000, 0x0000000100000000)
  eden space 16384K, 0% used [0x00000000eab00000,0x00000000eab00000,0x00000000ebb00000)
  from space 2560K, 99% used [0x00000000ebb00000,0x00000000ebd7a020,0x00000000ebd80000)
  to   space 2560K, 0% used [0x00000000ecd80000,0x00000000ecd80000,0x00000000ed000000)
 ParOldGen       total 44032K, used 1832K [0x00000000c0000000, 0x00000000c2b00000, 0x00000000eab00000)
  object space 44032K, 4% used [0x00000000c0000000,0x00000000c01ca210,0x00000000c2b00000)
 Metaspace       used 5723K, capacity 6712K, committed 6784K, reserved 1056768K
  class space    used 600K, capacity 624K, committed 640K, reserved 1048576K
}

Deoptimization events (2 events):
Event: 0.673 Thread 0x0000000056664000 Uncommon trap: reason=unstable_if action=reinterpret pc=0x0000000002aac7a4 method=java.util.BitSet.ensureCapacity(I)V @ 6
Event: 0.674 Thread 0x0000000056664000 Uncommon trap: reason=unstable_if action=reinterpret pc=0x0000000002b277e0 method=java.util.BitSet.ensureCapacity(I)V @ 6

Internal exceptions (2 events):
Event: 0.043 Thread 0x00000000025fe000 Exception <a 'java/lang/NoSuchMethodError': Method sun.misc.Unsafe.defineClass(Ljava/lang/String;[BII)Ljava/lang/Class; name or signature does not match> (0x00000000eab07cc0) thrown at [C:\re\workspace\8-2-build-windows-amd64-cygwin\jdk8u101\7261\hotspot\sC*=хиж?
Event: 0.043 Thread 0x00000000025fe000 Exception <a 'java/lang/NoSuchMethodError': Method sun.misc.Unsafe.prefetchRead(Ljava/lang/Object;J)V name or signature does not match> (0x00000000eab07fa8) thrown at [C:\re\workspace\8-2-build-windows-amd64-cygwin\jdk8u101\7261\hotspot\src\share\vm\prims\

Events (10 events):
Event: 0.730 Executing VM operation: ParallelGCFailedAllocation done
Event: 0.741 loading class com/android/dx/dex/file/FieldAnnotationStruct
Event: 0.741 loading class com/android/dx/dex/file/FieldAnnotationStruct done
Event: 0.791 loading class java/util/DualPivotQuicksort
Event: 0.791 loading class java/util/DualPivotQuicksort done
Event: 0.794 Thread 0x0000000056687000 Thread exited: 0x0000000056687000
Event: 0.796 Thread 0x00000000565f4000 Thread exited: 0x00000000565f4000
Event: 0.831 Thread 0x0000000056664000 Thread exited: 0x0000000056664000
Event: 0.890 Thread 0x000000005666c000 DEOPT PACKING pc=0x0000000002aedc7a sp=0x000000005787eb40
Event: 0.890 Thread 0x000000005666c000 DEOPT UNPACKING pc=0x00000000028f787f sp=0x000000005787e8b8 mode 0


Dynamic libraries:
0x000000013f600000 - 0x000000013f637000 	C:\Program Files\Java\jdk1.8.0_101\bin\java.exe
0x00000000770d0000 - 0x0000000077279000 	C:\Windows\SYSTEM32\ntdll.dll
0x0000000076eb0000 - 0x0000000076fcf000 	C:\Windows\system32\kernel32.dll
0x000007fefd320000 - 0x000007fefd38c000 	C:\Windows\system32\KERNELBASE.dll
0x000007fefd520000 - 0x000007fefd5fb000 	C:\Windows\system32\ADVAPI32.dll
0x000007fefe2e0000 - 0x000007fefe37f000 	C:\Windows\system32\msvcrt.dll
0x000007fefdd40000 - 0x000007fefdd5f000 	C:\Windows\SYSTEM32\sechost.dll
0x000007feff1a0000 - 0x000007feff2cd000 	C:\Windows\system32\RPCRT4.dll
0x0000000076fd0000 - 0x00000000770ca000 	C:\Windows\system32\USER32.dll
0x000007fefe380000 - 0x000007fefe3e7000 	C:\Windows\system32\GDI32.dll
0x000007fefdd60000 - 0x000007fefdd6e000 	C:\Windows\system32\LPK.dll
0x000007fefdfa0000 - 0x000007fefe069000 	C:\Windows\system32\USP10.dll
0x000007fefbc10000 - 0x000007fefbe04000 	C:\Windows\WinSxS\amd64_microsoft.windows.common-controls_6595b64144ccf1df_6.0.7601.17514_none_fa396087175ac9ac\COMCTL32.dll
0x000007fefd870000 - 0x000007fefd8e1000 	C:\Windows\system32\SHLWAPI.dll
0x000007fefdd10000 - 0x000007fefdd3e000 	C:\Windows\system32\IMM32.DLL
0x000007feff2d0000 - 0x000007feff3d9000 	C:\Windows\system32\MSCTF.dll
0x0000000078a40000 - 0x0000000078b12000 	C:\Program Files\Java\jdk1.8.0_101\jre\bin\msvcr100.dll
0x000000006ff80000 - 0x000000007081a000 	C:\Program Files\Java\jdk1.8.0_101\jre\bin\server\jvm.dll
0x000007fefaba0000 - 0x000007fefaba9000 	C:\Windows\system32\WSOCK32.dll
0x000007fefdd70000 - 0x000007fefddbd000 	C:\Windows\system32\WS2_32.dll
0x000007fefe2d0000 - 0x000007fefe2d8000 	C:\Windows\system32\NSI.dll
0x000007fefb1b0000 - 0x000007fefb1eb000 	C:\Windows\system32\WINMM.dll
0x000007fefc130000 - 0x000007fefc13c000 	C:\Windows\system32\VERSION.dll
0x0000000077290000 - 0x0000000077297000 	C:\Windows\system32\PSAPI.DLL
0x000000005d5e0000 - 0x000000005d5ef000 	C:\Program Files\Java\jdk1.8.0_101\jre\bin\verify.dll
0x0000000059450000 - 0x0000000059479000 	C:\Program Files\Java\jdk1.8.0_101\jre\bin\java.dll
0x0000000059160000 - 0x0000000059176000 	C:\Program Files\Java\jdk1.8.0_101\jre\bin\zip.dll
0x000007fefe410000 - 0x000007feff198000 	C:\Windows\system32\SHELL32.dll
0x000007fefd660000 - 0x000007fefd863000 	C:\Windows\system32\ole32.dll
0x000007fefd020000 - 0x000007fefd02f000 	C:\Windows\system32\profapi.dll

VM Arguments:
jvm_args: -Djava.awt.headless=true -Xmx1024M -Dfile.encoding=GBK -Duser.country=CN -Duser.language=zh -Duser.variant 
java_command: com.android.dx.command.Main --dex --num-threads=4 --output C:\Users\miaochangchun\Downloads\TTSMulti\app\build\intermediates\pre-dexed\debug\hcicloud_player-5.0_8d6e65e65136b421359f5d239075863175589325.jar C:\Users\miaochangchun\Downloads\TTSMulti\app\libs\hcicloud_player-5.0.jar
java_class_path (initial): C:\Users\miaochangchun\AppData\Local\Android\Sdk\build-tools\24.0.0\lib\dx.jar
Launcher Type: SUN_STANDARD

Environment Variables:
JAVA_HOME=C:\Program Files\Java\jdk1.8.0_101
CLASSPATH=.;C:\Program Files\Java\jdk1.8.0_101\lib\dt.jar;C:\Program Files\Java\jdk1.8.0_101\lib\tools.jar;
PATH=C:\ProgramData\Oracle\Java\javapath;C:\Program Files (x86)\NVIDIA Corporation\PhysX\Common;C:\Windows\system32;C:\Windows;C:\Windows\System32\Wbem;C:\Windows\System32\WindowsPowerShell\v1.0\;C:\Program Files (x86)\Microsoft SQL Server\90\Tools\binn\;C:\Program Files\Java\jdk1.8.0_101\bin;C:\Program Files\Java\jdk1.8.0_101\jre\bin;C:\Program Files (x86)\MySQL\MySQL Server 5.0\bin;C:\MinGW\bin;C:\Users\miaochangchun\Downloads\apache-maven-3.3.9-bin\apache-maven-3.3.9\bin;D:\wamp\php-7.0.10-Win32-VC14-x64;D:\wamp\php-7.0.10-Win32-VC14-x64\ext;D:\adt-bundle-windows-x86-20130522\sdk\build-tools;D:\adt-bundle-windows-x86-20130522\sdk\platform-tools;D:\adt-bundle-windows-x86-20130522\sdk\tools;C:\Program Files (x86)\Skype\Phone\
USERNAME=miaochangchun
OS=Windows_NT
PROCESSOR_IDENTIFIER=Intel64 Family 6 Model 60 Stepping 3, GenuineIntel



---------------  S Y S T E M  ---------------

OS: Windows 7 , 64 bit Build 7601 (6.1.7601.17965)

CPU:total 4 (2 cores per cpu, 2 threads per core) family 6 model 60 stepping 3, cmov, cx8, fxsr, mmx, sse, sse2, sse3, ssse3, sse4.1, sse4.2, popcnt, avx, avx2, aes, clmul, erms, lzcnt, ht, tsc, tscinvbit, bmi1, bmi2

Memory: 4k page, physical 4145832k(298584k free), swap 8337252k(5116k free)

vm_info: Java HotSpot(TM) 64-Bit Server VM (25.101-b13) for windows-amd64 JRE (1.8.0_101-b13), built on Jun 22 2016 01:21:29 by "java_re" with MS VC++ 10.0 (VS2010)

time: Mon Oct 24 21:04:57 2016
elapsed time: 0 seconds (0d 0h 0m 0s)

