#
# There is insufficient memory for the Java Runtime Environment to continue.
# Native memory allocation (malloc) failed to allocate 936976 bytes for Chunk::new
# Possible reasons:
#   The system is out of physical RAM or swap space
#   In 32 bit mode, the process size limit was hit
# Possible solutions:
#   Reduce memory load on the system
#   Increase physical memory or swap space
#   Check if swap backing store is full
#   Use 64 bit Java on a 64 bit OS
#   Decrease Java heap size (-Xmx/-Xms)
#   Decrease number of Java threads
#   Decrease Java thread stack sizes (-Xss)
#   Set larger code cache with -XX:ReservedCodeCacheSize=
# This output file may be truncated or incomplete.
#
#  Out of Memory Error (allocation.cpp:390), pid=7780, tid=0x0000000000001e08
#
# JRE version: Java(TM) SE Runtime Environment (8.0_101-b13) (build 1.8.0_101-b13)
# Java VM: Java HotSpot(TM) 64-Bit Server VM (25.101-b13 mixed mode windows-amd64 compressed oops)
# Failed to write core dump. Minidumps are not enabled by default on client versions of Windows
#

---------------  T H R E A D  ---------------

Current thread (0x00000000553fc000):  JavaThread "C2 CompilerThread0" daemon [_thread_in_native, id=7688, stack(0x0000000056f00000,0x0000000057000000)]

Stack: [0x0000000056f00000,0x0000000057000000]
[error occurred during error reporting (printing stack bounds), id 0xc0000005]

Native frames: (J=compiled Java code, j=interpreted, Vv=VM code, C=native code)


Current CompileTask:
C2:   2463 1907   !   4       com.android.dx.cf.code.RopperMachine::run (1550 bytes)


---------------  P R O C E S S  ---------------

Java Threads: ( => current thread )
  0x0000000057350800 JavaThread "pool-1-thread-4" [_thread_blocked, id=6072, stack(0x00000000581e0000,0x00000000582e0000)]
  0x000000005734d000 JavaThread "pool-1-thread-3" [_thread_blocked, id=9668, stack(0x0000000057e90000,0x0000000057f90000)]
  0x0000000057358000 JavaThread "pool-1-thread-2" [_thread_in_Java, id=8740, stack(0x0000000057ff0000,0x00000000580f0000)]
  0x00000000569bc000 JavaThread "pool-2-thread-1" [_thread_blocked, id=10088, stack(0x0000000057d70000,0x0000000057e70000)]
  0x00000000569ba000 JavaThread "pool-1-thread-1" [_thread_blocked, id=9944, stack(0x0000000057b30000,0x0000000057c30000)]
  0x0000000056644800 JavaThread "Service Thread" daemon [_thread_blocked, id=7724, stack(0x00000000570e0000,0x00000000571e0000)]
  0x000000005660e000 JavaThread "C1 CompilerThread2" daemon [_thread_blocked, id=1564, stack(0x0000000056be0000,0x0000000056ce0000)]
  0x00000000565d8000 JavaThread "C2 CompilerThread1" daemon [_thread_in_native, id=9356, stack(0x0000000056e00000,0x0000000056f00000)]
=>0x00000000553fc000 JavaThread "C2 CompilerThread0" daemon [_thread_in_native, id=7688, stack(0x0000000056f00000,0x0000000057000000)]
  0x00000000565cb000 JavaThread "Attach Listener" daemon [_thread_blocked, id=9720, stack(0x0000000056cf0000,0x0000000056df0000)]
  0x00000000553f9800 JavaThread "Signal Dispatcher" daemon [_thread_blocked, id=4208, stack(0x0000000056a20000,0x0000000056b20000)]
  0x00000000553d4800 JavaThread "Finalizer" daemon [_thread_blocked, id=9300, stack(0x00000000563a0000,0x00000000564a0000)]
  0x0000000055393000 JavaThread "Reference Handler" daemon [_thread_blocked, id=9884, stack(0x00000000564c0000,0x00000000565c0000)]
  0x00000000025ae000 JavaThread "main" [_thread_blocked, id=9452, stack(0x0000000002880000,0x0000000002980000)]

Other Threads:
  0x000000005538b800 VMThread [stack: 0x00000000561d0000,0x00000000562d0000] [id=8712]
  0x0000000056683800 WatcherThread [stack: 0x00000000571f0000,0x00000000572f0000] [id=8840]

VM state:not at safepoint (normal execution)

VM Mutex/Monitor currently owned by a thread: None

Heap:
 PSYoungGen      total 143360K, used 70744K [0x00000000eab00000, 0x00000000f4d00000, 0x0000000100000000)
  eden space 128512K, 44% used [0x00000000eab00000,0x00000000ee34d6a8,0x00000000f2880000)
  from space 14848K, 88% used [0x00000000f3980000,0x00000000f4648990,0x00000000f4800000)
  to   space 17408K, 0% used [0x00000000f2880000,0x00000000f2880000,0x00000000f3980000)
 ParOldGen       total 44032K, used 23865K [0x00000000c0000000, 0x00000000c2b00000, 0x00000000eab00000)
  object space 44032K, 54% used [0x00000000c0000000,0x00000000c174e7d0,0x00000000c2b00000)
 Metaspace       used 6462K, capacity 7222K, committed 7296K, reserved 1056768K
  class space    used 609K, capacity 622K, committed 640K, reserved 1048576K

Card table byte_map: [0x0000000011d40000,0x0000000011f50000] byte_map_base: 0x0000000011740000

Marking Bits: (ParMarkBitMap*) 0x000000007079a6d0
 Begin Bits: [0x0000000012800000, 0x0000000013800000)
 End Bits:   [0x0000000013800000, 0x0000000014800000)

Polling page: 0x0000000000130000

CodeCache: size=245760Kb used=7366Kb max_used=7366Kb free=238393Kb
 bounds [0x0000000002980000, 0x00000000030c0000, 0x0000000011980000]
 total_blobs=2155 nmethods=1883 adapters=184
 compilation: enabled

Compilation events (10 events):
Event: 2.352 Thread 0x000000005660e000 1932       2       java.util.concurrent.locks.ReentrantLock$FairSync::lock (6 bytes)
Event: 2.352 Thread 0x000000005660e000 nmethod 1932 0x00000000030aef50 code [0x00000000030af0e0, 0x00000000030af2f8]
Event: 2.358 Thread 0x000000005660e000 1934   !   2       java.util.zip.Inflater::setInput (74 bytes)
Event: 2.359 Thread 0x000000005660e000 nmethod 1934 0x00000000030ae710 code [0x00000000030ae8a0, 0x00000000030aed18]
Event: 2.383 Thread 0x000000005660e000 1936       2       com.android.dx.cf.code.SwitchList::getTarget (9 bytes)
Event: 2.383 Thread 0x000000005660e000 nmethod 1936 0x00000000030ae350 code [0x00000000030ae4c0, 0x00000000030ae628]
Event: 2.399 Thread 0x000000005660e000 1938       2       com.android.dx.rop.code.SwitchInsn::<init> (49 bytes)
Event: 2.400 Thread 0x000000005660e000 nmethod 1938 0x00000000030add10 code [0x00000000030adea0, 0x00000000030ae1a8]
Event: 2.426 Thread 0x000000005660e000 1939       2       java.util.concurrent.ArrayBlockingQueue::enqueue (53 bytes)
Event: 2.426 Thread 0x000000005660e000 nmethod 1939 0x00000000030ad5d0 code [0x00000000030ad760, 0x00000000030adaa8]

GC Heap History (10 events):
Event: 0.832 GC heap before
{Heap before GC invocations=2 (full 0):
 PSYoungGen      total 18944K, used 18045K [0x00000000eab00000, 0x00000000ed000000, 0x0000000100000000)
  eden space 16384K, 100% used [0x00000000eab00000,0x00000000ebb00000,0x00000000ebb00000)
  from space 2560K, 64% used [0x00000000ebb00000,0x00000000ebc9f628,0x00000000ebd80000)
  to   space 2560K, 0% used [0x00000000ecd80000,0x00000000ecd80000,0x00000000ed000000)
 ParOldGen       total 44032K, used 0K [0x00000000c0000000, 0x00000000c2b00000, 0x00000000eab00000)
  object space 44032K, 0% used [0x00000000c0000000,0x00000000c0000000,0x00000000c2b00000)
 Metaspace       used 5923K, capacity 6836K, committed 7040K, reserved 1056768K
  class space    used 606K, capacity 620K, committed 640K, reserved 1048576K
Event: 0.844 GC heap after
Heap after GC invocations=2 (full 0):
 PSYoungGen      total 35328K, used 2545K [0x00000000eab00000, 0x00000000ed000000, 0x0000000100000000)
  eden space 32768K, 0% used [0x00000000eab00000,0x00000000eab00000,0x00000000ecb00000)
  from space 2560K, 99% used [0x00000000ecd80000,0x00000000ecffc7a8,0x00000000ed000000)
  to   space 2560K, 0% used [0x00000000ecb00000,0x00000000ecb00000,0x00000000ecd80000)
 ParOldGen       total 44032K, used 2445K [0x00000000c0000000, 0x00000000c2b00000, 0x00000000eab00000)
  object space 44032K, 5% used [0x00000000c0000000,0x00000000c0263670,0x00000000c2b00000)
 Metaspace       used 5923K, capacity 6836K, committed 7040K, reserved 1056768K
  class space    used 606K, capacity 620K, committed 640K, reserved 1048576K
}
Event: 1.131 GC heap before
{Heap before GC invocations=3 (full 0):
 PSYoungGen      total 35328K, used 35313K [0x00000000eab00000, 0x00000000ed000000, 0x0000000100000000)
  eden space 32768K, 100% used [0x00000000eab00000,0x00000000ecb00000,0x00000000ecb00000)
  from space 2560K, 99% used [0x00000000ecd80000,0x00000000ecffc7a8,0x00000000ed000000)
  to   space 2560K, 0% used [0x00000000ecb00000,0x00000000ecb00000,0x00000000ecd80000)
 ParOldGen       total 44032K, used 2445K [0x00000000c0000000, 0x00000000c2b00000, 0x00000000eab00000)
  object space 44032K, 5% used [0x00000000c0000000,0x00000000c0263670,0x00000000c2b00000)
 Metaspace       used 6188K, capacity 7030K, committed 7296K, reserved 1056768K
  class space    used 608K, capacity 622K, committed 640K, reserved 1048576K
Event: 1.147 GC heap after
Heap after GC invocations=3 (full 0):
 PSYoungGen      total 35328K, used 2539K [0x00000000eab00000, 0x00000000ef000000, 0x0000000100000000)
  eden space 32768K, 0% used [0x00000000eab00000,0x00000000eab00000,0x00000000ecb00000)
  from space 2560K, 99% used [0x00000000ecb00000,0x00000000ecd7adb0,0x00000000ecd80000)
  to   space 2560K, 0% used [0x00000000eed80000,0x00000000eed80000,0x00000000ef000000)
 ParOldGen       total 44032K, used 8567K [0x00000000c0000000, 0x00000000c2b00000, 0x00000000eab00000)
  object space 44032K, 19% used [0x00000000c0000000,0x00000000c085dd58,0x00000000c2b00000)
 Metaspace       used 6188K, capacity 7030K, committed 7296K, reserved 1056768K
  class space    used 608K, capacity 622K, committed 640K, reserved 1048576K
}
Event: 1.344 GC heap before
{Heap before GC invocations=4 (full 0):
 PSYoungGen      total 35328K, used 35307K [0x00000000eab00000, 0x00000000ef000000, 0x0000000100000000)
  eden space 32768K, 100% used [0x00000000eab00000,0x00000000ecb00000,0x00000000ecb00000)
  from space 2560K, 99% used [0x00000000ecb00000,0x00000000ecd7adb0,0x00000000ecd80000)
  to   space 2560K, 0% used [0x00000000eed80000,0x00000000eed80000,0x00000000ef000000)
 ParOldGen       total 44032K, used 8567K [0x00000000c0000000, 0x00000000c2b00000, 0x00000000eab00000)
  object space 44032K, 19% used [0x00000000c0000000,0x00000000c085dd58,0x00000000c2b00000)
 Metaspace       used 6245K, capacity 7094K, committed 7296K, reserved 1056768K
  class space    used 609K, capacity 622K, committed 640K, reserved 1048576K
Event: 1.362 GC heap after
Heap after GC invocations=4 (full 0):
 PSYoungGen      total 68096K, used 2529K [0x00000000eab00000, 0x00000000ef000000, 0x0000000100000000)
  eden space 65536K, 0% used [0x00000000eab00000,0x00000000eab00000,0x00000000eeb00000)
  from space 2560K, 98% used [0x00000000eed80000,0x00000000eeff85c0,0x00000000ef000000)
  to   space 2560K, 0% used [0x00000000eeb00000,0x00000000eeb00000,0x00000000eed80000)
 ParOldGen       total 44032K, used 13194K [0x00000000c0000000, 0x00000000c2b00000, 0x00000000eab00000)
  object space 44032K, 29% used [0x00000000c0000000,0x00000000c0ce2b30,0x00000000c2b00000)
 Metaspace       used 6245K, capacity 7094K, committed 7296K, reserved 1056768K
  class space    used 609K, capacity 622K, committed 640K, reserved 1048576K
}
Event: 1.597 GC heap before
{Heap before GC invocations=5 (full 0):
 PSYoungGen      total 68096K, used 68065K [0x00000000eab00000, 0x00000000ef000000, 0x0000000100000000)
  eden space 65536K, 100% used [0x00000000eab00000,0x00000000eeb00000,0x00000000eeb00000)
  from space 2560K, 98% used [0x00000000eed80000,0x00000000eeff85c0,0x00000000ef000000)
  to   space 2560K, 0% used [0x00000000eeb00000,0x00000000eeb00000,0x00000000eed80000)
 ParOldGen       total 44032K, used 13194K [0x00000000c0000000, 0x00000000c2b00000, 0x00000000eab00000)
  object space 44032K, 29% used [0x00000000c0000000,0x00000000c0ce2b30,0x00000000c2b00000)
 Metaspace       used 6253K, capacity 7094K, committed 7296K, reserved 1056768K
  class space    used 609K, capacity 622K, committed 640K, reserved 1048576K
Event: 1.623 GC heap after
Heap after GC invocations=5 (full 0):
 PSYoungGen      total 68096K, used 2529K [0x00000000eab00000, 0x00000000f4800000, 0x0000000100000000)
  eden space 65536K, 0% used [0x00000000eab00000,0x00000000eab00000,0x00000000eeb00000)
  from space 2560K, 98% used [0x00000000eeb00000,0x00000000eed785c0,0x00000000eed80000)
  to   space 14848K, 0% used [0x00000000f3980000,0x00000000f3980000,0x00000000f4800000)
 ParOldGen       total 44032K, used 23857K [0x00000000c0000000, 0x00000000c2b00000, 0x00000000eab00000)
  object space 44032K, 54% used [0x00000000c0000000,0x00000000c174c7d0,0x00000000c2b00000)
 Metaspace       used 6253K, capacity 7094K, committed 7296K, reserved 1056768K
  class space    used 609K, capacity 622K, committed 640K, reserved 1048576K
}
Event: 1.986 GC heap before
{Heap before GC invocations=6 (full 0):
 PSYoungGen      total 68096K, used 68065K [0x00000000eab00000, 0x00000000f4800000, 0x0000000100000000)
  eden space 65536K, 100% used [0x00000000eab00000,0x00000000eeb00000,0x00000000eeb00000)
  from space 2560K, 98% used [0x00000000eeb00000,0x00000000eed785c0,0x00000000eed80000)
  to   space 14848K, 0% used [0x00000000f3980000,0x00000000f3980000,0x00000000f4800000)
 ParOldGen       total 44032K, used 23857K [0x00000000c0000000, 0x00000000c2b00000, 0x00000000eab00000)
  object space 44032K, 54% used [0x00000000c0000000,0x00000000c174c7d0,0x00000000c2b00000)
 Metaspace       used 6441K, capacity 7222K, committed 7296K, reserved 1056768K
  class space    used 609K, capacity 622K, committed 640K, reserved 1048576K
Event: 2.033 GC heap after
Heap after GC invocations=6 (full 0):
 PSYoungGen      total 143360K, used 13090K [0x00000000eab00000, 0x00000000f4d00000, 0x0000000100000000)
  eden space 128512K, 0% used [0x00000000eab00000,0x00000000eab00000,0x00000000f2880000)
  from space 14848K, 88% used [0x00000000f3980000,0x00000000f4648990,0x00000000f4800000)
  to   space 17408K, 0% used [0x00000000f2880000,0x00000000f2880000,0x00000000f3980000)
 ParOldGen       total 44032K, used 23865K [0x00000000c0000000, 0x00000000c2b00000, 0x00000000eab00000)
  object space 44032K, 54% used [0x00000000c0000000,0x00000000c174e7d0,0x00000000c2b00000)
 Metaspace       used 6441K, capacity 7222K, committed 7296K, reserved 1056768K
  class space    used 609K, capacity 622K, committed 640K, reserved 1048576K
}

Deoptimization events (10 events):
Event: 1.420 Thread 0x00000000569ba000 Uncommon trap: reason=unstable_if action=reinterpret pc=0x0000000002db81cc method=com.android.dx.ssa.SsaMethod.updateOneDefinition(Lcom/android/dx/ssa/SsaInsn;Lcom/android/dx/rop/code/RegisterSpec;)V @ 4
Event: 1.548 Thread 0x00000000569ba000 Uncommon trap: reason=bimorphic action=maybe_recompile pc=0x0000000002f7c078 method=com.android.dx.cf.code.BytecodeArray.parseInstruction(ILcom/android/dx/cf/code/BytecodeArray$Visitor;)I @ 1130
Event: 1.549 Thread 0x00000000569ba000 Uncommon trap: reason=bimorphic action=maybe_recompile pc=0x0000000002f7c078 method=com.android.dx.cf.code.BytecodeArray.parseInstruction(ILcom/android/dx/cf/code/BytecodeArray$Visitor;)I @ 1130
Event: 1.788 Thread 0x0000000057350800 Uncommon trap: reason=unstable_if action=reinterpret pc=0x0000000002f1f578 method=com.android.dx.ssa.SCCP.simulateStmt(Lcom/android/dx/ssa/SsaInsn;)V @ 53
Event: 1.793 Thread 0x0000000057350800 Uncommon trap: reason=bimorphic action=maybe_recompile pc=0x0000000002fc11c0 method=com.android.dx.rop.code.RegisterSpec.withSimpleType()Lcom/android/dx/rop/code/RegisterSpec; @ 21
Event: 1.793 Thread 0x0000000057350800 Uncommon trap: reason=bimorphic action=maybe_recompile pc=0x0000000002f310ac method=java.util.HashMap.putVal(ILjava/lang/Object;Ljava/lang/Object;ZZ)Ljava/lang/Object; @ 203
Event: 1.794 Thread 0x0000000057350800 Uncommon trap: reason=bimorphic action=maybe_recompile pc=0x0000000002fc11c0 method=com.android.dx.rop.code.RegisterSpec.withSimpleType()Lcom/android/dx/rop/code/RegisterSpec; @ 21
Event: 1.806 Thread 0x0000000057350800 Uncommon trap: reason=uninitialized action=reinterpret pc=0x0000000002f7bab0 method=com.android.dx.cf.code.BytecodeArray.parseInstruction(ILcom/android/dx/cf/code/BytecodeArray$Visitor;)I @ 1079
Event: 1.973 Thread 0x000000005734d000 Uncommon trap: reason=bimorphic action=maybe_recompile pc=0x0000000002fc11c0 method=com.android.dx.rop.code.RegisterSpec.withSimpleType()Lcom/android/dx/rop/code/RegisterSpec; @ 21
Event: 1.973 Thread 0x000000005734d000 Uncommon trap: reason=bimorphic action=maybe_recompile pc=0x0000000002fc11c0 method=com.android.dx.rop.code.RegisterSpec.withSimpleType()Lcom/android/dx/rop/code/RegisterSpec; @ 21

Internal exceptions (2 events):
Event: 0.053 Thread 0x00000000025ae000 Exception <a 'java/lang/NoSuchMethodError': Method sun.misc.Unsafe.defineClass(Ljava/lang/String;[BII)Ljava/lang/Class; name or signature does not match> (0x00000000eab07cc0) thrown at [C:\re\workspace\8-2-build-windows-amd64-cygwin\jdk8u101\7261\hotspot\s{aÖ¿.«?
Event: 0.053 Thread 0x00000000025ae000 Exception <a 'java/lang/NoSuchMethodError': Method sun.misc.Unsafe.prefetchRead(Ljava/lang/Object;J)V name or signature does not match> (0x00000000eab07fa8) thrown at [C:\re\workspace\8-2-build-windows-amd64-cygwin\jdk8u101\7261\hotspot\src\share\vm\prims\

Events (10 events):
Event: 1.973 Thread 0x000000005734d000 Uncommon trap: trap_request=0xffffffc6 fr.pc=0x0000000002fc11c0
Event: 1.973 Thread 0x000000005734d000 DEOPT PACKING pc=0x0000000002fc11c0 sp=0x0000000057f8eaa0
Event: 1.973 Thread 0x000000005734d000 DEOPT UNPACKING pc=0x00000000029c582a sp=0x0000000057f8ea38 mode 2
Event: 1.973 Thread 0x000000005734d000 Uncommon trap: trap_request=0xffffffc6 fr.pc=0x0000000002fc11c0
Event: 1.973 Thread 0x000000005734d000 DEOPT PACKING pc=0x0000000002fc11c0 sp=0x0000000057f8eaa0
Event: 1.973 Thread 0x000000005734d000 DEOPT UNPACKING pc=0x00000000029c582a sp=0x0000000057f8ea38 mode 2
Event: 1.986 Executing VM operation: ParallelGCFailedAllocation
Event: 2.033 Executing VM operation: ParallelGCFailedAllocation done
Event: 2.054 Thread 0x00000000569ba000 DEOPT PACKING pc=0x0000000002f9c8ff sp=0x0000000057c2efe0
Event: 2.054 Thread 0x00000000569ba000 DEOPT UNPACKING pc=0x00000000029c787f sp=0x0000000057c2edd8 mode 0


Dynamic libraries:
0x000000013f600000 - 0x000000013f637000 	C:\Program Files\Java\jdk1.8.0_101\bin\java.exe
0x00000000770d0000 - 0x0000000077279000 	C:\Windows\SYSTEM32\ntdll.dll
0x0000000076eb0000 - 0x0000000076fcf000 	C:\Windows\system32\kernel32.dll
0x000007fefd320000 - 0x000007fefd38c000 	C:\Windows\system32\KERNELBASE.dll
0x000007fefd520000 - 0x000007fefd5fb000 	C:\Windows\system32\ADVAPI32.dll
0x000007fefe2e0000 - 0x000007fefe37f000 	C:\Windows\system32\msvcrt.dll
0x000007fefdd40000 - 0x000007fefdd5f000 	C:\Windows\SYSTEM32\sechost.dll
0x000007feff1a0000 - 0x000007feff2cd000 	C:\Windows\system32\RPCRT4.dll
0x0000000076fd0000 - 0x00000000770ca000 	C:\Windows\system32\USER32.dll
0x000007fefe380000 - 0x000007fefe3e7000 	C:\Windows\system32\GDI32.dll
0x000007fefdd60000 - 0x000007fefdd6e000 	C:\Windows\system32\LPK.dll
0x000007fefdfa0000 - 0x000007fefe069000 	C:\Windows\system32\USP10.dll
0x000007fefbc10000 - 0x000007fefbe04000 	C:\Windows\WinSxS\amd64_microsoft.windows.common-controls_6595b64144ccf1df_6.0.7601.17514_none_fa396087175ac9ac\COMCTL32.dll
0x000007fefd870000 - 0x000007fefd8e1000 	C:\Windows\system32\SHLWAPI.dll
0x000007fefdd10000 - 0x000007fefdd3e000 	C:\Windows\system32\IMM32.DLL
0x000007feff2d0000 - 0x000007feff3d9000 	C:\Windows\system32\MSCTF.dll
0x0000000078a40000 - 0x0000000078b12000 	C:\Program Files\Java\jdk1.8.0_101\jre\bin\msvcr100.dll
0x000000006ff80000 - 0x000000007081a000 	C:\Program Files\Java\jdk1.8.0_101\jre\bin\server\jvm.dll
0x000007fefaba0000 - 0x000007fefaba9000 	C:\Windows\system32\WSOCK32.dll
0x000007fefdd70000 - 0x000007fefddbd000 	C:\Windows\system32\WS2_32.dll
0x000007fefe2d0000 - 0x000007fefe2d8000 	C:\Windows\system32\NSI.dll
0x000007fefb1b0000 - 0x000007fefb1eb000 	C:\Windows\system32\WINMM.dll
0x000007fefc130000 - 0x000007fefc13c000 	C:\Windows\system32\VERSION.dll
0x0000000077290000 - 0x0000000077297000 	C:\Windows\system32\PSAPI.DLL
0x000000005d5e0000 - 0x000000005d5ef000 	C:\Program Files\Java\jdk1.8.0_101\jre\bin\verify.dll
0x0000000059450000 - 0x0000000059479000 	C:\Program Files\Java\jdk1.8.0_101\jre\bin\java.dll
0x0000000059160000 - 0x0000000059176000 	C:\Program Files\Java\jdk1.8.0_101\jre\bin\zip.dll
0x000007fefe410000 - 0x000007feff198000 	C:\Windows\system32\SHELL32.dll
0x000007fefd660000 - 0x000007fefd863000 	C:\Windows\system32\ole32.dll
0x000007fefd020000 - 0x000007fefd02f000 	C:\Windows\system32\profapi.dll

VM Arguments:
jvm_args: -Djava.awt.headless=true -Xmx1024M -Dfile.encoding=GBK -Duser.country=CN -Duser.language=zh -Duser.variant 
java_command: com.android.dx.command.Main --dex --num-threads=4 --output C:\Users\miaochangchun\Downloads\TTSMulti\app\build\intermediates\pre-dexed\debug\com.android.support-support-v4-23.4.0_c862b82dad1fdd21753831cd78ff69526496dcd7.jar C:\Users\miaochangchun\Downloads\TTSMulti\app\build\intermediates\exploded-aar\com.android.support\support-v4\23.4.0\jars\classes.jar
java_class_path (initial): C:\Users\miaochangchun\AppData\Local\Android\Sdk\build-tools\24.0.0\lib\dx.jar
Launcher Type: SUN_STANDARD

Environment Variables:
JAVA_HOME=C:\Program Files\Java\jdk1.8.0_101
CLASSPATH=.;C:\Program Files\Java\jdk1.8.0_101\lib\dt.jar;C:\Program Files\Java\jdk1.8.0_101\lib\tools.jar;
PATH=C:\ProgramData\Oracle\Java\javapath;C:\Program Files (x86)\NVIDIA Corporation\PhysX\Common;C:\Windows\system32;C:\Windows;C:\Windows\System32\Wbem;C:\Windows\System32\WindowsPowerShell\v1.0\;C:\Program Files (x86)\Microsoft SQL Server\90\Tools\binn\;C:\Program Files\Java\jdk1.8.0_101\bin;C:\Program Files\Java\jdk1.8.0_101\jre\bin;C:\Program Files (x86)\MySQL\MySQL Server 5.0\bin;C:\MinGW\bin;C:\Users\miaochangchun\Downloads\apache-maven-3.3.9-bin\apache-maven-3.3.9\bin;D:\wamp\php-7.0.10-Win32-VC14-x64;D:\wamp\php-7.0.10-Win32-VC14-x64\ext;D:\adt-bundle-windows-x86-20130522\sdk\build-tools;D:\adt-bundle-windows-x86-20130522\sdk\platform-tools;D:\adt-bundle-windows-x86-20130522\sdk\tools;C:\Program Files (x86)\Skype\Phone\
USERNAME=miaochangchun
OS=Windows_NT
PROCESSOR_IDENTIFIER=Intel64 Family 6 Model 60 Stepping 3, GenuineIntel



---------------  S Y S T E M  ---------------

OS: Windows 7 , 64 bit Build 7601 (6.1.7601.17965)

CPU:total 4 (2 cores per cpu, 2 threads per core) family 6 model 60 stepping 3, cmov, cx8, fxsr, mmx, sse, sse2, sse3, ssse3, sse4.1, sse4.2, popcnt, avx, avx2, aes, clmul, erms, lzcnt, ht, tsc, tscinvbit, bmi1, bmi2

Memory: 4k page, physical 4145832k(231264k free), swap 8337252k(5836k free)

vm_info: Java HotSpot(TM) 64-Bit Server VM (25.101-b13) for windows-amd64 JRE (1.8.0_101-b13), built on Jun 22 2016 01:21:29 by "java_re" with MS VC++ 10.0 (VS2010)

time: Mon Oct 24 21:05:03 2016
elapsed time: 2 seconds (0d 0h 0m 2s)

