#
# There is insufficient memory for the Java Runtime Environment to continue.
# Native memory allocation (malloc) failed to allocate 131088 bytes for Chunk::new
# Possible reasons:
#   The system is out of physical RAM or swap space
#   In 32 bit mode, the process size limit was hit
# Possible solutions:
#   Reduce memory load on the system
#   Increase physical memory or swap space
#   Check if swap backing store is full
#   Use 64 bit Java on a 64 bit OS
#   Decrease Java heap size (-Xmx/-Xms)
#   Decrease number of Java threads
#   Decrease Java thread stack sizes (-Xss)
#   Set larger code cache with -XX:ReservedCodeCacheSize=
# This output file may be truncated or incomplete.
#
#  Out of Memory Error (allocation.cpp:390), pid=9944, tid=0x00000000000025a0
#
# JRE version: Java(TM) SE Runtime Environment (8.0_101-b13) (build 1.8.0_101-b13)
# Java VM: Java HotSpot(TM) 64-Bit Server VM (25.101-b13 mixed mode windows-amd64 compressed oops)
# Failed to write core dump. Minidumps are not enabled by default on client versions of Windows
#

---------------  T H R E A D  ---------------

Current thread (0x000000005515c800):  JavaThread "C2 CompilerThread0" daemon [_thread_in_native, id=9632, stack(0x0000000056da0000,0x0000000056ea0000)]

Stack: [0x0000000056da0000,0x0000000056ea0000]
[error occurred during error reporting (printing stack bounds), id 0xc0000005]

Native frames: (J=compiled Java code, j=interpreted, Vv=VM code, C=native code)


Current CompileTask:
C2:   1223 1098       4       com.android.dx.dex.code.OutputFinisher::addConstants (93 bytes)


---------------  P R O C E S S  ---------------

Java Threads: ( => current thread )
  0x00000000564f9800 JavaThread "Service Thread" daemon [_thread_blocked, id=9628, stack(0x0000000057350000,0x0000000057450000)]
  0x000000005648c800 JavaThread "C1 CompilerThread2" daemon [_thread_in_vm, id=2816, stack(0x0000000057100000,0x0000000057200000)]
  0x000000005648c000 JavaThread "C2 CompilerThread1" daemon [_thread_in_native, id=9248, stack(0x0000000056f50000,0x0000000057050000)]
=>0x000000005515c800 JavaThread "C2 CompilerThread0" daemon [_thread_in_native, id=9632, stack(0x0000000056da0000,0x0000000056ea0000)]
  0x000000005647a800 JavaThread "Attach Listener" daemon [_thread_blocked, id=9808, stack(0x0000000056bc0000,0x0000000056cc0000)]
  0x0000000055159800 JavaThread "Signal Dispatcher" daemon [_thread_blocked, id=9340, stack(0x0000000056990000,0x0000000056a90000)]
  0x000000005513d000 JavaThread "Finalizer" daemon [_thread_blocked, id=10040, stack(0x0000000056370000,0x0000000056470000)]
  0x00000000550f2000 JavaThread "Reference Handler" daemon [_thread_blocked, id=9764, stack(0x0000000056210000,0x0000000056310000)]
  0x000000000268e800 JavaThread "main" [_thread_blocked, id=2680, stack(0x00000000026a0000,0x00000000027a0000)]

Other Threads:
  0x00000000550ec800 VMThread [stack: 0x0000000056050000,0x0000000056150000] [id=9492]
  0x0000000056533800 WatcherThread [stack: 0x0000000057520000,0x0000000057620000] [id=9456]

VM state:not at safepoint (normal execution)

VM Mutex/Monitor currently owned by a thread: None

Heap:
 PSYoungGen      total 35328K, used 8351K [0x00000000eab00000, 0x00000000ed000000, 0x0000000100000000)
  eden space 32768K, 17% used [0x00000000eab00000,0x00000000eb0a8820,0x00000000ecb00000)
  from space 2560K, 99% used [0x00000000ecd80000,0x00000000ecfff7a0,0x00000000ed000000)
  to   space 2560K, 0% used [0x00000000ecb00000,0x00000000ecb00000,0x00000000ecd80000)
 ParOldGen       total 44032K, used 4001K [0x00000000c0000000, 0x00000000c2b00000, 0x00000000eab00000)
  object space 44032K, 9% used [0x00000000c0000000,0x00000000c03e8710,0x00000000c2b00000)
 Metaspace       used 6110K, capacity 7000K, committed 7168K, reserved 1056768K
  class space    used 623K, capacity 656K, committed 768K, reserved 1048576K

Card table byte_map: [0x0000000011b60000,0x0000000011d70000] byte_map_base: 0x0000000011560000

Marking Bits: (ParMarkBitMap*) 0x000000007079a6d0
 Begin Bits: [0x0000000012560000, 0x0000000013560000)
 End Bits:   [0x0000000013560000, 0x0000000014560000)

Polling page: 0x0000000000130000

CodeCache: size=245760Kb used=4166Kb max_used=4166Kb free=241593Kb
 bounds [0x00000000027a0000, 0x0000000002bc0000, 0x00000000117a0000]
 total_blobs=1403 nmethods=1128 adapters=184
 compilation: enabled

Compilation events (10 events):
Event: 1.219 Thread 0x000000005648c800 nmethod 1140 0x0000000002baf550 code [0x0000000002baf6a0, 0x0000000002baf7b0]
Event: 1.219 Thread 0x000000005648c800 1144   !   2       java.util.zip.ZipFile::getInputStream (304 bytes)
Event: 1.220 Thread 0x000000005648c800 nmethod 1144 0x0000000002baf810 code [0x0000000002bafa60, 0x0000000002bb0698]
Event: 1.220 Thread 0x000000005648c800 1145       2       java.util.zip.ZipFile$ZipFileInputStream::<init> (41 bytes)
Event: 1.220 Thread 0x000000005648c800 nmethod 1145 0x0000000002bb1150 code [0x0000000002bb12c0, 0x0000000002bb14b8]
Event: 1.220 Thread 0x000000005648c800 1146       2       java.util.zip.ZipFile::access$1100 (5 bytes)
Event: 1.220 Thread 0x000000005648c800 nmethod 1146 0x0000000002bb1610 code [0x0000000002bb1760, 0x0000000002bb18a8]
Event: 1.220 Thread 0x000000005648c800 1147       2       java.util.zip.ZipFile::access$1200 (5 bytes)
Event: 1.220 Thread 0x000000005648c800 nmethod 1147 0x0000000002bb1950 code [0x0000000002bb1aa0, 0x0000000002bb1be8]
Event: 1.220 Thread 0x000000005648c800 1143       2       java.util.zip.ZipEntry::setExtra0 (360 bytes)

GC Heap History (4 events):
Event: 0.849 GC heap before
{Heap before GC invocations=1 (full 0):
 PSYoungGen      total 18944K, used 16384K [0x00000000eab00000, 0x00000000ec000000, 0x0000000100000000)
  eden space 16384K, 100% used [0x00000000eab00000,0x00000000ebb00000,0x00000000ebb00000)
  from space 2560K, 0% used [0x00000000ebd80000,0x00000000ebd80000,0x00000000ec000000)
  to   space 2560K, 0% used [0x00000000ebb00000,0x00000000ebb00000,0x00000000ebd80000)
 ParOldGen       total 44032K, used 0K [0x00000000c0000000, 0x00000000c2b00000, 0x00000000eab00000)
  object space 44032K, 0% used [0x00000000c0000000,0x00000000c0000000,0x00000000c2b00000)
 Metaspace       used 5797K, capacity 6710K, committed 6784K, reserved 1056768K
  class space    used 607K, capacity 622K, committed 640K, reserved 1048576K
Event: 0.882 GC heap after
Heap after GC invocations=1 (full 0):
 PSYoungGen      total 18944K, used 2539K [0x00000000eab00000, 0x00000000ed000000, 0x0000000100000000)
  eden space 16384K, 0% used [0x00000000eab00000,0x00000000eab00000,0x00000000ebb00000)
  from space 2560K, 99% used [0x00000000ebb00000,0x00000000ebd7ae60,0x00000000ebd80000)
  to   space 2560K, 0% used [0x00000000ecd80000,0x00000000ecd80000,0x00000000ed000000)
 ParOldGen       total 44032K, used 2275K [0x00000000c0000000, 0x00000000c2b00000, 0x00000000eab00000)
  object space 44032K, 5% used [0x00000000c0000000,0x00000000c0238cb8,0x00000000c2b00000)
 Metaspace       used 5797K, capacity 6710K, committed 6784K, reserved 1056768K
  class space    used 607K, capacity 622K, committed 640K, reserved 1048576K
}
Event: 1.143 GC heap before
{Heap before GC invocations=2 (full 0):
 PSYoungGen      total 18944K, used 18923K [0x00000000eab00000, 0x00000000ed000000, 0x0000000100000000)
  eden space 16384K, 100% used [0x00000000eab00000,0x00000000ebb00000,0x00000000ebb00000)
  from space 2560K, 99% used [0x00000000ebb00000,0x00000000ebd7ae60,0x00000000ebd80000)
  to   space 2560K, 0% used [0x00000000ecd80000,0x00000000ecd80000,0x00000000ed000000)
 ParOldGen       total 44032K, used 2275K [0x00000000c0000000, 0x00000000c2b00000, 0x00000000eab00000)
  object space 44032K, 5% used [0x00000000c0000000,0x00000000c0238cb8,0x00000000c2b00000)
 Metaspace       used 5937K, capacity 6840K, committed 7040K, reserved 1056768K
  class space    used 610K, capacity 624K, committed 640K, reserved 1048576K
Event: 1.150 GC heap after
Heap after GC invocations=2 (full 0):
 PSYoungGen      total 35328K, used 2557K [0x00000000eab00000, 0x00000000ed000000, 0x0000000100000000)
  eden space 32768K, 0% used [0x00000000eab00000,0x00000000eab00000,0x00000000ecb00000)
  from space 2560K, 99% used [0x00000000ecd80000,0x00000000ecfff7a0,0x00000000ed000000)
  to   space 2560K, 0% used [0x00000000ecb00000,0x00000000ecb00000,0x00000000ecd80000)
 ParOldGen       total 44032K, used 4001K [0x00000000c0000000, 0x00000000c2b00000, 0x00000000eab00000)
  object space 44032K, 9% used [0x00000000c0000000,0x00000000c03e8710,0x00000000c2b00000)
 Metaspace       used 5937K, capacity 6840K, committed 7040K, reserved 1056768K
  class space    used 610K, capacity 624K, committed 640K, reserved 1048576K
}

Deoptimization events (10 events):
Event: 0.935 Thread 0x0000000056637000 Uncommon trap: reason=bimorphic action=maybe_recompile pc=0x000000000296425c method=java.util.HashMap.getNode(ILjava/lang/Object;)Ljava/util/HashMap$Node; @ 126
Event: 0.943 Thread 0x0000000056637000 Uncommon trap: reason=null_check action=make_not_entrant pc=0x00000000029d9b98 method=com.android.dx.rop.type.Type.equals(Ljava/lang/Object;)Z @ 8
Event: 1.054 Thread 0x000000005662f000 Uncommon trap: reason=unstable_if action=reinterpret pc=0x00000000029d6c9c method=com.android.dx.rop.code.RegisterSpecSet.put(Lcom/android/dx/rop/code/RegisterSpec;)V @ 77
Event: 1.054 Thread 0x000000005662f000 Uncommon trap: reason=unstable_if action=reinterpret pc=0x0000000002a416d8 method=com.android.dx.rop.code.RegisterSpecSet.put(Lcom/android/dx/rop/code/RegisterSpec;)V @ 77
Event: 1.057 Thread 0x000000005662f000 Uncommon trap: reason=bimorphic action=maybe_recompile pc=0x000000000296425c method=java.util.HashMap.getNode(ILjava/lang/Object;)Ljava/util/HashMap$Node; @ 126
Event: 1.151 Thread 0x000000005662f000 Uncommon trap: reason=unstable_if action=reinterpret pc=0x00000000029dca74 method=com.android.dx.rop.code.RegisterSpec.equals(ILcom/android/dx/rop/type/TypeBearer;Lcom/android/dx/rop/code/LocalItem;)Z @ 42
Event: 1.197 Thread 0x000000000268e800 Uncommon trap: reason=unstable_if action=reinterpret pc=0x0000000002b382cc method=java.util.HashMap.putVal(ILjava/lang/Object;Ljava/lang/Object;ZZ)Ljava/lang/Object; @ 94
Event: 1.207 Thread 0x000000000268e800 Uncommon trap: reason=bimorphic action=maybe_recompile pc=0x000000000296425c method=java.util.HashMap.getNode(ILjava/lang/Object;)Ljava/util/HashMap$Node; @ 126
Event: 1.207 Thread 0x000000000268e800 Uncommon trap: reason=bimorphic action=maybe_recompile pc=0x000000000296425c method=java.util.HashMap.getNode(ILjava/lang/Object;)Ljava/util/HashMap$Node; @ 126
Event: 1.207 Thread 0x000000000268e800 Uncommon trap: reason=bimorphic action=maybe_recompile pc=0x000000000295c45c method=java.util.HashMap.getNode(ILjava/lang/Object;)Ljava/util/HashMap$Node; @ 126

Internal exceptions (3 events):
Event: 0.036 Thread 0x000000000268e800 Exception <a 'java/lang/NoSuchMethodError': Method sun.misc.Unsafe.defineClass(Ljava/lang/String;[BII)Ljava/lang/Class; name or signature does not match> (0x00000000eab07cc0) thrown at [C:\re\workspace\8-2-build-windows-amd64-cygwin\jdk8u101\7261\hotspot\s-¾U°_¢?
Event: 0.036 Thread 0x000000000268e800 Exception <a 'java/lang/NoSuchMethodError': Method sun.misc.Unsafe.prefetchRead(Ljava/lang/Object;J)V name or signature does not match> (0x00000000eab07fa8) thrown at [C:\re\workspace\8-2-build-windows-amd64-cygwin\jdk8u101\7261\hotspot\src\share\vm\prims\mYµ¬ï(î?
Event: 0.942 Thread 0x0000000056637000 Implicit null exception at 0x00000000029d9a92 to 0x00000000029d9b8a

Events (10 events):
Event: 1.219 loading class com/android/dx/dex/code/LocalList$MakeState
Event: 1.219 loading class com/android/dx/dex/code/LocalList$MakeState done
Event: 1.220 loading class com/android/dx/dex/code/CatchHandlerList
Event: 1.220 loading class com/android/dx/dex/code/CatchHandlerList done
Event: 1.221 loading class com/android/dx/dex/code/CatchTable
Event: 1.221 loading class com/android/dx/dex/code/CatchTable done
Event: 1.221 loading class com/android/dx/dex/code/LocalList$Disposition
Event: 1.221 loading class com/android/dx/dex/code/LocalList$Disposition done
Event: 1.221 loading class com/android/dx/dex/code/LocalList$Entry
Event: 1.221 loading class com/android/dx/dex/code/LocalList$Entry done


Dynamic libraries:
0x000000013f600000 - 0x000000013f637000 	C:\Program Files\Java\jdk1.8.0_101\bin\java.exe
0x00000000770d0000 - 0x0000000077279000 	C:\Windows\SYSTEM32\ntdll.dll
0x0000000076eb0000 - 0x0000000076fcf000 	C:\Windows\system32\kernel32.dll
0x000007fefd320000 - 0x000007fefd38c000 	C:\Windows\system32\KERNELBASE.dll
0x000007fefd520000 - 0x000007fefd5fb000 	C:\Windows\system32\ADVAPI32.dll
0x000007fefe2e0000 - 0x000007fefe37f000 	C:\Windows\system32\msvcrt.dll
0x000007fefdd40000 - 0x000007fefdd5f000 	C:\Windows\SYSTEM32\sechost.dll
0x000007feff1a0000 - 0x000007feff2cd000 	C:\Windows\system32\RPCRT4.dll
0x0000000076fd0000 - 0x00000000770ca000 	C:\Windows\system32\USER32.dll
0x000007fefe380000 - 0x000007fefe3e7000 	C:\Windows\system32\GDI32.dll
0x000007fefdd60000 - 0x000007fefdd6e000 	C:\Windows\system32\LPK.dll
0x000007fefdfa0000 - 0x000007fefe069000 	C:\Windows\system32\USP10.dll
0x000007fefbc10000 - 0x000007fefbe04000 	C:\Windows\WinSxS\amd64_microsoft.windows.common-controls_6595b64144ccf1df_6.0.7601.17514_none_fa396087175ac9ac\COMCTL32.dll
0x000007fefd870000 - 0x000007fefd8e1000 	C:\Windows\system32\SHLWAPI.dll
0x000007fefdd10000 - 0x000007fefdd3e000 	C:\Windows\system32\IMM32.DLL
0x000007feff2d0000 - 0x000007feff3d9000 	C:\Windows\system32\MSCTF.dll
0x0000000078a40000 - 0x0000000078b12000 	C:\Program Files\Java\jdk1.8.0_101\jre\bin\msvcr100.dll
0x000000006ff80000 - 0x000000007081a000 	C:\Program Files\Java\jdk1.8.0_101\jre\bin\server\jvm.dll
0x000007fefaba0000 - 0x000007fefaba9000 	C:\Windows\system32\WSOCK32.dll
0x000007fefdd70000 - 0x000007fefddbd000 	C:\Windows\system32\WS2_32.dll
0x000007fefe2d0000 - 0x000007fefe2d8000 	C:\Windows\system32\NSI.dll
0x000007fefb1b0000 - 0x000007fefb1eb000 	C:\Windows\system32\WINMM.dll
0x000007fefc130000 - 0x000007fefc13c000 	C:\Windows\system32\VERSION.dll
0x0000000077290000 - 0x0000000077297000 	C:\Windows\system32\PSAPI.DLL
0x000000005d5e0000 - 0x000000005d5ef000 	C:\Program Files\Java\jdk1.8.0_101\jre\bin\verify.dll
0x0000000059450000 - 0x0000000059479000 	C:\Program Files\Java\jdk1.8.0_101\jre\bin\java.dll
0x0000000059160000 - 0x0000000059176000 	C:\Program Files\Java\jdk1.8.0_101\jre\bin\zip.dll
0x000007fefe410000 - 0x000007feff198000 	C:\Windows\system32\SHELL32.dll
0x000007fefd660000 - 0x000007fefd863000 	C:\Windows\system32\ole32.dll
0x000007fefd020000 - 0x000007fefd02f000 	C:\Windows\system32\profapi.dll

VM Arguments:
jvm_args: -Djava.awt.headless=true -Xmx1024M -Dfile.encoding=GBK -Duser.country=CN -Duser.language=zh -Duser.variant 
java_command: com.android.dx.command.Main --dex --num-threads=4 --output C:\Users\miaochangchun\Downloads\TTSMulti\app\build\intermediates\pre-dexed\debug\com.android.support-support-vector-drawable-23.4.0_e3c27bd722b2dad849dbe7beb700845392a54ec4.jar C:\Users\miaochangchun\Downloads\TTSMulti\app\build\intermediates\exploded-aar\com.android.support\support-vector-drawable\23.4.0\jars\classes.jar
java_class_path (initial): C:\Users\miaochangchun\AppData\Local\Android\Sdk\build-tools\24.0.0\lib\dx.jar
Launcher Type: SUN_STANDARD

Environment Variables:
JAVA_HOME=C:\Program Files\Java\jdk1.8.0_101
CLASSPATH=.;C:\Program Files\Java\jdk1.8.0_101\lib\dt.jar;C:\Program Files\Java\jdk1.8.0_101\lib\tools.jar;
PATH=C:\ProgramData\Oracle\Java\javapath;C:\Program Files (x86)\NVIDIA Corporation\PhysX\Common;C:\Windows\system32;C:\Windows;C:\Windows\System32\Wbem;C:\Windows\System32\WindowsPowerShell\v1.0\;C:\Program Files (x86)\Microsoft SQL Server\90\Tools\binn\;C:\Program Files\Java\jdk1.8.0_101\bin;C:\Program Files\Java\jdk1.8.0_101\jre\bin;C:\Program Files (x86)\MySQL\MySQL Server 5.0\bin;C:\MinGW\bin;C:\Users\miaochangchun\Downloads\apache-maven-3.3.9-bin\apache-maven-3.3.9\bin;D:\wamp\php-7.0.10-Win32-VC14-x64;D:\wamp\php-7.0.10-Win32-VC14-x64\ext;D:\adt-bundle-windows-x86-20130522\sdk\build-tools;D:\adt-bundle-windows-x86-20130522\sdk\platform-tools;D:\adt-bundle-windows-x86-20130522\sdk\tools;C:\Program Files (x86)\Skype\Phone\
USERNAME=miaochangchun
OS=Windows_NT
PROCESSOR_IDENTIFIER=Intel64 Family 6 Model 60 Stepping 3, GenuineIntel



---------------  S Y S T E M  ---------------

OS: Windows 7 , 64 bit Build 7601 (6.1.7601.17965)

CPU:total 4 (2 cores per cpu, 2 threads per core) family 6 model 60 stepping 3, cmov, cx8, fxsr, mmx, sse, sse2, sse3, ssse3, sse4.1, sse4.2, popcnt, avx, avx2, aes, clmul, erms, lzcnt, ht, tsc, tscinvbit, bmi1, bmi2

Memory: 4k page, physical 4145832k(288444k free), swap 8337252k(5088k free)

vm_info: Java HotSpot(TM) 64-Bit Server VM (25.101-b13) for windows-amd64 JRE (1.8.0_101-b13), built on Jun 22 2016 01:21:29 by "java_re" with MS VC++ 10.0 (VS2010)

time: Mon Oct 24 21:05:37 2016
elapsed time: 1 seconds (0d 0h 0m 1s)

