#
# There is insufficient memory for the Java Runtime Environment to continue.
# Native memory allocation (malloc) failed to allocate 257856 bytes for Chunk::new
# Possible reasons:
#   The system is out of physical RAM or swap space
#   In 32 bit mode, the process size limit was hit
# Possible solutions:
#   Reduce memory load on the system
#   Increase physical memory or swap space
#   Check if swap backing store is full
#   Use 64 bit Java on a 64 bit OS
#   Decrease Java heap size (-Xmx/-Xms)
#   Decrease number of Java threads
#   Decrease Java thread stack sizes (-Xss)
#   Set larger code cache with -XX:ReservedCodeCacheSize=
# This output file may be truncated or incomplete.
#
#  Out of Memory Error (allocation.cpp:390), pid=5156, tid=0x0000000000002444
#
# JRE version: Java(TM) SE Runtime Environment (8.0_101-b13) (build 1.8.0_101-b13)
# Java VM: Java HotSpot(TM) 64-Bit Server VM (25.101-b13 mixed mode windows-amd64 compressed oops)
# Failed to write core dump. Minidumps are not enabled by default on client versions of Windows
#

---------------  T H R E A D  ---------------

Current thread (0x000000005507d000):  JavaThread "C2 CompilerThread0" daemon [_thread_in_native, id=9284, stack(0x0000000056d20000,0x0000000056e20000)]

Stack: [0x0000000056d20000,0x0000000056e20000]
[error occurred during error reporting (printing stack bounds), id 0xc0000005]

Native frames: (J=compiled Java code, j=interpreted, Vv=VM code, C=native code)


Current CompileTask:
C2:    856  886       4       com.android.dx.ssa.back.LivenessAnalyzer::handleTailRecursion (94 bytes)


---------------  P R O C E S S  ---------------

Java Threads: ( => current thread )
  0x0000000056778000 JavaThread "pool-1-thread-4" [_thread_blocked, id=9896, stack(0x0000000057890000,0x0000000057990000)]
  0x000000005676c800 JavaThread "pool-1-thread-3" [_thread_in_Java, id=7456, stack(0x0000000057780000,0x0000000057880000)]
  0x0000000056751000 JavaThread "pool-1-thread-2" [_thread_blocked, id=9388, stack(0x0000000057640000,0x0000000057740000)]
  0x0000000056753800 JavaThread "pool-2-thread-1" [_thread_blocked, id=10036, stack(0x0000000056bf0000,0x0000000056cf0000)]
  0x000000005674a800 JavaThread "pool-1-thread-1" [_thread_blocked, id=7296, stack(0x0000000057430000,0x0000000057530000)]
  0x00000000564ef000 JavaThread "Service Thread" daemon [_thread_blocked, id=9704, stack(0x0000000057110000,0x0000000057210000)]
  0x000000005645e800 JavaThread "C1 CompilerThread2" daemon [_thread_in_native, id=8864, stack(0x0000000056fe0000,0x00000000570e0000)]
  0x0000000056459800 JavaThread "C2 CompilerThread1" daemon [_thread_blocked, id=10004, stack(0x0000000056ea0000,0x0000000056fa0000)]
=>0x000000005507d000 JavaThread "C2 CompilerThread0" daemon [_thread_in_native, id=9284, stack(0x0000000056d20000,0x0000000056e20000)]
  0x000000005644a800 JavaThread "Attach Listener" daemon [_thread_blocked, id=9488, stack(0x0000000056af0000,0x0000000056bf0000)]
  0x000000005507a000 JavaThread "Signal Dispatcher" daemon [_thread_blocked, id=10080, stack(0x0000000056940000,0x0000000056a40000)]
  0x000000005505b800 JavaThread "Finalizer" daemon [_thread_blocked, id=9324, stack(0x0000000056340000,0x0000000056440000)]
  0x0000000055012000 JavaThread "Reference Handler" daemon [_thread_blocked, id=10208, stack(0x0000000055fc0000,0x00000000560c0000)]
  0x00000000024de000 JavaThread "main" [_thread_in_Java, id=7612, stack(0x0000000002730000,0x0000000002830000)]

Other Threads:
  0x000000005500c800 VMThread [stack: 0x0000000056120000,0x0000000056220000] [id=6224]
  0x0000000056523800 WatcherThread [stack: 0x0000000057310000,0x0000000057410000] [id=10076]

VM state:not at safepoint (normal execution)

VM Mutex/Monitor currently owned by a thread: None

Heap:
 PSYoungGen      total 18944K, used 6886K [0x00000000eab00000, 0x00000000ec000000, 0x0000000100000000)
  eden space 16384K, 26% used [0x00000000eab00000,0x00000000eaf39cb0,0x00000000ebb00000)
  from space 2560K, 99% used [0x00000000ebb00000,0x00000000ebd7fc78,0x00000000ebd80000)
  to   space 2560K, 0% used [0x00000000ebd80000,0x00000000ebd80000,0x00000000ec000000)
 ParOldGen       total 44032K, used 1463K [0x00000000c0000000, 0x00000000c2b00000, 0x00000000eab00000)
  object space 44032K, 3% used [0x00000000c0000000,0x00000000c016de38,0x00000000c2b00000)
 Metaspace       used 5850K, capacity 6776K, committed 7040K, reserved 1056768K
  class space    used 602K, capacity 624K, committed 640K, reserved 1048576K

Card table byte_map: [0x0000000011bf0000,0x0000000011e00000] byte_map_base: 0x00000000115f0000

Marking Bits: (ParMarkBitMap*) 0x000000007079a6d0
 Begin Bits: [0x0000000012480000, 0x0000000013480000)
 End Bits:   [0x0000000013480000, 0x0000000014480000)

Polling page: 0x0000000001b60000

CodeCache: size=245760Kb used=3512Kb max_used=3512Kb free=242247Kb
 bounds [0x0000000002830000, 0x0000000002bb0000, 0x0000000011830000]
 total_blobs=1156 nmethods=886 adapters=183
 compilation: enabled

Compilation events (10 events):
Event: 0.846 Thread 0x000000005645e800 nmethod 857 0x0000000002b98350 code [0x0000000002b984c0, 0x0000000002b98648]
Event: 0.846 Thread 0x000000005645e800  856       3       com.android.dx.cf.code.BasicBlocker::visitConstant (39 bytes)
Event: 0.847 Thread 0x000000005645e800 nmethod 856 0x0000000002b9f390 code [0x0000000002b9f540, 0x0000000002b9fbd8]
Event: 0.847 Thread 0x000000005645e800  854       3       com.android.dx.rop.cst.CstNat::<init> (43 bytes)
Event: 0.847 Thread 0x000000005645e800 nmethod 854 0x0000000002b9fe50 code [0x0000000002b9ffe0, 0x0000000002ba03f8]
Event: 0.847 Thread 0x000000005645e800  884       1       com.android.dx.ssa.SsaInsn::isNormalMoveInsn (2 bytes)
Event: 0.847 Thread 0x000000005645e800 nmethod 884 0x0000000002b885d0 code [0x0000000002b88720, 0x0000000002b88830]
Event: 0.847 Thread 0x000000005645e800  855       3       com.android.dx.rop.cst.CstBaseMethodRef::<init> (31 bytes)
Event: 0.847 Thread 0x000000005645e800 nmethod 855 0x0000000002ba0590 code [0x0000000002ba0700, 0x0000000002ba0ab8]
Event: 0.855 Thread 0x000000005645e800  889       3       com.android.dx.rop.type.Type::compareTo (9 bytes)

GC Heap History (2 events):
Event: 0.555 GC heap before
{Heap before GC invocations=1 (full 0):
 PSYoungGen      total 18944K, used 16384K [0x00000000eab00000, 0x00000000ec000000, 0x0000000100000000)
  eden space 16384K, 100% used [0x00000000eab00000,0x00000000ebb00000,0x00000000ebb00000)
  from space 2560K, 0% used [0x00000000ebd80000,0x00000000ebd80000,0x00000000ec000000)
  to   space 2560K, 0% used [0x00000000ebb00000,0x00000000ebb00000,0x00000000ebd80000)
 ParOldGen       total 44032K, used 0K [0x00000000c0000000, 0x00000000c2b00000, 0x00000000eab00000)
  object space 44032K, 0% used [0x00000000c0000000,0x00000000c0000000,0x00000000c2b00000)
 Metaspace       used 5713K, capacity 6644K, committed 6784K, reserved 1056768K
  class space    used 598K, capacity 620K, committed 640K, reserved 1048576K
Event: 0.675 GC heap after
Heap after GC invocations=1 (full 0):
 PSYoungGen      total 18944K, used 2559K [0x00000000eab00000, 0x00000000ec000000, 0x0000000100000000)
  eden space 16384K, 0% used [0x00000000eab00000,0x00000000eab00000,0x00000000ebb00000)
  from space 2560K, 99% used [0x00000000ebb00000,0x00000000ebd7fc78,0x00000000ebd80000)
  to   space 2560K, 0% used [0x00000000ebd80000,0x00000000ebd80000,0x00000000ec000000)
 ParOldGen       total 44032K, used 1463K [0x00000000c0000000, 0x00000000c2b00000, 0x00000000eab00000)
  object space 44032K, 3% used [0x00000000c0000000,0x00000000c016de38,0x00000000c2b00000)
 Metaspace       used 5713K, capacity 6644K, committed 6784K, reserved 1056768K
  class space    used 598K, capacity 620K, committed 640K, reserved 1048576K
}

Deoptimization events (0 events):
No events

Internal exceptions (2 events):
Event: 0.050 Thread 0x00000000024de000 Exception <a 'java/lang/NoSuchMethodError': Method sun.misc.Unsafe.defineClass(Ljava/lang/String;[BII)Ljava/lang/Class; name or signature does not match> (0x00000000eab07cc0) thrown at [C:\re\workspace\8-2-build-windows-amd64-cygwin\jdk8u101\7261\hotspot\s–Ä ¿Ü_©?
Event: 0.050 Thread 0x00000000024de000 Exception <a 'java/lang/NoSuchMethodError': Method sun.misc.Unsafe.prefetchRead(Ljava/lang/Object;J)V name or signature does not match> (0x00000000eab07fa8) thrown at [C:\re\workspace\8-2-build-windows-amd64-cygwin\jdk8u101\7261\hotspot\src\share\vm\prims\

Events (10 events):
Event: 0.555 Executing VM operation: ParallelGCFailedAllocation
Event: 0.675 Executing VM operation: ParallelGCFailedAllocation done
Event: 0.792 loading class com/android/dx/cf/attrib/AttRuntimeInvisibleAnnotations
Event: 0.792 loading class com/android/dx/cf/attrib/AttRuntimeInvisibleAnnotations done
Event: 0.828 loading class java/util/TreeMap$EntrySet
Event: 0.828 loading class java/util/TreeMap$EntrySet done
Event: 0.828 loading class java/util/TreeMap$EntryIterator
Event: 0.828 loading class java/util/TreeMap$EntryIterator done
Event: 0.829 loading class java/util/DualPivotQuicksort
Event: 0.829 loading class java/util/DualPivotQuicksort done


Dynamic libraries:
0x000000013f600000 - 0x000000013f637000 	C:\Program Files\Java\jdk1.8.0_101\bin\java.exe
0x00000000770d0000 - 0x0000000077279000 	C:\Windows\SYSTEM32\ntdll.dll
0x0000000076eb0000 - 0x0000000076fcf000 	C:\Windows\system32\kernel32.dll
0x000007fefd320000 - 0x000007fefd38c000 	C:\Windows\system32\KERNELBASE.dll
0x000007fefd520000 - 0x000007fefd5fb000 	C:\Windows\system32\ADVAPI32.dll
0x000007fefe2e0000 - 0x000007fefe37f000 	C:\Windows\system32\msvcrt.dll
0x000007fefdd40000 - 0x000007fefdd5f000 	C:\Windows\SYSTEM32\sechost.dll
0x000007feff1a0000 - 0x000007feff2cd000 	C:\Windows\system32\RPCRT4.dll
0x0000000076fd0000 - 0x00000000770ca000 	C:\Windows\system32\USER32.dll
0x000007fefe380000 - 0x000007fefe3e7000 	C:\Windows\system32\GDI32.dll
0x000007fefdd60000 - 0x000007fefdd6e000 	C:\Windows\system32\LPK.dll
0x000007fefdfa0000 - 0x000007fefe069000 	C:\Windows\system32\USP10.dll
0x000007fefbc10000 - 0x000007fefbe04000 	C:\Windows\WinSxS\amd64_microsoft.windows.common-controls_6595b64144ccf1df_6.0.7601.17514_none_fa396087175ac9ac\COMCTL32.dll
0x000007fefd870000 - 0x000007fefd8e1000 	C:\Windows\system32\SHLWAPI.dll
0x000007fefdd10000 - 0x000007fefdd3e000 	C:\Windows\system32\IMM32.DLL
0x000007feff2d0000 - 0x000007feff3d9000 	C:\Windows\system32\MSCTF.dll
0x0000000078a40000 - 0x0000000078b12000 	C:\Program Files\Java\jdk1.8.0_101\jre\bin\msvcr100.dll
0x000000006ff80000 - 0x000000007081a000 	C:\Program Files\Java\jdk1.8.0_101\jre\bin\server\jvm.dll
0x000007fefaba0000 - 0x000007fefaba9000 	C:\Windows\system32\WSOCK32.dll
0x000007fefdd70000 - 0x000007fefddbd000 	C:\Windows\system32\WS2_32.dll
0x000007fefe2d0000 - 0x000007fefe2d8000 	C:\Windows\system32\NSI.dll
0x000007fefb1b0000 - 0x000007fefb1eb000 	C:\Windows\system32\WINMM.dll
0x000007fefc130000 - 0x000007fefc13c000 	C:\Windows\system32\VERSION.dll
0x0000000077290000 - 0x0000000077297000 	C:\Windows\system32\PSAPI.DLL
0x000000005d5e0000 - 0x000000005d5ef000 	C:\Program Files\Java\jdk1.8.0_101\jre\bin\verify.dll
0x0000000059450000 - 0x0000000059479000 	C:\Program Files\Java\jdk1.8.0_101\jre\bin\java.dll
0x0000000059160000 - 0x0000000059176000 	C:\Program Files\Java\jdk1.8.0_101\jre\bin\zip.dll
0x000007fefe410000 - 0x000007feff198000 	C:\Windows\system32\SHELL32.dll
0x000007fefd660000 - 0x000007fefd863000 	C:\Windows\system32\ole32.dll
0x000007fefd020000 - 0x000007fefd02f000 	C:\Windows\system32\profapi.dll

VM Arguments:
jvm_args: -Djava.awt.headless=true -Xmx1024M -Dfile.encoding=GBK -Duser.country=CN -Duser.language=zh -Duser.variant 
java_command: com.android.dx.command.Main --dex --num-threads=4 --output C:\Users\miaochangchun\Downloads\TTSMulti\app\build\intermediates\pre-dexed\debug\hcicloud-5.0_714e7c0493f72b1d2f86295feb20c675e1aadfca.jar C:\Users\miaochangchun\Downloads\TTSMulti\app\libs\hcicloud-5.0.jar
java_class_path (initial): C:\Users\miaochangchun\AppData\Local\Android\Sdk\build-tools\24.0.0\lib\dx.jar
Launcher Type: SUN_STANDARD

Environment Variables:
JAVA_HOME=C:\Program Files\Java\jdk1.8.0_101
CLASSPATH=.;C:\Program Files\Java\jdk1.8.0_101\lib\dt.jar;C:\Program Files\Java\jdk1.8.0_101\lib\tools.jar;
PATH=C:\ProgramData\Oracle\Java\javapath;C:\Program Files (x86)\NVIDIA Corporation\PhysX\Common;C:\Windows\system32;C:\Windows;C:\Windows\System32\Wbem;C:\Windows\System32\WindowsPowerShell\v1.0\;C:\Program Files (x86)\Microsoft SQL Server\90\Tools\binn\;C:\Program Files\Java\jdk1.8.0_101\bin;C:\Program Files\Java\jdk1.8.0_101\jre\bin;C:\Program Files (x86)\MySQL\MySQL Server 5.0\bin;C:\MinGW\bin;C:\Users\miaochangchun\Downloads\apache-maven-3.3.9-bin\apache-maven-3.3.9\bin;D:\wamp\php-7.0.10-Win32-VC14-x64;D:\wamp\php-7.0.10-Win32-VC14-x64\ext;D:\adt-bundle-windows-x86-20130522\sdk\build-tools;D:\adt-bundle-windows-x86-20130522\sdk\platform-tools;D:\adt-bundle-windows-x86-20130522\sdk\tools;C:\Program Files (x86)\Skype\Phone\
USERNAME=miaochangchun
OS=Windows_NT
PROCESSOR_IDENTIFIER=Intel64 Family 6 Model 60 Stepping 3, GenuineIntel



---------------  S Y S T E M  ---------------

OS: Windows 7 , 64 bit Build 7601 (6.1.7601.17965)

CPU:total 4 (2 cores per cpu, 2 threads per core) family 6 model 60 stepping 3, cmov, cx8, fxsr, mmx, sse, sse2, sse3, ssse3, sse4.1, sse4.2, popcnt, avx, avx2, aes, clmul, erms, lzcnt, ht, tsc, tscinvbit, bmi1, bmi2

Memory: 4k page, physical 4145832k(260632k free), swap 8337252k(5140k free)

vm_info: Java HotSpot(TM) 64-Bit Server VM (25.101-b13) for windows-amd64 JRE (1.8.0_101-b13), built on Jun 22 2016 01:21:29 by "java_re" with MS VC++ 10.0 (VS2010)

time: Mon Oct 24 21:05:36 2016
elapsed time: 0 seconds (0d 0h 0m 0s)

