#
# There is insufficient memory for the Java Runtime Environment to continue.
# Native memory allocation (malloc) failed to allocate 65552 bytes for Chunk::new
# Possible reasons:
#   The system is out of physical RAM or swap space
#   In 32 bit mode, the process size limit was hit
# Possible solutions:
#   Reduce memory load on the system
#   Increase physical memory or swap space
#   Check if swap backing store is full
#   Use 64 bit Java on a 64 bit OS
#   Decrease Java heap size (-Xmx/-Xms)
#   Decrease number of Java threads
#   Decrease Java thread stack sizes (-Xss)
#   Set larger code cache with -XX:ReservedCodeCacheSize=
# This output file may be truncated or incomplete.
#
#  Out of Memory Error (allocation.cpp:390), pid=10104, tid=0x0000000000001fc0
#
# JRE version: Java(TM) SE Runtime Environment (8.0_101-b13) (build 1.8.0_101-b13)
# Java VM: Java HotSpot(TM) 64-Bit Server VM (25.101-b13 mixed mode windows-amd64 compressed oops)
# Failed to write core dump. Minidumps are not enabled by default on client versions of Windows
#

---------------  T H R E A D  ---------------

Current thread (0x00000000551ef800):  JavaThread "C2 CompilerThread1" daemon [_thread_in_native, id=8128, stack(0x0000000056fa0000,0x00000000570a0000)]

Stack: [0x0000000056fa0000,0x00000000570a0000]
[error occurred during error reporting (printing stack bounds), id 0xc0000005]

Native frames: (J=compiled Java code, j=interpreted, Vv=VM code, C=native code)


Current CompileTask:
C2:  25383 1287       4       com.android.dx.ssa.SCCP::simulateBranch (666 bytes)


---------------  P R O C E S S  ---------------

Java Threads: ( => current thread )
  0x00000000574a1000 JavaThread "pool-1-thread-4" [_thread_blocked, id=10048, stack(0x00000000581a0000,0x00000000582a0000)]
  0x00000000574a0800 JavaThread "pool-1-thread-3" [_thread_in_Java, id=9936, stack(0x0000000057fa0000,0x00000000580a0000)]
  0x000000005749f000 JavaThread "pool-1-thread-2" [_thread_in_Java, id=9992, stack(0x0000000057e30000,0x0000000057f30000)]
  0x000000005745e000 JavaThread "pool-2-thread-1" [_thread_blocked, id=9716, stack(0x0000000057c30000,0x0000000057d30000)]
  0x00000000568cf800 JavaThread "pool-1-thread-1" [_thread_blocked, id=9336, stack(0x00000000563b0000,0x00000000564b0000)]
  0x000000005663c800 JavaThread "Service Thread" daemon [_thread_blocked, id=1492, stack(0x00000000570b0000,0x00000000571b0000)]
  0x00000000565f5800 JavaThread "C1 CompilerThread2" daemon [_thread_blocked, id=10196, stack(0x00000000571c0000,0x00000000572c0000)]
=>0x00000000551ef800 JavaThread "C2 CompilerThread1" daemon [_thread_in_native, id=8128, stack(0x0000000056fa0000,0x00000000570a0000)]
  0x00000000551ed000 JavaThread "C2 CompilerThread0" daemon [_thread_in_native, id=2920, stack(0x0000000056e10000,0x0000000056f10000)]
  0x00000000565ca800 JavaThread "Attach Listener" daemon [_thread_blocked, id=9312, stack(0x0000000056c30000,0x0000000056d30000)]
  0x00000000551ea000 JavaThread "Signal Dispatcher" daemon [_thread_blocked, id=9176, stack(0x0000000056af0000,0x0000000056bf0000)]
  0x00000000551cb800 JavaThread "Finalizer" daemon [_thread_blocked, id=9408, stack(0x00000000564c0000,0x00000000565c0000)]
  0x0000000055182000 JavaThread "Reference Handler" daemon [_thread_blocked, id=10192, stack(0x00000000562a0000,0x00000000563a0000)]
  0x000000000025e800 JavaThread "main" [_thread_blocked, id=7984, stack(0x0000000002810000,0x0000000002910000)]

Other Threads:
  0x000000005517c800 VMThread [stack: 0x0000000056110000,0x0000000056210000] [id=7992]
  0x0000000056650000 WatcherThread [stack: 0x0000000057330000,0x0000000057430000] [id=9932]

VM state:not at safepoint (normal execution)

VM Mutex/Monitor currently owned by a thread: None

Heap:
 PSYoungGen      total 18944K, used 14827K [0x00000000eab00000, 0x00000000ec000000, 0x0000000100000000)
  eden space 16384K, 74% used [0x00000000eab00000,0x00000000eb6fe1e8,0x00000000ebb00000)
  from space 2560K, 99% used [0x00000000ebb00000,0x00000000ebd7cb38,0x00000000ebd80000)
  to   space 2560K, 0% used [0x00000000ebd80000,0x00000000ebd80000,0x00000000ec000000)
 ParOldGen       total 44032K, used 4421K [0x00000000c0000000, 0x00000000c2b00000, 0x00000000eab00000)
  object space 44032K, 10% used [0x00000000c0000000,0x00000000c0451530,0x00000000c2b00000)
 Metaspace       used 6134K, capacity 6966K, committed 7040K, reserved 1056768K
  class space    used 608K, capacity 622K, committed 640K, reserved 1048576K

Card table byte_map: [0x0000000011cd0000,0x0000000011ee0000] byte_map_base: 0x00000000116d0000

Marking Bits: (ParMarkBitMap*) 0x000000007079a6d0
 Begin Bits: [0x00000000125f0000, 0x00000000135f0000)
 End Bits:   [0x00000000135f0000, 0x00000000145f0000)

Polling page: 0x0000000000230000

CodeCache: size=245760Kb used=5225Kb max_used=5225Kb free=240534Kb
 bounds [0x0000000002910000, 0x0000000002e30000, 0x0000000011910000]
 total_blobs=1578 nmethods=1306 adapters=184
 compilation: enabled

Compilation events (10 events):
Event: 25.362 Thread 0x00000000565f5800 1348       3       java.util.TreeMap::<init> (20 bytes)
Event: 25.362 Thread 0x00000000565f5800 nmethod 1348 0x0000000002e2bb50 code [0x0000000002e2bcc0, 0x0000000002e2bef0]
Event: 25.362 Thread 0x00000000565f5800 1341       3       com.android.dx.rop.cst.CstMethodRef::<init> (7 bytes)
Event: 25.362 Thread 0x00000000565f5800 nmethod 1341 0x0000000002e2bfd0 code [0x0000000002e2c160, 0x0000000002e2c578]
Event: 25.362 Thread 0x00000000565f5800 1344       3       com.android.dx.cf.code.ConcreteMethod::getMaxLocals (8 bytes)
Event: 25.363 Thread 0x00000000565f5800 nmethod 1344 0x0000000002e2c710 code [0x0000000002e2c860, 0x0000000002e2ca50]
Event: 25.363 Thread 0x00000000565f5800 1352       1       com.android.dx.cf.code.ByteCatchList$Item::getHandlerPc (5 bytes)
Event: 25.363 Thread 0x00000000565f5800 nmethod 1352 0x0000000002a5bfd0 code [0x0000000002a5c120, 0x0000000002a5c230]
Event: 25.363 Thread 0x00000000565f5800 1339       3       java.util.Arrays::rangeCheck (74 bytes)
Event: 25.363 Thread 0x00000000565f5800 nmethod 1339 0x0000000002e2cb10 code [0x0000000002e2cd60, 0x0000000002e2da88]

GC Heap History (6 events):
Event: 19.766 GC heap before
{Heap before GC invocations=1 (full 0):
 PSYoungGen      total 18944K, used 16384K [0x00000000eab00000, 0x00000000ec000000, 0x0000000100000000)
  eden space 16384K, 100% used [0x00000000eab00000,0x00000000ebb00000,0x00000000ebb00000)
  from space 2560K, 0% used [0x00000000ebd80000,0x00000000ebd80000,0x00000000ec000000)
  to   space 2560K, 0% used [0x00000000ebb00000,0x00000000ebb00000,0x00000000ebd80000)
 ParOldGen       total 44032K, used 0K [0x00000000c0000000, 0x00000000c2b00000, 0x00000000eab00000)
  object space 44032K, 0% used [0x00000000c0000000,0x00000000c0000000,0x00000000c2b00000)
 Metaspace       used 3972K, capacity 5040K, committed 5120K, reserved 1056768K
  class space    used 443K, capacity 488K, committed 512K, reserved 1048576K
Event: 19.778 GC heap after
Heap after GC invocations=1 (full 0):
 PSYoungGen      total 18944K, used 1645K [0x00000000eab00000, 0x00000000ec000000, 0x0000000100000000)
  eden space 16384K, 0% used [0x00000000eab00000,0x00000000eab00000,0x00000000ebb00000)
  from space 2560K, 64% used [0x00000000ebb00000,0x00000000ebc9b618,0x00000000ebd80000)
  to   space 2560K, 0% used [0x00000000ebd80000,0x00000000ebd80000,0x00000000ec000000)
 ParOldGen       total 44032K, used 8K [0x00000000c0000000, 0x00000000c2b00000, 0x00000000eab00000)
  object space 44032K, 0% used [0x00000000c0000000,0x00000000c0002000,0x00000000c2b00000)
 Metaspace       used 3972K, capacity 5040K, committed 5120K, reserved 1056768K
  class space    used 443K, capacity 488K, committed 512K, reserved 1048576K
}
Event: 24.638 GC heap before
{Heap before GC invocations=2 (full 0):
 PSYoungGen      total 18944K, used 18029K [0x00000000eab00000, 0x00000000ec000000, 0x0000000100000000)
  eden space 16384K, 100% used [0x00000000eab00000,0x00000000ebb00000,0x00000000ebb00000)
  from space 2560K, 64% used [0x00000000ebb00000,0x00000000ebc9b618,0x00000000ebd80000)
  to   space 2560K, 0% used [0x00000000ebd80000,0x00000000ebd80000,0x00000000ec000000)
 ParOldGen       total 44032K, used 8K [0x00000000c0000000, 0x00000000c2b00000, 0x00000000eab00000)
  object space 44032K, 0% used [0x00000000c0000000,0x00000000c0002000,0x00000000c2b00000)
 Metaspace       used 5996K, capacity 6836K, committed 7040K, reserved 1056768K
  class space    used 606K, capacity 620K, committed 640K, reserved 1048576K
Event: 24.902 GC heap after
Heap after GC invocations=2 (full 0):
 PSYoungGen      total 18944K, used 2533K [0x00000000eab00000, 0x00000000ec000000, 0x0000000100000000)
  eden space 16384K, 0% used [0x00000000eab00000,0x00000000eab00000,0x00000000ebb00000)
  from space 2560K, 98% used [0x00000000ebd80000,0x00000000ebff95d8,0x00000000ec000000)
  to   space 2560K, 0% used [0x00000000ebb00000,0x00000000ebb00000,0x00000000ebd80000)
 ParOldGen       total 44032K, used 2206K [0x00000000c0000000, 0x00000000c2b00000, 0x00000000eab00000)
  object space 44032K, 5% used [0x00000000c0000000,0x00000000c0227990,0x00000000c2b00000)
 Metaspace       used 5996K, capacity 6836K, committed 7040K, reserved 1056768K
  class space    used 606K, capacity 620K, committed 640K, reserved 1048576K
}
Event: 25.283 GC heap before
{Heap before GC invocations=3 (full 0):
 PSYoungGen      total 18944K, used 18917K [0x00000000eab00000, 0x00000000ec000000, 0x0000000100000000)
  eden space 16384K, 100% used [0x00000000eab00000,0x00000000ebb00000,0x00000000ebb00000)
  from space 2560K, 98% used [0x00000000ebd80000,0x00000000ebff95d8,0x00000000ec000000)
  to   space 2560K, 0% used [0x00000000ebb00000,0x00000000ebb00000,0x00000000ebd80000)
 ParOldGen       total 44032K, used 2206K [0x00000000c0000000, 0x00000000c2b00000, 0x00000000eab00000)
  object space 44032K, 5% used [0x00000000c0000000,0x00000000c0227990,0x00000000c2b00000)
 Metaspace       used 6104K, capacity 6964K, committed 7040K, reserved 1056768K
  class space    used 606K, capacity 620K, committed 640K, reserved 1048576K
Event: 25.304 GC heap after
Heap after GC invocations=3 (full 0):
 PSYoungGen      total 18944K, used 2546K [0x00000000eab00000, 0x00000000ec000000, 0x0000000100000000)
  eden space 16384K, 0% used [0x00000000eab00000,0x00000000eab00000,0x00000000ebb00000)
  from space 2560K, 99% used [0x00000000ebb00000,0x00000000ebd7cb38,0x00000000ebd80000)
  to   space 2560K, 0% used [0x00000000ebd80000,0x00000000ebd80000,0x00000000ec000000)
 ParOldGen       total 44032K, used 4421K [0x00000000c0000000, 0x00000000c2b00000, 0x00000000eab00000)
  object space 44032K, 10% used [0x00000000c0000000,0x00000000c0451530,0x00000000c2b00000)
 Metaspace       used 6104K, capacity 6964K, committed 7040K, reserved 1056768K
  class space    used 606K, capacity 620K, committed 640K, reserved 1048576K
}

Deoptimization events (10 events):
Event: 24.620 Thread 0x00000000568cf800 Uncommon trap: reason=unstable_if action=reinterpret pc=0x0000000002b45b60 method=java.util.BitSet.nextSetBit(I)I @ 87
Event: 25.120 Thread 0x00000000568cf800 Uncommon trap: reason=unstable_if action=reinterpret pc=0x0000000002bd08c4 method=com.android.dx.rop.cst.Constant.compareTo(Lcom/android/dx/rop/cst/Constant;)I @ 12
Event: 25.173 Thread 0x00000000568cf800 Uncommon trap: reason=class_check action=maybe_recompile pc=0x0000000002c6da98 method=com.android.dx.rop.type.Type.equals(Ljava/lang/Object;)Z @ 8
Event: 25.271 Thread 0x00000000574a1000 Uncommon trap: reason=class_check action=maybe_recompile pc=0x0000000002c6da98 method=com.android.dx.rop.type.Type.equals(Ljava/lang/Object;)Z @ 8
Event: 25.271 Thread 0x00000000574a1000 Uncommon trap: reason=null_check action=make_not_entrant pc=0x0000000002c6daa8 method=com.android.dx.rop.type.Type.equals(Ljava/lang/Object;)Z @ 8
Event: 25.280 Thread 0x00000000574a1000 Uncommon trap: reason=unstable_if action=reinterpret pc=0x0000000002d96ae4 method=com.android.dx.util.LabeledList.set(ILcom/android/dx/util/LabeledItem;)V @ 16
Event: 25.308 Thread 0x000000005749f000 Uncommon trap: reason=unstable_if action=reinterpret pc=0x0000000002d7a668 method=com.android.dx.cf.code.Ropper.labelToResultIndex(I)I @ 34
Event: 25.308 Thread 0x000000005749f000 Uncommon trap: reason=class_check action=maybe_recompile pc=0x0000000002c1d4d8 method=com.android.dx.rop.type.Type.equals(Ljava/lang/Object;)Z @ 8
Event: 25.308 Thread 0x000000005749f000 Uncommon trap: reason=class_check action=maybe_recompile pc=0x0000000002c1d4d8 method=com.android.dx.rop.type.Type.equals(Ljava/lang/Object;)Z @ 8
Event: 25.311 Thread 0x000000005749f000 Uncommon trap: reason=class_check action=maybe_recompile pc=0x0000000002d15740 method=com.android.dx.rop.type.Type.equals(Ljava/lang/Object;)Z @ 8

Internal exceptions (3 events):
Event: 0.441 Thread 0x000000000025e800 Exception <a 'java/lang/NoSuchMethodError': Method sun.misc.Unsafe.defineClass(Ljava/lang/String;[BII)Ljava/lang/Class; name or signature does not match> (0x00000000eab07cc0) thrown at [C:\re\workspace\8-2-build-windows-amd64-cygwin\jdk8u101\7261\hotspot\s9ÌJ¥Y7‹?
Event: 0.441 Thread 0x000000000025e800 Exception <a 'java/lang/NoSuchMethodError': Method sun.misc.Unsafe.prefetchRead(Ljava/lang/Object;J)V name or signature does not match> (0x00000000eab07fa8) thrown at [C:\re\workspace\8-2-build-windows-amd64-cygwin\jdk8u101\7261\hotspot\src\share\vm\prims\V∞¥{}E9@
Event: 25.271 Thread 0x00000000574a1000 Implicit null exception at 0x0000000002c6d992 to 0x0000000002c6da99

Events (10 events):
Event: 25.312 Thread 0x00000000551ed000 flushing nmethod 0x0000000002a65c50
Event: 25.312 Thread 0x00000000551ed000 flushing nmethod 0x0000000002a66d10
Event: 25.312 Thread 0x00000000551ed000 flushing nmethod 0x0000000002a674d0
Event: 25.312 Thread 0x00000000551ed000 flushing nmethod 0x0000000002a67bd0
Event: 25.312 Thread 0x00000000551ed000 flushing nmethod 0x0000000002a69cd0
Event: 25.312 Thread 0x00000000551ed000 flushing nmethod 0x0000000002a71110
Event: 25.312 Thread 0x00000000551ed000 flushing nmethod 0x0000000002a77b50
Event: 25.312 Thread 0x00000000551ed000 flushing nmethod 0x0000000002a7b650
Event: 25.312 Thread 0x00000000551ed000 flushing nmethod 0x0000000002a87550
Event: 25.312 Thread 0x00000000551ed000 flushing nmethod 0x0000000002a88a10


Dynamic libraries:
0x000000013f600000 - 0x000000013f637000 	C:\Program Files\Java\jdk1.8.0_101\bin\java.exe
0x00000000770d0000 - 0x0000000077279000 	C:\Windows\SYSTEM32\ntdll.dll
0x0000000076eb0000 - 0x0000000076fcf000 	C:\Windows\system32\kernel32.dll
0x000007fefd320000 - 0x000007fefd38c000 	C:\Windows\system32\KERNELBASE.dll
0x000007fefd520000 - 0x000007fefd5fb000 	C:\Windows\system32\ADVAPI32.dll
0x000007fefe2e0000 - 0x000007fefe37f000 	C:\Windows\system32\msvcrt.dll
0x000007fefdd40000 - 0x000007fefdd5f000 	C:\Windows\SYSTEM32\sechost.dll
0x000007feff1a0000 - 0x000007feff2cd000 	C:\Windows\system32\RPCRT4.dll
0x0000000076fd0000 - 0x00000000770ca000 	C:\Windows\system32\USER32.dll
0x000007fefe380000 - 0x000007fefe3e7000 	C:\Windows\system32\GDI32.dll
0x000007fefdd60000 - 0x000007fefdd6e000 	C:\Windows\system32\LPK.dll
0x000007fefdfa0000 - 0x000007fefe069000 	C:\Windows\system32\USP10.dll
0x000007fefbc10000 - 0x000007fefbe04000 	C:\Windows\WinSxS\amd64_microsoft.windows.common-controls_6595b64144ccf1df_6.0.7601.17514_none_fa396087175ac9ac\COMCTL32.dll
0x000007fefd870000 - 0x000007fefd8e1000 	C:\Windows\system32\SHLWAPI.dll
0x000007fefdd10000 - 0x000007fefdd3e000 	C:\Windows\system32\IMM32.DLL
0x000007feff2d0000 - 0x000007feff3d9000 	C:\Windows\system32\MSCTF.dll
0x0000000078a40000 - 0x0000000078b12000 	C:\Program Files\Java\jdk1.8.0_101\jre\bin\msvcr100.dll
0x000000006ff80000 - 0x000000007081a000 	C:\Program Files\Java\jdk1.8.0_101\jre\bin\server\jvm.dll
0x000007fefaba0000 - 0x000007fefaba9000 	C:\Windows\system32\WSOCK32.dll
0x000007fefdd70000 - 0x000007fefddbd000 	C:\Windows\system32\WS2_32.dll
0x000007fefe2d0000 - 0x000007fefe2d8000 	C:\Windows\system32\NSI.dll
0x000007fefb1b0000 - 0x000007fefb1eb000 	C:\Windows\system32\WINMM.dll
0x000007fefc130000 - 0x000007fefc13c000 	C:\Windows\system32\VERSION.dll
0x0000000077290000 - 0x0000000077297000 	C:\Windows\system32\PSAPI.DLL
0x000000005d5e0000 - 0x000000005d5ef000 	C:\Program Files\Java\jdk1.8.0_101\jre\bin\verify.dll
0x0000000059450000 - 0x0000000059479000 	C:\Program Files\Java\jdk1.8.0_101\jre\bin\java.dll
0x0000000059160000 - 0x0000000059176000 	C:\Program Files\Java\jdk1.8.0_101\jre\bin\zip.dll
0x000007fefe410000 - 0x000007feff198000 	C:\Windows\system32\SHELL32.dll
0x000007fefd660000 - 0x000007fefd863000 	C:\Windows\system32\ole32.dll
0x000007fefd020000 - 0x000007fefd02f000 	C:\Windows\system32\profapi.dll

VM Arguments:
jvm_args: -Djava.awt.headless=true -Xmx1024M -Dfile.encoding=GBK -Duser.country=CN -Duser.language=zh -Duser.variant 
java_command: com.android.dx.command.Main --dex --force-jumbo --num-threads=4 --output C:\Users\miaochangchun\Downloads\TTSMulti\app\build\intermediates\pre-dexed\debug\com.android.support-support-v4-23.4.0_c862b82dad1fdd21753831cd78ff69526496dcd7.jar C:\Users\miaochangchun\Downloads\TTSMulti\app\build\intermediates\exploded-aar\com.android.support\support-v4\23.4.0\jars\classes.jar
java_class_path (initial): C:\Users\miaochangchun\AppData\Local\Android\Sdk\build-tools\24.0.0\lib\dx.jar
Launcher Type: SUN_STANDARD

Environment Variables:
JAVA_HOME=C:\Program Files\Java\jdk1.8.0_101
CLASSPATH=.;C:\Program Files\Java\jdk1.8.0_101\lib\dt.jar;C:\Program Files\Java\jdk1.8.0_101\lib\tools.jar;
PATH=C:\ProgramData\Oracle\Java\javapath;C:\Program Files (x86)\NVIDIA Corporation\PhysX\Common;C:\Windows\system32;C:\Windows;C:\Windows\System32\Wbem;C:\Windows\System32\WindowsPowerShell\v1.0\;C:\Program Files (x86)\Microsoft SQL Server\90\Tools\binn\;C:\Program Files\Java\jdk1.8.0_101\bin;C:\Program Files\Java\jdk1.8.0_101\jre\bin;C:\Program Files (x86)\MySQL\MySQL Server 5.0\bin;C:\MinGW\bin;C:\Users\miaochangchun\Downloads\apache-maven-3.3.9-bin\apache-maven-3.3.9\bin;D:\wamp\php-7.0.10-Win32-VC14-x64;D:\wamp\php-7.0.10-Win32-VC14-x64\ext;D:\adt-bundle-windows-x86-20130522\sdk\build-tools;D:\adt-bundle-windows-x86-20130522\sdk\platform-tools;D:\adt-bundle-windows-x86-20130522\sdk\tools;C:\Program Files (x86)\Skype\Phone\
USERNAME=miaochangchun
OS=Windows_NT
PROCESSOR_IDENTIFIER=Intel64 Family 6 Model 60 Stepping 3, GenuineIntel



---------------  S Y S T E M  ---------------

OS: Windows 7 , 64 bit Build 7601 (6.1.7601.17965)

CPU:total 4 (2 cores per cpu, 2 threads per core) family 6 model 60 stepping 3, cmov, cx8, fxsr, mmx, sse, sse2, sse3, ssse3, sse4.1, sse4.2, popcnt, avx, avx2, aes, clmul, erms, lzcnt, ht, tsc, tscinvbit, bmi1, bmi2

Memory: 4k page, physical 4145832k(252396k free), swap 8337252k(5092k free)

vm_info: Java HotSpot(TM) 64-Bit Server VM (25.101-b13) for windows-amd64 JRE (1.8.0_101-b13), built on Jun 22 2016 01:21:29 by "java_re" with MS VC++ 10.0 (VS2010)

time: Mon Oct 24 21:04:14 2016
elapsed time: 25 seconds (0d 0h 0m 25s)

