#
# There is insufficient memory for the Java Runtime Environment to continue.
# Native memory allocation (malloc) failed to allocate 32744 bytes for ChunkPool::allocate
# Possible reasons:
#   The system is out of physical RAM or swap space
#   In 32 bit mode, the process size limit was hit
# Possible solutions:
#   Reduce memory load on the system
#   Increase physical memory or swap space
#   Check if swap backing store is full
#   Use 64 bit Java on a 64 bit OS
#   Decrease Java heap size (-Xmx/-Xms)
#   Decrease number of Java threads
#   Decrease Java thread stack sizes (-Xss)
#   Set larger code cache with -XX:ReservedCodeCacheSize=
# This output file may be truncated or incomplete.
#
#  Out of Memory Error (allocation.cpp:273), pid=1564, tid=0x00000000000024f8
#
# JRE version: Java(TM) SE Runtime Environment (8.0_101-b13) (build 1.8.0_101-b13)
# Java VM: Java HotSpot(TM) 64-Bit Server VM (25.101-b13 mixed mode windows-amd64 compressed oops)
# Failed to write core dump. Minidumps are not enabled by default on client versions of Windows
#

---------------  T H R E A D  ---------------

Current thread (0x0000000056572800):  JavaThread "C1 CompilerThread2" daemon [_thread_in_native, id=9464, stack(0x0000000056e20000,0x0000000056f20000)]

Stack: [0x0000000056e20000,0x0000000056f20000]
[error occurred during error reporting (printing stack bounds), id 0xc0000005]

Native frames: (J=compiled Java code, j=interpreted, Vv=VM code, C=native code)


Current CompileTask:
C1:   2627 1208       3       com.android.dx.ssa.PhiInsn::hasSideEffect (19 bytes)


---------------  P R O C E S S  ---------------

Java Threads: ( => current thread )
  0x00000000567d0000 JavaThread "pool-1-thread-4" [_thread_blocked, id=8372, stack(0x0000000057720000,0x0000000057820000)]
  0x00000000567cd000 JavaThread "pool-1-thread-3" [_thread_blocked, id=9932, stack(0x0000000057590000,0x0000000057690000)]
  0x00000000567cc800 JavaThread "pool-1-thread-2" [_thread_blocked, id=8280, stack(0x0000000057400000,0x0000000057500000)]
  0x00000000567ca800 JavaThread "pool-2-thread-1" [_thread_blocked, id=9096, stack(0x0000000057300000,0x0000000057400000)]
  0x00000000567f0800 JavaThread "pool-1-thread-1" [_thread_blocked, id=9052, stack(0x00000000562d0000,0x00000000563d0000)]
  0x0000000056576000 JavaThread "Service Thread" daemon [_thread_blocked, id=8708, stack(0x0000000056fd0000,0x00000000570d0000)]
=>0x0000000056572800 JavaThread "C1 CompilerThread2" daemon [_thread_in_native, id=9464, stack(0x0000000056e20000,0x0000000056f20000)]
  0x0000000056572000 JavaThread "C2 CompilerThread1" daemon [_thread_in_native, id=6716, stack(0x0000000056c60000,0x0000000056d60000)]
  0x000000005506d000 JavaThread "C2 CompilerThread0" daemon [_thread_in_native, id=9468, stack(0x0000000055f60000,0x0000000056060000)]
  0x000000005650a800 JavaThread "Attach Listener" daemon [_thread_blocked, id=9768, stack(0x0000000056b30000,0x0000000056c30000)]
  0x000000005506a000 JavaThread "Signal Dispatcher" daemon [_thread_blocked, id=9108, stack(0x0000000056a00000,0x0000000056b00000)]
  0x000000005504b800 JavaThread "Finalizer" daemon [_thread_blocked, id=4268, stack(0x0000000056400000,0x0000000056500000)]
  0x0000000055002000 JavaThread "Reference Handler" daemon [_thread_blocked, id=9716, stack(0x00000000561d0000,0x00000000562d0000)]
  0x00000000004ae000 JavaThread "main" [_thread_in_native, id=9692, stack(0x0000000002610000,0x0000000002710000)]

Other Threads:
  0x0000000054ffc800 VMThread [stack: 0x00000000560c0000,0x00000000561c0000] [id=9744]
  0x0000000056590800 WatcherThread [stack: 0x00000000570d0000,0x00000000571d0000] [id=9520]

VM state:not at safepoint (normal execution)

VM Mutex/Monitor currently owned by a thread: None

Heap:
 PSYoungGen      total 35328K, used 29991K [0x00000000eab00000, 0x00000000ed000000, 0x0000000100000000)
  eden space 32768K, 83% used [0x00000000eab00000,0x00000000ec5cd238,0x00000000ecb00000)
  from space 2560K, 99% used [0x00000000ecd80000,0x00000000ecffcac8,0x00000000ed000000)
  to   space 2560K, 0% used [0x00000000ecb00000,0x00000000ecb00000,0x00000000ecd80000)
 ParOldGen       total 44032K, used 3868K [0x00000000c0000000, 0x00000000c2b00000, 0x00000000eab00000)
  object space 44032K, 8% used [0x00000000c0000000,0x00000000c03c7228,0x00000000c2b00000)
 Metaspace       used 6150K, capacity 6968K, committed 7040K, reserved 1056768K
  class space    used 603K, capacity 624K, committed 640K, reserved 1048576K

Card table byte_map: [0x0000000011ad0000,0x0000000011ce0000] byte_map_base: 0x00000000114d0000

Marking Bits: (ParMarkBitMap*) 0x000000007079a6d0
 Begin Bits: [0x0000000012470000, 0x0000000013470000)
 End Bits:   [0x0000000013470000, 0x0000000014470000)

Polling page: 0x0000000000430000

CodeCache: size=245760Kb used=4650Kb max_used=4655Kb free=241109Kb
 bounds [0x0000000002710000, 0x0000000002ba0000, 0x0000000011710000]
 total_blobs=1479 nmethods=1201 adapters=183
 compilation: enabled

Compilation events (10 events):
Event: 2.161 Thread 0x000000005506d000 

Event: 2.161 Thread 0x000000005506d000 1177       4       java.util.ArrayList::subListRangeCheck (110 bytes)
Event: 2.162 Thread 0x000000005506d000 

Event: 2.162 Thread 0x000000005506d000 1186       4       com.android.dx.rop.type.Type::getFrameType (58 bytes)
Event: 2.162 Thread 0x000000005506d000 

Event: 2.162 Thread 0x000000005506d000 1212       4       com.android.dx.rop.code.Rop::isCommutative (60 bytes)
Event: 2.162 Thread 0x000000005506d000 

Event: 2.166 Thread 0x000000005506d000 1217       4       com.android.dx.ssa.SCCP::addBlockToWorklist (47 bytes)
Event: 2.178 Thread 0x000000005506d000 

Event: 2.178 Thread 0x000000005506d000 1219       4       com.android.dx.ssa.SsaMethod::computeReachability (131 bytes)

GC Heap History (4 events):
Event: 1.448 GC heap before
{Heap before GC invocations=1 (full 0):
 PSYoungGen      total 18944K, used 16384K [0x00000000eab00000, 0x00000000ec000000, 0x0000000100000000)
  eden space 16384K, 100% used [0x00000000eab00000,0x00000000ebb00000,0x00000000ebb00000)
  from space 2560K, 0% used [0x00000000ebd80000,0x00000000ebd80000,0x00000000ec000000)
  to   space 2560K, 0% used [0x00000000ebb00000,0x00000000ebb00000,0x00000000ebd80000)
 ParOldGen       total 44032K, used 0K [0x00000000c0000000, 0x00000000c2b00000, 0x00000000eab00000)
  object space 44032K, 0% used [0x00000000c0000000,0x00000000c0000000,0x00000000c2b00000)
 Metaspace       used 5730K, capacity 6644K, committed 6784K, reserved 1056768K
  class space    used 597K, capacity 620K, committed 640K, reserved 1048576K
Event: 1.526 GC heap after
Heap after GC invocations=1 (full 0):
 PSYoungGen      total 18944K, used 2543K [0x00000000eab00000, 0x00000000ed000000, 0x0000000100000000)
  eden space 16384K, 0% used [0x00000000eab00000,0x00000000eab00000,0x00000000ebb00000)
  from space 2560K, 99% used [0x00000000ebb00000,0x00000000ebd7bc88,0x00000000ebd80000)
  to   space 2560K, 0% used [0x00000000ecd80000,0x00000000ecd80000,0x00000000ed000000)
 ParOldGen       total 44032K, used 1567K [0x00000000c0000000, 0x00000000c2b00000, 0x00000000eab00000)
  object space 44032K, 3% used [0x00000000c0000000,0x00000000c0187da0,0x00000000c2b00000)
 Metaspace       used 5730K, capacity 6644K, committed 6784K, reserved 1056768K
  class space    used 597K, capacity 620K, committed 640K, reserved 1048576K
}
Event: 2.202 GC heap before
{Heap before GC invocations=2 (full 0):
 PSYoungGen      total 18944K, used 18927K [0x00000000eab00000, 0x00000000ed000000, 0x0000000100000000)
  eden space 16384K, 100% used [0x00000000eab00000,0x00000000ebb00000,0x00000000ebb00000)
  from space 2560K, 99% used [0x00000000ebb00000,0x00000000ebd7bc88,0x00000000ebd80000)
  to   space 2560K, 0% used [0x00000000ecd80000,0x00000000ecd80000,0x00000000ed000000)
 ParOldGen       total 44032K, used 1567K [0x00000000c0000000, 0x00000000c2b00000, 0x00000000eab00000)
  object space 44032K, 3% used [0x00000000c0000000,0x00000000c0187da0,0x00000000c2b00000)
 Metaspace       used 6045K, capacity 6904K, committed 7040K, reserved 1056768K
  class space    used 602K, capacity 624K, committed 640K, reserved 1048576K
Event: 2.210 GC heap after
Heap after GC invocations=2 (full 0):
 PSYoungGen      total 35328K, used 2546K [0x00000000eab00000, 0x00000000ed000000, 0x0000000100000000)
  eden space 32768K, 0% used [0x00000000eab00000,0x00000000eab00000,0x00000000ecb00000)
  from space 2560K, 99% used [0x00000000ecd80000,0x00000000ecffcac8,0x00000000ed000000)
  to   space 2560K, 0% used [0x00000000ecb00000,0x00000000ecb00000,0x00000000ecd80000)
 ParOldGen       total 44032K, used 3868K [0x00000000c0000000, 0x00000000c2b00000, 0x00000000eab00000)
  object space 44032K, 8% used [0x00000000c0000000,0x00000000c03c7228,0x00000000c2b00000)
 Metaspace       used 6045K, capacity 6904K, committed 7040K, reserved 1056768K
  class space    used 602K, capacity 624K, committed 640K, reserved 1048576K
}

Deoptimization events (5 events):
Event: 1.388 Thread 0x00000000567f0800 Uncommon trap: reason=class_check action=maybe_recompile pc=0x000000000296c5c0 method=com.android.dx.ssa.NormalSsaInsn.accept(Lcom/android/dx/ssa/SsaInsn$Visitor;)V @ 9
Event: 1.732 Thread 0x00000000567f0800 Uncommon trap: reason=class_check action=maybe_recompile pc=0x000000000296c5c0 method=com.android.dx.ssa.NormalSsaInsn.accept(Lcom/android/dx/ssa/SsaInsn$Visitor;)V @ 9
Event: 1.790 Thread 0x00000000567f0800 Uncommon trap: reason=class_check action=maybe_recompile pc=0x000000000296c5c0 method=com.android.dx.ssa.NormalSsaInsn.accept(Lcom/android/dx/ssa/SsaInsn$Visitor;)V @ 9
Event: 2.184 Thread 0x00000000004ae000 Uncommon trap: reason=unstable_if action=reinterpret pc=0x0000000002a7f150 method=java.lang.String.<init>([CII)V @ 18
Event: 2.184 Thread 0x00000000004ae000 Uncommon trap: reason=unstable_if action=reinterpret pc=0x00000000029cdde8 method=java.lang.String.<init>([CII)V @ 18

Internal exceptions (2 events):
Event: 0.064 Thread 0x00000000004ae000 Exception <a 'java/lang/NoSuchMethodError': Method sun.misc.Unsafe.defineClass(Ljava/lang/String;[BII)Ljava/lang/Class; name or signature does not match> (0x00000000eab07cc0) thrown at [C:\re\workspace\8-2-build-windows-amd64-cygwin\jdk8u101\7261\hotspot\sn¹aÃb°?
Event: 0.064 Thread 0x00000000004ae000 Exception <a 'java/lang/NoSuchMethodError': Method sun.misc.Unsafe.prefetchRead(Ljava/lang/Object;J)V name or signature does not match> (0x00000000eab07fa8) thrown at [C:\re\workspace\8-2-build-windows-amd64-cygwin\jdk8u101\7261\hotspot\src\share\vm\prims\

Events (10 events):
Event: 2.184 Thread 0x00000000004ae000 DEOPT UNPACKING pc=0x000000000275582a sp=0x000000000270e2c0 mode 2
Event: 2.184 Thread 0x00000000004ae000 Uncommon trap: trap_request=0xffffff65 fr.pc=0x00000000029cdde8
Event: 2.184 Thread 0x00000000004ae000 DEOPT PACKING pc=0x00000000029cdde8 sp=0x000000000270e2d0
Event: 2.185 Thread 0x00000000004ae000 DEOPT UNPACKING pc=0x000000000275582a sp=0x000000000270e2b8 mode 2
Event: 2.202 Executing VM operation: ParallelGCFailedAllocation
Event: 2.210 Executing VM operation: ParallelGCFailedAllocation done
Event: 2.250 loading class com/android/dx/cf/code/BytecodeArray$ConstantParserVisitor
Event: 2.250 loading class com/android/dx/cf/code/BytecodeArray$ConstantParserVisitor done
Event: 2.259 loading class com/android/dx/cf/attrib/AttEnclosingMethod
Event: 2.259 loading class com/android/dx/cf/attrib/AttEnclosingMethod done


Dynamic libraries:
0x000000013f600000 - 0x000000013f637000 	C:\Program Files\Java\jdk1.8.0_101\bin\java.exe
0x00000000770d0000 - 0x0000000077279000 	C:\Windows\SYSTEM32\ntdll.dll
0x0000000076eb0000 - 0x0000000076fcf000 	C:\Windows\system32\kernel32.dll
0x000007fefd320000 - 0x000007fefd38c000 	C:\Windows\system32\KERNELBASE.dll
0x000007fefd520000 - 0x000007fefd5fb000 	C:\Windows\system32\ADVAPI32.dll
0x000007fefe2e0000 - 0x000007fefe37f000 	C:\Windows\system32\msvcrt.dll
0x000007fefdd40000 - 0x000007fefdd5f000 	C:\Windows\SYSTEM32\sechost.dll
0x000007feff1a0000 - 0x000007feff2cd000 	C:\Windows\system32\RPCRT4.dll
0x0000000076fd0000 - 0x00000000770ca000 	C:\Windows\system32\USER32.dll
0x000007fefe380000 - 0x000007fefe3e7000 	C:\Windows\system32\GDI32.dll
0x000007fefdd60000 - 0x000007fefdd6e000 	C:\Windows\system32\LPK.dll
0x000007fefdfa0000 - 0x000007fefe069000 	C:\Windows\system32\USP10.dll
0x000007fefbc10000 - 0x000007fefbe04000 	C:\Windows\WinSxS\amd64_microsoft.windows.common-controls_6595b64144ccf1df_6.0.7601.17514_none_fa396087175ac9ac\COMCTL32.dll
0x000007fefd870000 - 0x000007fefd8e1000 	C:\Windows\system32\SHLWAPI.dll
0x000007fefdd10000 - 0x000007fefdd3e000 	C:\Windows\system32\IMM32.DLL
0x000007feff2d0000 - 0x000007feff3d9000 	C:\Windows\system32\MSCTF.dll
0x0000000078a40000 - 0x0000000078b12000 	C:\Program Files\Java\jdk1.8.0_101\jre\bin\msvcr100.dll
0x000000006ff80000 - 0x000000007081a000 	C:\Program Files\Java\jdk1.8.0_101\jre\bin\server\jvm.dll
0x000007fefaba0000 - 0x000007fefaba9000 	C:\Windows\system32\WSOCK32.dll
0x000007fefdd70000 - 0x000007fefddbd000 	C:\Windows\system32\WS2_32.dll
0x000007fefe2d0000 - 0x000007fefe2d8000 	C:\Windows\system32\NSI.dll
0x000007fefb1b0000 - 0x000007fefb1eb000 	C:\Windows\system32\WINMM.dll
0x000007fefc130000 - 0x000007fefc13c000 	C:\Windows\system32\VERSION.dll
0x0000000077290000 - 0x0000000077297000 	C:\Windows\system32\PSAPI.DLL
0x000000005d5e0000 - 0x000000005d5ef000 	C:\Program Files\Java\jdk1.8.0_101\jre\bin\verify.dll
0x0000000059450000 - 0x0000000059479000 	C:\Program Files\Java\jdk1.8.0_101\jre\bin\java.dll
0x0000000059160000 - 0x0000000059176000 	C:\Program Files\Java\jdk1.8.0_101\jre\bin\zip.dll
0x000007fefe410000 - 0x000007feff198000 	C:\Windows\system32\SHELL32.dll
0x000007fefd660000 - 0x000007fefd863000 	C:\Windows\system32\ole32.dll
0x000007fefd020000 - 0x000007fefd02f000 	C:\Windows\system32\profapi.dll

VM Arguments:
jvm_args: -Djava.awt.headless=true -Xmx1024M -Dfile.encoding=GBK -Duser.country=CN -Duser.language=zh -Duser.variant 
java_command: com.android.dx.command.Main --dex --force-jumbo --num-threads=4 --output C:\Users\miaochangchun\Downloads\TTSMulti\app\build\intermediates\pre-dexed\debug\hcicloud-5.0_714e7c0493f72b1d2f86295feb20c675e1aadfca.jar C:\Users\miaochangchun\Downloads\TTSMulti\app\libs\hcicloud-5.0.jar
java_class_path (initial): C:\Users\miaochangchun\AppData\Local\Android\Sdk\build-tools\24.0.0\lib\dx.jar
Launcher Type: SUN_STANDARD

Environment Variables:
JAVA_HOME=C:\Program Files\Java\jdk1.8.0_101
CLASSPATH=.;C:\Program Files\Java\jdk1.8.0_101\lib\dt.jar;C:\Program Files\Java\jdk1.8.0_101\lib\tools.jar;
PATH=C:\ProgramData\Oracle\Java\javapath;C:\Program Files (x86)\NVIDIA Corporation\PhysX\Common;C:\Windows\system32;C:\Windows;C:\Windows\System32\Wbem;C:\Windows\System32\WindowsPowerShell\v1.0\;C:\Program Files (x86)\Microsoft SQL Server\90\Tools\binn\;C:\Program Files\Java\jdk1.8.0_101\bin;C:\Program Files\Java\jdk1.8.0_101\jre\bin;C:\Program Files (x86)\MySQL\MySQL Server 5.0\bin;C:\MinGW\bin;C:\Users\miaochangchun\Downloads\apache-maven-3.3.9-bin\apache-maven-3.3.9\bin;D:\wamp\php-7.0.10-Win32-VC14-x64;D:\wamp\php-7.0.10-Win32-VC14-x64\ext;D:\adt-bundle-windows-x86-20130522\sdk\build-tools;D:\adt-bundle-windows-x86-20130522\sdk\platform-tools;D:\adt-bundle-windows-x86-20130522\sdk\tools;C:\Program Files (x86)\Skype\Phone\
USERNAME=miaochangchun
OS=Windows_NT
PROCESSOR_IDENTIFIER=Intel64 Family 6 Model 60 Stepping 3, GenuineIntel



---------------  S Y S T E M  ---------------

OS: Windows 7 , 64 bit Build 7601 (6.1.7601.17965)

CPU:total 4 (2 cores per cpu, 2 threads per core) family 6 model 60 stepping 3, cmov, cx8, fxsr, mmx, sse, sse2, sse3, ssse3, sse4.1, sse4.2, popcnt, avx, avx2, aes, clmul, erms, lzcnt, ht, tsc, tscinvbit, bmi1, bmi2

Memory: 4k page, physical 4145832k(146960k free), swap 8337252k(15060k free)

vm_info: Java HotSpot(TM) 64-Bit Server VM (25.101-b13) for windows-amd64 JRE (1.8.0_101-b13), built on Jun 22 2016 01:21:29 by "java_re" with MS VC++ 10.0 (VS2010)

time: Mon Oct 24 21:03:34 2016
elapsed time: 3 seconds (0d 0h 0m 3s)

