#
# There is insufficient memory for the Java Runtime Environment to continue.
# Native memory allocation (malloc) failed to allocate 52336 bytes for Chunk::new
# Possible reasons:
#   The system is out of physical RAM or swap space
#   In 32 bit mode, the process size limit was hit
# Possible solutions:
#   Reduce memory load on the system
#   Increase physical memory or swap space
#   Check if swap backing store is full
#   Use 64 bit Java on a 64 bit OS
#   Decrease Java heap size (-Xmx/-Xms)
#   Decrease number of Java threads
#   Decrease Java thread stack sizes (-Xss)
#   Set larger code cache with -XX:ReservedCodeCacheSize=
# This output file may be truncated or incomplete.
#
#  Out of Memory Error (allocation.cpp:390), pid=9784, tid=0x0000000000002390
#
# JRE version: Java(TM) SE Runtime Environment (8.0_101-b13) (build 1.8.0_101-b13)
# Java VM: Java HotSpot(TM) 64-Bit Server VM (25.101-b13 mixed mode windows-amd64 compressed oops)
# Failed to write core dump. Minidumps are not enabled by default on client versions of Windows
#

---------------  T H R E A D  ---------------

Current thread (0x0000000056684000):  JavaThread "C2 CompilerThread0" daemon [_thread_in_native, id=9104, stack(0x0000000056ef0000,0x0000000056ff0000)]

Stack: [0x0000000056ef0000,0x0000000056ff0000]
[error occurred during error reporting (printing stack bounds), id 0xc0000005]

Native frames: (J=compiled Java code, j=interpreted, Vv=VM code, C=native code)


Current CompileTask:
C2:   1106  492       4       java.util.HashMap::getNode (148 bytes)


---------------  P R O C E S S  ---------------

Java Threads: ( => current thread )
  0x00000000569b8000 JavaThread "pool-1-thread-4" [_thread_blocked, id=9276, stack(0x0000000057190000,0x0000000057290000)]
  0x00000000569a8800 JavaThread "pool-1-thread-3" [_thread_in_Java, id=9080, stack(0x0000000058080000,0x0000000058180000)]
  0x0000000056a61000 JavaThread "pool-1-thread-2" [_thread_in_vm, id=7836, stack(0x00000000581a0000,0x00000000582a0000)]
  0x0000000056930000 JavaThread "pool-2-thread-1" [_thread_blocked, id=8344, stack(0x0000000057f20000,0x0000000058020000)]
  0x000000005699d000 JavaThread "pool-1-thread-1" [_thread_blocked, id=6788, stack(0x0000000057db0000,0x0000000057eb0000)]
  0x00000000566f5000 JavaThread "Service Thread" daemon [_thread_blocked, id=7428, stack(0x0000000056db0000,0x0000000056eb0000)]
  0x0000000056689000 JavaThread "C1 CompilerThread2" daemon [_thread_in_native, id=8356, stack(0x00000000572b0000,0x00000000573b0000)]
  0x0000000056688000 JavaThread "C2 CompilerThread1" daemon [_thread_in_native, id=7848, stack(0x0000000057070000,0x0000000057170000)]
=>0x0000000056684000 JavaThread "C2 CompilerThread0" daemon [_thread_in_native, id=9104, stack(0x0000000056ef0000,0x0000000056ff0000)]
  0x000000005667a800 JavaThread "Attach Listener" daemon [_thread_blocked, id=10188, stack(0x0000000056aa0000,0x0000000056ba0000)]
  0x0000000055329000 JavaThread "Signal Dispatcher" daemon [_thread_blocked, id=4440, stack(0x0000000056c50000,0x0000000056d50000)]
  0x000000005530a800 JavaThread "Finalizer" daemon [_thread_blocked, id=10108, stack(0x0000000056570000,0x0000000056670000)]
  0x00000000552c3000 JavaThread "Reference Handler" daemon [_thread_blocked, id=8948, stack(0x00000000563e0000,0x00000000564e0000)]
  0x00000000024fe000 JavaThread "main" [_thread_in_Java, id=8660, stack(0x0000000002700000,0x0000000002800000)]

Other Threads:
  0x00000000552bb800 VMThread [stack: 0x0000000056250000,0x0000000056350000] [id=9976]
  0x0000000056704000 WatcherThread [stack: 0x0000000057490000,0x0000000057590000] [id=9888]

VM state:not at safepoint (normal execution)

VM Mutex/Monitor currently owned by a thread: None

Heap:
 PSYoungGen      total 18944K, used 8793K [0x00000000eab00000, 0x00000000ed000000, 0x0000000100000000)
  eden space 16384K, 43% used [0x00000000eab00000,0x00000000eb1fe198,0x00000000ebb00000)
  from space 2560K, 63% used [0x00000000ebb00000,0x00000000ebc98468,0x00000000ebd80000)
  to   space 2560K, 0% used [0x00000000ecd80000,0x00000000ecd80000,0x00000000ed000000)
 ParOldGen       total 44032K, used 0K [0x00000000c0000000, 0x00000000c2b00000, 0x00000000eab00000)
  object space 44032K, 0% used [0x00000000c0000000,0x00000000c0000000,0x00000000c2b00000)
 Metaspace       used 5476K, capacity 6450K, committed 6528K, reserved 1056768K
  class space    used 597K, capacity 618K, committed 640K, reserved 1048576K

Card table byte_map: [0x0000000011bc0000,0x0000000011dd0000] byte_map_base: 0x00000000115c0000

Marking Bits: (ParMarkBitMap*) 0x000000007079a6d0
 Begin Bits: [0x0000000012730000, 0x0000000013730000)
 End Bits:   [0x0000000013730000, 0x0000000014730000)

Polling page: 0x0000000000330000

CodeCache: size=245760Kb used=2084Kb max_used=2084Kb free=243675Kb
 bounds [0x0000000002800000, 0x0000000002a70000, 0x0000000011800000]
 total_blobs=772 nmethods=501 adapters=184
 compilation: enabled

Compilation events (10 events):
Event: 1.105 Thread 0x0000000056689000 nmethod 467 0x0000000002a05290 code [0x0000000002a053e0, 0x0000000002a054f0]
Event: 1.105 Thread 0x0000000056689000  495       3       com.android.dx.util.IntList::binarysearch (124 bytes)
Event: 1.105 Thread 0x0000000056689000 nmethod 495 0x0000000002a05550 code [0x0000000002a056e0, 0x0000000002a05b90]
Event: 1.105 Thread 0x0000000056689000  470       1       com.android.dx.cf.code.BaseMachine::getAuxCases (5 bytes)
Event: 1.105 Thread 0x0000000056689000 nmethod 470 0x0000000002a05e50 code [0x0000000002a05fa0, 0x0000000002a060b0]
Event: 1.105 Thread 0x0000000056689000  471       1       com.android.dx.cf.code.BaseMachine::getInitValues (5 bytes)
Event: 1.105 Thread 0x0000000056689000 nmethod 471 0x0000000002a06110 code [0x0000000002a06260, 0x0000000002a06370]
Event: 1.105 Thread 0x0000000056689000  496   !   3       com.android.dx.util.IntList::set (53 bytes)
Event: 1.105 Thread 0x0000000056689000 nmethod 496 0x0000000002a063d0 code [0x0000000002a06580, 0x0000000002a06b28]
Event: 1.105 Thread 0x0000000056689000  500       3       java.util.Arrays::equals (78 bytes)

GC Heap History (2 events):
Event: 0.645 GC heap before
{Heap before GC invocations=1 (full 0):
 PSYoungGen      total 18944K, used 16384K [0x00000000eab00000, 0x00000000ec000000, 0x0000000100000000)
  eden space 16384K, 100% used [0x00000000eab00000,0x00000000ebb00000,0x00000000ebb00000)
  from space 2560K, 0% used [0x00000000ebd80000,0x00000000ebd80000,0x00000000ec000000)
  to   space 2560K, 0% used [0x00000000ebb00000,0x00000000ebb00000,0x00000000ebd80000)
 ParOldGen       total 44032K, used 0K [0x00000000c0000000, 0x00000000c2b00000, 0x00000000eab00000)
  object space 44032K, 0% used [0x00000000c0000000,0x00000000c0000000,0x00000000c2b00000)
 Metaspace       used 3965K, capacity 5040K, committed 5120K, reserved 1056768K
  class space    used 443K, capacity 488K, committed 512K, reserved 1048576K
Event: 0.881 GC heap after
Heap after GC invocations=1 (full 0):
 PSYoungGen      total 18944K, used 1633K [0x00000000eab00000, 0x00000000ed000000, 0x0000000100000000)
  eden space 16384K, 0% used [0x00000000eab00000,0x00000000eab00000,0x00000000ebb00000)
  from space 2560K, 63% used [0x00000000ebb00000,0x00000000ebc98468,0x00000000ebd80000)
  to   space 2560K, 0% used [0x00000000ecd80000,0x00000000ecd80000,0x00000000ed000000)
 ParOldGen       total 44032K, used 0K [0x00000000c0000000, 0x00000000c2b00000, 0x00000000eab00000)
  object space 44032K, 0% used [0x00000000c0000000,0x00000000c0000000,0x00000000c2b00000)
 Metaspace       used 3965K, capacity 5040K, committed 5120K, reserved 1056768K
  class space    used 443K, capacity 488K, committed 512K, reserved 1048576K
}

Deoptimization events (1 events):
Event: 0.341 Thread 0x00000000024fe000 Uncommon trap: reason=unstable_if action=reinterpret pc=0x0000000002953e44 method=java.lang.String.compareTo(Ljava/lang/String;)I @ 38

Internal exceptions (2 events):
Event: 0.039 Thread 0x00000000024fe000 Exception <a 'java/lang/NoSuchMethodError': Method sun.misc.Unsafe.defineClass(Ljava/lang/String;[BII)Ljava/lang/Class; name or signature does not match> (0x00000000eab07cc0) thrown at [C:\re\workspace\8-2-build-windows-amd64-cygwin\jdk8u101\7261\hotspot\s~	ðN™¤?
Event: 0.039 Thread 0x00000000024fe000 Exception <a 'java/lang/NoSuchMethodError': Method sun.misc.Unsafe.prefetchRead(Ljava/lang/Object;J)V name or signature does not match> (0x00000000eab07fa8) thrown at [C:\re\workspace\8-2-build-windows-amd64-cygwin\jdk8u101\7261\hotspot\src\share\vm\prims\

Events (10 events):
Event: 1.073 loading class com/android/dx/cf/attrib/AttDeprecated
Event: 1.073 loading class com/android/dx/cf/attrib/AttDeprecated done
Event: 1.073 loading class com/android/dx/cf/attrib/AttRuntimeVisibleAnnotations
Event: 1.073 loading class com/android/dx/cf/attrib/AttRuntimeVisibleAnnotations done
Event: 1.073 loading class com/android/dx/cf/attrib/BaseAnnotations
Event: 1.073 loading class com/android/dx/cf/attrib/BaseAnnotations done
Event: 1.086 loading class com/android/dx/ssa/PhiInsn$Operand
Event: 1.086 loading class com/android/dx/ssa/PhiInsn$Operand done
Event: 1.094 loading class com/android/dx/cf/code/SwitchList
Event: 1.094 loading class com/android/dx/cf/code/SwitchList done


Dynamic libraries:
0x000000013f600000 - 0x000000013f637000 	C:\Program Files\Java\jdk1.8.0_101\bin\java.exe
0x00000000770d0000 - 0x0000000077279000 	C:\Windows\SYSTEM32\ntdll.dll
0x0000000076eb0000 - 0x0000000076fcf000 	C:\Windows\system32\kernel32.dll
0x000007fefd320000 - 0x000007fefd38c000 	C:\Windows\system32\KERNELBASE.dll
0x000007fefd520000 - 0x000007fefd5fb000 	C:\Windows\system32\ADVAPI32.dll
0x000007fefe2e0000 - 0x000007fefe37f000 	C:\Windows\system32\msvcrt.dll
0x000007fefdd40000 - 0x000007fefdd5f000 	C:\Windows\SYSTEM32\sechost.dll
0x000007feff1a0000 - 0x000007feff2cd000 	C:\Windows\system32\RPCRT4.dll
0x0000000076fd0000 - 0x00000000770ca000 	C:\Windows\system32\USER32.dll
0x000007fefe380000 - 0x000007fefe3e7000 	C:\Windows\system32\GDI32.dll
0x000007fefdd60000 - 0x000007fefdd6e000 	C:\Windows\system32\LPK.dll
0x000007fefdfa0000 - 0x000007fefe069000 	C:\Windows\system32\USP10.dll
0x000007fefbc10000 - 0x000007fefbe04000 	C:\Windows\WinSxS\amd64_microsoft.windows.common-controls_6595b64144ccf1df_6.0.7601.17514_none_fa396087175ac9ac\COMCTL32.dll
0x000007fefd870000 - 0x000007fefd8e1000 	C:\Windows\system32\SHLWAPI.dll
0x000007fefdd10000 - 0x000007fefdd3e000 	C:\Windows\system32\IMM32.DLL
0x000007feff2d0000 - 0x000007feff3d9000 	C:\Windows\system32\MSCTF.dll
0x0000000078a40000 - 0x0000000078b12000 	C:\Program Files\Java\jdk1.8.0_101\jre\bin\msvcr100.dll
0x000000006ff80000 - 0x000000007081a000 	C:\Program Files\Java\jdk1.8.0_101\jre\bin\server\jvm.dll
0x000007fefaba0000 - 0x000007fefaba9000 	C:\Windows\system32\WSOCK32.dll
0x000007fefdd70000 - 0x000007fefddbd000 	C:\Windows\system32\WS2_32.dll
0x000007fefe2d0000 - 0x000007fefe2d8000 	C:\Windows\system32\NSI.dll
0x000007fefb1b0000 - 0x000007fefb1eb000 	C:\Windows\system32\WINMM.dll
0x000007fefc130000 - 0x000007fefc13c000 	C:\Windows\system32\VERSION.dll
0x0000000077290000 - 0x0000000077297000 	C:\Windows\system32\PSAPI.DLL
0x000000005d5e0000 - 0x000000005d5ef000 	C:\Program Files\Java\jdk1.8.0_101\jre\bin\verify.dll
0x0000000059450000 - 0x0000000059479000 	C:\Program Files\Java\jdk1.8.0_101\jre\bin\java.dll
0x0000000059160000 - 0x0000000059176000 	C:\Program Files\Java\jdk1.8.0_101\jre\bin\zip.dll
0x000007fefe410000 - 0x000007feff198000 	C:\Windows\system32\SHELL32.dll
0x000007fefd660000 - 0x000007fefd863000 	C:\Windows\system32\ole32.dll
0x000007fefd020000 - 0x000007fefd02f000 	C:\Windows\system32\profapi.dll

VM Arguments:
jvm_args: -Djava.awt.headless=true -Xmx1024M -Dfile.encoding=GBK -Duser.country=CN -Duser.language=zh -Duser.variant 
java_command: com.android.dx.command.Main --dex --num-threads=4 --output C:\Users\miaochangchun\Downloads\TTSMulti\app\build\intermediates\pre-dexed\debug\com.android.support-support-v4-23.4.0_c862b82dad1fdd21753831cd78ff69526496dcd7.jar C:\Users\miaochangchun\Downloads\TTSMulti\app\build\intermediates\exploded-aar\com.android.support\support-v4\23.4.0\jars\classes.jar
java_class_path (initial): C:\Users\miaochangchun\AppData\Local\Android\Sdk\build-tools\24.0.0\lib\dx.jar
Launcher Type: SUN_STANDARD

Environment Variables:
JAVA_HOME=C:\Program Files\Java\jdk1.8.0_101
CLASSPATH=.;C:\Program Files\Java\jdk1.8.0_101\lib\dt.jar;C:\Program Files\Java\jdk1.8.0_101\lib\tools.jar;
PATH=C:\ProgramData\Oracle\Java\javapath;C:\Program Files (x86)\NVIDIA Corporation\PhysX\Common;C:\Windows\system32;C:\Windows;C:\Windows\System32\Wbem;C:\Windows\System32\WindowsPowerShell\v1.0\;C:\Program Files (x86)\Microsoft SQL Server\90\Tools\binn\;C:\Program Files\Java\jdk1.8.0_101\bin;C:\Program Files\Java\jdk1.8.0_101\jre\bin;C:\Program Files (x86)\MySQL\MySQL Server 5.0\bin;C:\MinGW\bin;C:\Users\miaochangchun\Downloads\apache-maven-3.3.9-bin\apache-maven-3.3.9\bin;D:\wamp\php-7.0.10-Win32-VC14-x64;D:\wamp\php-7.0.10-Win32-VC14-x64\ext;D:\adt-bundle-windows-x86-20130522\sdk\build-tools;D:\adt-bundle-windows-x86-20130522\sdk\platform-tools;D:\adt-bundle-windows-x86-20130522\sdk\tools;C:\Program Files (x86)\Skype\Phone\
USERNAME=miaochangchun
OS=Windows_NT
PROCESSOR_IDENTIFIER=Intel64 Family 6 Model 60 Stepping 3, GenuineIntel



---------------  S Y S T E M  ---------------

OS: Windows 7 , 64 bit Build 7601 (6.1.7601.17965)

CPU:total 4 (2 cores per cpu, 2 threads per core) family 6 model 60 stepping 3, cmov, cx8, fxsr, mmx, sse, sse2, sse3, ssse3, sse4.1, sse4.2, popcnt, avx, avx2, aes, clmul, erms, lzcnt, ht, tsc, tscinvbit, bmi1, bmi2

Memory: 4k page, physical 4145832k(293424k free), swap 8337252k(5108k free)

vm_info: Java HotSpot(TM) 64-Bit Server VM (25.101-b13) for windows-amd64 JRE (1.8.0_101-b13), built on Jun 22 2016 01:21:29 by "java_re" with MS VC++ 10.0 (VS2010)

time: Mon Oct 24 21:05:37 2016
elapsed time: 1 seconds (0d 0h 0m 1s)

