#
# There is insufficient memory for the Java Runtime Environment to continue.
# Native memory allocation (malloc) failed to allocate 32744 bytes for ChunkPool::allocate
# Possible reasons:
#   The system is out of physical RAM or swap space
#   In 32 bit mode, the process size limit was hit
# Possible solutions:
#   Reduce memory load on the system
#   Increase physical memory or swap space
#   Check if swap backing store is full
#   Use 64 bit Java on a 64 bit OS
#   Decrease Java heap size (-Xmx/-Xms)
#   Decrease number of Java threads
#   Decrease Java thread stack sizes (-Xss)
#   Set larger code cache with -XX:ReservedCodeCacheSize=
# This output file may be truncated or incomplete.
#
#  Out of Memory Error (allocation.cpp:273), pid=9696, tid=0x0000000000002508
#
# JRE version: Java(TM) SE Runtime Environment (8.0_101-b13) (build 1.8.0_101-b13)
# Java VM: Java HotSpot(TM) 64-Bit Server VM (25.101-b13 mixed mode windows-amd64 compressed oops)
# Failed to write core dump. Minidumps are not enabled by default on client versions of Windows
#

---------------  T H R E A D  ---------------

Current thread (0x00000000566e6000):  JavaThread "C1 CompilerThread2" daemon [_thread_in_native, id=9480, stack(0x0000000056f90000,0x0000000057090000)]

Stack: [0x0000000056f90000,0x0000000057090000]
[error occurred during error reporting (printing stack bounds), id 0xc0000005]

Native frames: (J=compiled Java code, j=interpreted, Vv=VM code, C=native code)


Current CompileTask:
C1:    870  671   !   3       com.android.dx.cf.code.RopperMachine::run (1550 bytes)


---------------  P R O C E S S  ---------------

Java Threads: ( => current thread )
  0x00000000569e1800 JavaThread "pool-1-thread-4" [_thread_blocked, id=8012, stack(0x0000000057710000,0x0000000057810000)]
  0x00000000568d2800 JavaThread "pool-1-thread-3" [_thread_blocked, id=5080, stack(0x0000000057880000,0x0000000057980000)]
  0x000000005689d000 JavaThread "pool-1-thread-2" [_thread_blocked, id=10032, stack(0x0000000057600000,0x0000000057700000)]
  0x000000005689c000 JavaThread "pool-2-thread-1" [_thread_blocked, id=8800, stack(0x0000000057400000,0x0000000057500000)]
  0x000000005689b800 JavaThread "pool-1-thread-1" [_thread_blocked, id=9240, stack(0x00000000572c0000,0x00000000573c0000)]
  0x000000005677e800 JavaThread "Service Thread" daemon [_thread_blocked, id=10068, stack(0x0000000056dd0000,0x0000000056ed0000)]
=>0x00000000566e6000 JavaThread "C1 CompilerThread2" daemon [_thread_in_native, id=9480, stack(0x0000000056f90000,0x0000000057090000)]
  0x000000005514f800 JavaThread "C2 CompilerThread1" daemon [_thread_blocked, id=9732, stack(0x00000000560a0000,0x00000000561a0000)]
  0x000000005514d000 JavaThread "C2 CompilerThread0" daemon [_thread_blocked, id=10064, stack(0x0000000056ca0000,0x0000000056da0000)]
  0x00000000566da800 JavaThread "Attach Listener" daemon [_thread_blocked, id=9588, stack(0x00000000562a0000,0x00000000563a0000)]
  0x000000005514a000 JavaThread "Signal Dispatcher" daemon [_thread_blocked, id=9372, stack(0x0000000056b40000,0x0000000056c40000)]
  0x000000005512b800 JavaThread "Finalizer" daemon [_thread_blocked, id=9376, stack(0x00000000565d0000,0x00000000566d0000)]
  0x00000000550e2000 JavaThread "Reference Handler" daemon [_thread_blocked, id=9964, stack(0x00000000563e0000,0x00000000564e0000)]
  0x00000000025fe000 JavaThread "main" [_thread_blocked, id=7068, stack(0x00000000027d0000,0x00000000028d0000)]

Other Threads:
  0x00000000550dc800 VMThread [stack: 0x00000000561a0000,0x00000000562a0000] [id=5588]
  0x0000000056791000 WatcherThread [stack: 0x0000000057180000,0x0000000057280000] [id=9880]

VM state:not at safepoint (normal execution)

VM Mutex/Monitor currently owned by a thread: None

Heap:
 PSYoungGen      total 18944K, used 2743K [0x00000000eab00000, 0x00000000ec000000, 0x0000000100000000)
  eden space 16384K, 1% used [0x00000000eab00000,0x00000000eab313d0,0x00000000ebb00000)
  from space 2560K, 99% used [0x00000000ebb00000,0x00000000ebd7cab0,0x00000000ebd80000)
  to   space 2560K, 0% used [0x00000000ebd80000,0x00000000ebd80000,0x00000000ec000000)
 ParOldGen       total 44032K, used 1807K [0x00000000c0000000, 0x00000000c2b00000, 0x00000000eab00000)
  object space 44032K, 4% used [0x00000000c0000000,0x00000000c01c3c20,0x00000000c2b00000)
 Metaspace       used 5695K, capacity 6646K, committed 6784K, reserved 1056768K
  class space    used 599K, capacity 622K, committed 640K, reserved 1048576K

Card table byte_map: [0x0000000011c90000,0x0000000011ea0000] byte_map_base: 0x0000000011690000

Marking Bits: (ParMarkBitMap*) 0x000000007079a6d0
 Begin Bits: [0x0000000012550000, 0x0000000013550000)
 End Bits:   [0x0000000013550000, 0x0000000014550000)

Polling page: 0x0000000000230000

CodeCache: size=245760Kb used=2463Kb max_used=2464Kb free=243296Kb
 bounds [0x00000000028d0000, 0x0000000002b40000, 0x00000000118d0000]
 total_blobs=933 nmethods=661 adapters=183
 compilation: enabled

Compilation events (10 events):
Event: 0.707 Thread 0x00000000566e6000 nmethod 681 0x0000000002b30290 code [0x0000000002b30500, 0x0000000002b31658]
Event: 0.707 Thread 0x00000000566e6000  643       3       com.android.dx.ssa.SsaMethod::indexListFromLabelList (47 bytes)
Event: 0.707 Thread 0x00000000566e6000 nmethod 643 0x0000000002b322d0 code [0x0000000002b32480, 0x0000000002b32c18]
Event: 0.707 Thread 0x00000000566e6000  659       3       com.android.dx.ssa.Dominators::compress (229 bytes)
Event: 0.708 Thread 0x000000005514d000 nmethod 699 0x0000000002b35d50 code [0x0000000002b35ea0, 0x0000000002b36138]
Event: 0.708 Thread 0x000000005514d000  701       4       com.android.dx.ssa.RegisterMapper::map (63 bytes)
Event: 0.709 Thread 0x00000000566e6000 nmethod 659 0x0000000002b37e90 code [0x0000000002b381e0, 0x0000000002b39e58]
Event: 0.709 Thread 0x00000000566e6000  671   !   3       com.android.dx.cf.code.RopperMachine::run (1550 bytes)
Event: 0.709 Thread 0x000000005514f800 nmethod 700 0x0000000002b33f90 code [0x0000000002b34100, 0x0000000002b34438]
Event: 0.709 Thread 0x000000005514f800  702       4       com.android.dx.ssa.NormalSsaInsn::mapSourceRegisters (48 bytes)

GC Heap History (2 events):
Event: 0.742 GC heap before
{Heap before GC invocations=1 (full 0):
 PSYoungGen      total 18944K, used 16384K [0x00000000eab00000, 0x00000000ec000000, 0x0000000100000000)
  eden space 16384K, 100% used [0x00000000eab00000,0x00000000ebb00000,0x00000000ebb00000)
  from space 2560K, 0% used [0x00000000ebd80000,0x00000000ebd80000,0x00000000ec000000)
  to   space 2560K, 0% used [0x00000000ebb00000,0x00000000ebb00000,0x00000000ebd80000)
 ParOldGen       total 44032K, used 0K [0x00000000c0000000, 0x00000000c2b00000, 0x00000000eab00000)
  object space 44032K, 0% used [0x00000000c0000000,0x00000000c0000000,0x00000000c2b00000)
 Metaspace       used 5688K, capacity 6646K, committed 6784K, reserved 1056768K
  class space    used 599K, capacity 622K, committed 640K, reserved 1048576K
Event: 0.777 GC heap after
Heap after GC invocations=1 (full 0):
 PSYoungGen      total 18944K, used 2546K [0x00000000eab00000, 0x00000000ec000000, 0x0000000100000000)
  eden space 16384K, 0% used [0x00000000eab00000,0x00000000eab00000,0x00000000ebb00000)
  from space 2560K, 99% used [0x00000000ebb00000,0x00000000ebd7cab0,0x00000000ebd80000)
  to   space 2560K, 0% used [0x00000000ebd80000,0x00000000ebd80000,0x00000000ec000000)
 ParOldGen       total 44032K, used 1807K [0x00000000c0000000, 0x00000000c2b00000, 0x00000000eab00000)
  object space 44032K, 4% used [0x00000000c0000000,0x00000000c01c3c20,0x00000000c2b00000)
 Metaspace       used 5688K, capacity 6646K, committed 6784K, reserved 1056768K
  class space    used 599K, capacity 622K, committed 640K, reserved 1048576K
}

Deoptimization events (2 events):
Event: 0.591 Thread 0x000000005689b800 Uncommon trap: reason=unstable_if action=reinterpret pc=0x0000000002a9ded8 method=java.util.HashMap.getNode(ILjava/lang/Object;)Ljava/util/HashMap$Node; @ 62
Event: 0.648 Thread 0x00000000568d2800 Uncommon trap: reason=unstable_if action=reinterpret pc=0x0000000002aa33e4 method=java.util.BitSet.ensureCapacity(I)V @ 6

Internal exceptions (2 events):
Event: 0.049 Thread 0x00000000025fe000 Exception <a 'java/lang/NoSuchMethodError': Method sun.misc.Unsafe.defineClass(Ljava/lang/String;[BII)Ljava/lang/Class; name or signature does not match> (0x00000000eab07cc0) thrown at [C:\re\workspace\8-2-build-windows-amd64-cygwin\jdk8u101\7261\hotspot\s!´w°1©?
Event: 0.049 Thread 0x00000000025fe000 Exception <a 'java/lang/NoSuchMethodError': Method sun.misc.Unsafe.prefetchRead(Ljava/lang/Object;J)V name or signature does not match> (0x00000000eab07fa8) thrown at [C:\re\workspace\8-2-build-windows-amd64-cygwin\jdk8u101\7261\hotspot\src\share\vm\prims\

Events (10 events):
Event: 0.653 loading class java/util/TreeMap$EntryIterator
Event: 0.653 loading class java/util/TreeMap$EntryIterator done
Event: 0.672 Executing VM operation: ForceSafepoint
Event: 0.673 Executing VM operation: ForceSafepoint done
Event: 0.691 loading class com/android/dx/dex/file/MethodAnnotationStruct
Event: 0.691 loading class com/android/dx/dex/file/MethodAnnotationStruct done
Event: 0.702 loading class com/android/dx/dex/file/FieldAnnotationStruct
Event: 0.702 loading class com/android/dx/dex/file/FieldAnnotationStruct done
Event: 0.718 Executing VM operation: ParallelGCFailedAllocation
Event: 0.778 Executing VM operation: ParallelGCFailedAllocation done


Dynamic libraries:
0x000000013f600000 - 0x000000013f637000 	C:\Program Files\Java\jdk1.8.0_101\bin\java.exe
0x00000000770d0000 - 0x0000000077279000 	C:\Windows\SYSTEM32\ntdll.dll
0x0000000076eb0000 - 0x0000000076fcf000 	C:\Windows\system32\kernel32.dll
0x000007fefd320000 - 0x000007fefd38c000 	C:\Windows\system32\KERNELBASE.dll
0x000007fefd520000 - 0x000007fefd5fb000 	C:\Windows\system32\ADVAPI32.dll
0x000007fefe2e0000 - 0x000007fefe37f000 	C:\Windows\system32\msvcrt.dll
0x000007fefdd40000 - 0x000007fefdd5f000 	C:\Windows\SYSTEM32\sechost.dll
0x000007feff1a0000 - 0x000007feff2cd000 	C:\Windows\system32\RPCRT4.dll
0x0000000076fd0000 - 0x00000000770ca000 	C:\Windows\system32\USER32.dll
0x000007fefe380000 - 0x000007fefe3e7000 	C:\Windows\system32\GDI32.dll
0x000007fefdd60000 - 0x000007fefdd6e000 	C:\Windows\system32\LPK.dll
0x000007fefdfa0000 - 0x000007fefe069000 	C:\Windows\system32\USP10.dll
0x000007fefbc10000 - 0x000007fefbe04000 	C:\Windows\WinSxS\amd64_microsoft.windows.common-controls_6595b64144ccf1df_6.0.7601.17514_none_fa396087175ac9ac\COMCTL32.dll
0x000007fefd870000 - 0x000007fefd8e1000 	C:\Windows\system32\SHLWAPI.dll
0x000007fefdd10000 - 0x000007fefdd3e000 	C:\Windows\system32\IMM32.DLL
0x000007feff2d0000 - 0x000007feff3d9000 	C:\Windows\system32\MSCTF.dll
0x0000000078a40000 - 0x0000000078b12000 	C:\Program Files\Java\jdk1.8.0_101\jre\bin\msvcr100.dll
0x000000006ff80000 - 0x000000007081a000 	C:\Program Files\Java\jdk1.8.0_101\jre\bin\server\jvm.dll
0x000007fefaba0000 - 0x000007fefaba9000 	C:\Windows\system32\WSOCK32.dll
0x000007fefdd70000 - 0x000007fefddbd000 	C:\Windows\system32\WS2_32.dll
0x000007fefe2d0000 - 0x000007fefe2d8000 	C:\Windows\system32\NSI.dll
0x000007fefb1b0000 - 0x000007fefb1eb000 	C:\Windows\system32\WINMM.dll
0x000007fefc130000 - 0x000007fefc13c000 	C:\Windows\system32\VERSION.dll
0x0000000077290000 - 0x0000000077297000 	C:\Windows\system32\PSAPI.DLL
0x000000005d5e0000 - 0x000000005d5ef000 	C:\Program Files\Java\jdk1.8.0_101\jre\bin\verify.dll
0x0000000059450000 - 0x0000000059479000 	C:\Program Files\Java\jdk1.8.0_101\jre\bin\java.dll
0x0000000059160000 - 0x0000000059176000 	C:\Program Files\Java\jdk1.8.0_101\jre\bin\zip.dll
0x000007fefe410000 - 0x000007feff198000 	C:\Windows\system32\SHELL32.dll
0x000007fefd660000 - 0x000007fefd863000 	C:\Windows\system32\ole32.dll
0x000007fefd020000 - 0x000007fefd02f000 	C:\Windows\system32\profapi.dll

VM Arguments:
jvm_args: -Djava.awt.headless=true -Xmx1024M -Dfile.encoding=GBK -Duser.country=CN -Duser.language=zh -Duser.variant 
java_command: com.android.dx.command.Main --dex --num-threads=4 --output C:\Users\miaochangchun\Downloads\TTSMulti\app\build\intermediates\pre-dexed\debug\hcicloud_player-5.0_8d6e65e65136b421359f5d239075863175589325.jar C:\Users\miaochangchun\Downloads\TTSMulti\app\libs\hcicloud_player-5.0.jar
java_class_path (initial): C:\Users\miaochangchun\AppData\Local\Android\Sdk\build-tools\24.0.0\lib\dx.jar
Launcher Type: SUN_STANDARD

Environment Variables:
JAVA_HOME=C:\Program Files\Java\jdk1.8.0_101
CLASSPATH=.;C:\Program Files\Java\jdk1.8.0_101\lib\dt.jar;C:\Program Files\Java\jdk1.8.0_101\lib\tools.jar;
PATH=C:\ProgramData\Oracle\Java\javapath;C:\Program Files (x86)\NVIDIA Corporation\PhysX\Common;C:\Windows\system32;C:\Windows;C:\Windows\System32\Wbem;C:\Windows\System32\WindowsPowerShell\v1.0\;C:\Program Files (x86)\Microsoft SQL Server\90\Tools\binn\;C:\Program Files\Java\jdk1.8.0_101\bin;C:\Program Files\Java\jdk1.8.0_101\jre\bin;C:\Program Files (x86)\MySQL\MySQL Server 5.0\bin;C:\MinGW\bin;C:\Users\miaochangchun\Downloads\apache-maven-3.3.9-bin\apache-maven-3.3.9\bin;D:\wamp\php-7.0.10-Win32-VC14-x64;D:\wamp\php-7.0.10-Win32-VC14-x64\ext;D:\adt-bundle-windows-x86-20130522\sdk\build-tools;D:\adt-bundle-windows-x86-20130522\sdk\platform-tools;D:\adt-bundle-windows-x86-20130522\sdk\tools;C:\Program Files (x86)\Skype\Phone\
USERNAME=miaochangchun
OS=Windows_NT
PROCESSOR_IDENTIFIER=Intel64 Family 6 Model 60 Stepping 3, GenuineIntel



---------------  S Y S T E M  ---------------

OS: Windows 7 , 64 bit Build 7601 (6.1.7601.17965)

CPU:total 4 (2 cores per cpu, 2 threads per core) family 6 model 60 stepping 3, cmov, cx8, fxsr, mmx, sse, sse2, sse3, ssse3, sse4.1, sse4.2, popcnt, avx, avx2, aes, clmul, erms, lzcnt, ht, tsc, tscinvbit, bmi1, bmi2

Memory: 4k page, physical 4145832k(260376k free), swap 8337252k(5112k free)

vm_info: Java HotSpot(TM) 64-Bit Server VM (25.101-b13) for windows-amd64 JRE (1.8.0_101-b13), built on Jun 22 2016 01:21:29 by "java_re" with MS VC++ 10.0 (VS2010)

time: Mon Oct 24 21:05:36 2016
elapsed time: 0 seconds (0d 0h 0m 0s)

