#
# There is insufficient memory for the Java Runtime Environment to continue.
# Native memory allocation (malloc) failed to allocate 65552 bytes for Chunk::new
# Possible reasons:
#   The system is out of physical RAM or swap space
#   In 32 bit mode, the process size limit was hit
# Possible solutions:
#   Reduce memory load on the system
#   Increase physical memory or swap space
#   Check if swap backing store is full
#   Use 64 bit Java on a 64 bit OS
#   Decrease Java heap size (-Xmx/-Xms)
#   Decrease number of Java threads
#   Decrease Java thread stack sizes (-Xss)
#   Set larger code cache with -XX:ReservedCodeCacheSize=
# This output file may be truncated or incomplete.
#
#  Out of Memory Error (allocation.cpp:390), pid=9492, tid=0x00000000000026d4
#
# JRE version: Java(TM) SE Runtime Environment (8.0_101-b13) (build 1.8.0_101-b13)
# Java VM: Java HotSpot(TM) 64-Bit Server VM (25.101-b13 mixed mode windows-amd64 compressed oops)
# Failed to write core dump. Minidumps are not enabled by default on client versions of Windows
#

---------------  T H R E A D  ---------------

Current thread (0x00000000564a9800):  JavaThread "C2 CompilerThread1" daemon [_thread_in_native, id=9940, stack(0x0000000056d90000,0x0000000056e90000)]

Stack: [0x0000000056d90000,0x0000000056e90000]
[error occurred during error reporting (printing stack bounds), id 0xc0000005]

Native frames: (J=compiled Java code, j=interpreted, Vv=VM code, C=native code)


Current CompileTask:
C2:  34199 1284       4       com.android.dx.ssa.LiteralOpUpgrader$1::visitNonMoveInsn (203 bytes)


---------------  P R O C E S S  ---------------

Java Threads: ( => current thread )
  0x0000000056764800 JavaThread "pool-1-thread-4" [_thread_blocked, id=9920, stack(0x00000000576b0000,0x00000000577b0000)]
  0x000000005675c800 JavaThread "pool-1-thread-3" [_thread_in_Java, id=9464, stack(0x0000000057560000,0x0000000057660000)]
  0x0000000056759000 JavaThread "pool-1-thread-2" [_thread_blocked, id=9468, stack(0x0000000056280000,0x0000000056380000)]
  0x0000000056635800 JavaThread "pool-2-thread-1" [_thread_blocked, id=9108, stack(0x0000000057270000,0x0000000057370000)]
  0x0000000056634800 JavaThread "pool-1-thread-1" [_thread_blocked, id=8284, stack(0x0000000056e90000,0x0000000056f90000)]
  0x0000000056516800 JavaThread "Service Thread" daemon [_thread_blocked, id=9672, stack(0x0000000057120000,0x0000000057220000)]
  0x00000000564aa800 JavaThread "C1 CompilerThread2" daemon [_thread_blocked, id=8504, stack(0x0000000056f90000,0x0000000057090000)]
=>0x00000000564a9800 JavaThread "C2 CompilerThread1" daemon [_thread_in_native, id=9940, stack(0x0000000056d90000,0x0000000056e90000)]
  0x00000000551cd000 JavaThread "C2 CompilerThread0" daemon [_thread_in_native, id=9352, stack(0x00000000568b0000,0x00000000569b0000)]
  0x000000005649a800 JavaThread "Attach Listener" daemon [_thread_blocked, id=9680, stack(0x0000000056b80000,0x0000000056c80000)]
  0x00000000551ca800 JavaThread "Signal Dispatcher" daemon [_thread_blocked, id=10012, stack(0x0000000056a10000,0x0000000056b10000)]
  0x00000000551ab800 JavaThread "Finalizer" daemon [_thread_blocked, id=9620, stack(0x0000000056390000,0x0000000056490000)]
  0x0000000055162000 JavaThread "Reference Handler" daemon [_thread_blocked, id=9696, stack(0x0000000056010000,0x0000000056110000)]
  0x000000000253e000 JavaThread "main" [_thread_in_native, id=8012, stack(0x00000000025a0000,0x00000000026a0000)]

Other Threads:
  0x000000005515c800 VMThread [stack: 0x0000000056160000,0x0000000056260000] [id=9084]
  0x00000000564f2800 WatcherThread [stack: 0x0000000056c90000,0x0000000056d90000] [id=8372]

VM state:not at safepoint (normal execution)

VM Mutex/Monitor currently owned by a thread: None

Heap:
 PSYoungGen      total 35328K, used 25936K [0x00000000eab00000, 0x00000000ed000000, 0x0000000100000000)
  eden space 32768K, 71% used [0x00000000eab00000,0x00000000ec1d4c30,0x00000000ecb00000)
  from space 2560K, 99% used [0x00000000ecd80000,0x00000000ecfff498,0x00000000ed000000)
  to   space 2560K, 0% used [0x00000000ecb00000,0x00000000ecb00000,0x00000000ecd80000)
 ParOldGen       total 44032K, used 8366K [0x00000000c0000000, 0x00000000c2b00000, 0x00000000eab00000)
  object space 44032K, 19% used [0x00000000c0000000,0x00000000c082b948,0x00000000c2b00000)
 Metaspace       used 5812K, capacity 6896K, committed 7040K, reserved 1056768K
  class space    used 585K, capacity 616K, committed 640K, reserved 1048576K

Card table byte_map: [0x0000000011a60000,0x0000000011c70000] byte_map_base: 0x0000000011460000

Marking Bits: (ParMarkBitMap*) 0x000000007079a6d0
 Begin Bits: [0x00000000125d0000, 0x00000000135d0000)
 End Bits:   [0x00000000135d0000, 0x00000000145d0000)

Polling page: 0x0000000000230000

CodeCache: size=245760Kb used=5136Kb max_used=5147Kb free=240623Kb
 bounds [0x00000000026a0000, 0x0000000002bb0000, 0x00000000116a0000]
 total_blobs=1537 nmethods=1273 adapters=177
 compilation: enabled

Compilation events (10 events):
Event: 33.701 Thread 0x00000000564aa800 1289       1       com.android.dx.util.Bits::makeBitSet (11 bytes)
Event: 33.701 Thread 0x00000000564aa800 nmethod 1289 0x0000000002b92490 code [0x0000000002b925e0, 0x0000000002b92750]
Event: 33.701 Thread 0x00000000564aa800 1290       3       com.android.dx.cf.code.OneLocalsArray::makeInitialized (55 bytes)
Event: 33.701 Thread 0x00000000564aa800 nmethod 1290 0x0000000002b91910 code [0x0000000002b91ac0, 0x0000000002b92158]
Event: 33.714 Thread 0x00000000564a9800 nmethod 1274 0x0000000002b9f990 code [0x0000000002b9fb40, 0x0000000002ba0958]
Event: 33.714 Thread 0x00000000564a9800 1276       4       com.android.dx.ssa.MoveParamCombiner$1::visitNonMoveInsn (213 bytes)
Event: 33.716 Thread 0x00000000564a9800 nmethod 1276 0x0000000002baae50 code [0x0000000002baafa0, 0x0000000002bab0e8]
Event: 33.716 Thread 0x00000000564a9800 1284       4       com.android.dx.ssa.LiteralOpUpgrader$1::visitNonMoveInsn (203 bytes)
Event: 34.179 Thread 0x00000000564aa800 1293       3       java.io.File::isInvalid (47 bytes)
Event: 34.180 Thread 0x00000000564aa800 nmethod 1293 0x0000000002baa7d0 code [0x0000000002baa940, 0x0000000002baad68]

GC Heap History (4 events):
Event: 31.595 GC heap before
{Heap before GC invocations=1 (full 0):
 PSYoungGen      total 18944K, used 16384K [0x00000000eab00000, 0x00000000ec000000, 0x0000000100000000)
  eden space 16384K, 100% used [0x00000000eab00000,0x00000000ebb00000,0x00000000ebb00000)
  from space 2560K, 0% used [0x00000000ebd80000,0x00000000ebd80000,0x00000000ec000000)
  to   space 2560K, 0% used [0x00000000ebb00000,0x00000000ebb00000,0x00000000ebd80000)
 ParOldGen       total 44032K, used 0K [0x00000000c0000000, 0x00000000c2b00000, 0x00000000eab00000)
  object space 44032K, 0% used [0x00000000c0000000,0x00000000c0000000,0x00000000c2b00000)
 Metaspace       used 5642K, capacity 6768K, committed 7040K, reserved 1056768K
  class space    used 579K, capacity 616K, committed 640K, reserved 1048576K
Event: 32.274 GC heap after
Heap after GC invocations=1 (full 0):
 PSYoungGen      total 18944K, used 2541K [0x00000000eab00000, 0x00000000ed000000, 0x0000000100000000)
  eden space 16384K, 0% used [0x00000000eab00000,0x00000000eab00000,0x00000000ebb00000)
  from space 2560K, 99% used [0x00000000ebb00000,0x00000000ebd7b620,0x00000000ebd80000)
  to   space 2560K, 0% used [0x00000000ecd80000,0x00000000ecd80000,0x00000000ed000000)
 ParOldGen       total 44032K, used 1783K [0x00000000c0000000, 0x00000000c2b00000, 0x00000000eab00000)
  object space 44032K, 4% used [0x00000000c0000000,0x00000000c01bdc00,0x00000000c2b00000)
 Metaspace       used 5642K, capacity 6768K, committed 7040K, reserved 1056768K
  class space    used 579K, capacity 616K, committed 640K, reserved 1048576K
}
Event: 32.696 GC heap before
{Heap before GC invocations=2 (full 0):
 PSYoungGen      total 18944K, used 18925K [0x00000000eab00000, 0x00000000ed000000, 0x0000000100000000)
  eden space 16384K, 100% used [0x00000000eab00000,0x00000000ebb00000,0x00000000ebb00000)
  from space 2560K, 99% used [0x00000000ebb00000,0x00000000ebd7b620,0x00000000ebd80000)
  to   space 2560K, 0% used [0x00000000ecd80000,0x00000000ecd80000,0x00000000ed000000)
 ParOldGen       total 44032K, used 1783K [0x00000000c0000000, 0x00000000c2b00000, 0x00000000eab00000)
  object space 44032K, 4% used [0x00000000c0000000,0x00000000c01bdc00,0x00000000c2b00000)
 Metaspace       used 5750K, capacity 6832K, committed 7040K, reserved 1056768K
  class space    used 581K, capacity 616K, committed 640K, reserved 1048576K
Event: 32.880 GC heap after
Heap after GC invocations=2 (full 0):
 PSYoungGen      total 35328K, used 2557K [0x00000000eab00000, 0x00000000ed000000, 0x0000000100000000)
  eden space 32768K, 0% used [0x00000000eab00000,0x00000000eab00000,0x00000000ecb00000)
  from space 2560K, 99% used [0x00000000ecd80000,0x00000000ecfff498,0x00000000ed000000)
  to   space 2560K, 0% used [0x00000000ecb00000,0x00000000ecb00000,0x00000000ecd80000)
 ParOldGen       total 44032K, used 8366K [0x00000000c0000000, 0x00000000c2b00000, 0x00000000eab00000)
  object space 44032K, 19% used [0x00000000c0000000,0x00000000c082b948,0x00000000c2b00000)
 Metaspace       used 5750K, capacity 6832K, committed 7040K, reserved 1056768K
  class space    used 581K, capacity 616K, committed 640K, reserved 1048576K
}

Deoptimization events (10 events):
Event: 32.500 Thread 0x0000000056759000 Uncommon trap: reason=class_check action=maybe_recompile pc=0x00000000029e8b68 method=com.android.dx.rop.type.Type.equals(Ljava/lang/Object;)Z @ 8
Event: 32.500 Thread 0x0000000056759000 Uncommon trap: reason=class_check action=maybe_recompile pc=0x00000000029e8b68 method=com.android.dx.rop.type.Type.equals(Ljava/lang/Object;)Z @ 8
Event: 32.500 Thread 0x0000000056759000 Uncommon trap: reason=class_check action=maybe_recompile pc=0x00000000029e8b68 method=com.android.dx.rop.type.Type.equals(Ljava/lang/Object;)Z @ 8
Event: 32.913 Thread 0x0000000056759000 Uncommon trap: reason=unstable_if action=reinterpret pc=0x00000000029ec5b0 method=java.util.HashMap.getNode(ILjava/lang/Object;)Ljava/util/HashMap$Node; @ 129
Event: 32.933 Thread 0x000000005675c800 Uncommon trap: reason=unstable_if action=reinterpret pc=0x0000000002adf620 method=com.android.dx.ssa.SsaRenamer$BlockRenamer.addMapping(ILcom/android/dx/rop/code/RegisterSpec;)V @ 120
Event: 32.995 Thread 0x0000000056759000 Uncommon trap: reason=class_check action=maybe_recompile pc=0x0000000002b28ff8 method=com.android.dx.ssa.NormalSsaInsn.accept(Lcom/android/dx/ssa/SsaInsn$Visitor;)V @ 9
Event: 32.996 Thread 0x0000000056759000 Uncommon trap: reason=class_check action=maybe_recompile pc=0x0000000002b28ff8 method=com.android.dx.ssa.NormalSsaInsn.accept(Lcom/android/dx/ssa/SsaInsn$Visitor;)V @ 9
Event: 32.996 Thread 0x0000000056759000 Uncommon trap: reason=class_check action=maybe_recompile pc=0x0000000002b28ff8 method=com.android.dx.ssa.NormalSsaInsn.accept(Lcom/android/dx/ssa/SsaInsn$Visitor;)V @ 9
Event: 32.997 Thread 0x0000000056759000 Uncommon trap: reason=class_check action=maybe_recompile pc=0x0000000002b28ff8 method=com.android.dx.ssa.NormalSsaInsn.accept(Lcom/android/dx/ssa/SsaInsn$Visitor;)V @ 9
Event: 32.997 Thread 0x0000000056759000 Uncommon trap: reason=class_check action=maybe_recompile pc=0x0000000002b329f0 method=com.android.dx.ssa.NormalSsaInsn.accept(Lcom/android/dx/ssa/SsaInsn$Visitor;)V @ 9

Internal exceptions (2 events):
Event: 8.918 Thread 0x000000000253e000 Exception <a 'java/lang/NoSuchMethodError': Method sun.misc.Unsafe.defineClass(Ljava/lang/String;[BII)Ljava/lang/Class; name or signature does not match> (0x00000000eab07cc0) thrown at [C:\re\workspace\8-2-build-windows-amd64-cygwin\jdk8u101\7261\hotspot\sÎù”;Ö!@
Event: 8.918 Thread 0x000000000253e000 Exception <a 'java/lang/NoSuchMethodError': Method sun.misc.Unsafe.prefetchRead(Ljava/lang/Object;J)V name or signature does not match> (0x00000000eab07fa8) thrown at [C:\re\workspace\8-2-build-windows-amd64-cygwin\jdk8u101\7261\hotspot\src\share\vm\prims\

Events (10 events):
Event: 32.996 Thread 0x0000000056759000 DEOPT PACKING pc=0x0000000002b28ff8 sp=0x000000005637e840
Event: 32.996 Thread 0x0000000056759000 DEOPT UNPACKING pc=0x00000000026e582a sp=0x000000005637e7a0 mode 2
Event: 32.997 Thread 0x0000000056759000 Uncommon trap: trap_request=0xffffffde fr.pc=0x0000000002b28ff8
Event: 32.997 Thread 0x0000000056759000 DEOPT PACKING pc=0x0000000002b28ff8 sp=0x000000005637e840
Event: 32.997 Thread 0x0000000056759000 DEOPT UNPACKING pc=0x00000000026e582a sp=0x000000005637e7a0 mode 2
Event: 32.997 Thread 0x0000000056759000 Uncommon trap: trap_request=0xffffffde fr.pc=0x0000000002b329f0
Event: 32.997 Thread 0x0000000056759000 DEOPT PACKING pc=0x0000000002b329f0 sp=0x000000005637e7b0
Event: 32.997 Thread 0x0000000056759000 DEOPT UNPACKING pc=0x00000000026e582a sp=0x000000005637e790 mode 2
Event: 33.501 Thread 0x0000000056764800 DEOPT PACKING pc=0x0000000002a3f691 sp=0x00000000577ae570
Event: 33.501 Thread 0x0000000056764800 DEOPT UNPACKING pc=0x00000000026e787f sp=0x00000000577ae2e0 mode 0


Dynamic libraries:
0x000000013f600000 - 0x000000013f637000 	C:\Program Files\Java\jdk1.8.0_101\bin\java.exe
0x00000000770d0000 - 0x0000000077279000 	C:\Windows\SYSTEM32\ntdll.dll
0x0000000076eb0000 - 0x0000000076fcf000 	C:\Windows\system32\kernel32.dll
0x000007fefd320000 - 0x000007fefd38c000 	C:\Windows\system32\KERNELBASE.dll
0x000007fefd520000 - 0x000007fefd5fb000 	C:\Windows\system32\ADVAPI32.dll
0x000007fefe2e0000 - 0x000007fefe37f000 	C:\Windows\system32\msvcrt.dll
0x000007fefdd40000 - 0x000007fefdd5f000 	C:\Windows\SYSTEM32\sechost.dll
0x000007feff1a0000 - 0x000007feff2cd000 	C:\Windows\system32\RPCRT4.dll
0x0000000076fd0000 - 0x00000000770ca000 	C:\Windows\system32\USER32.dll
0x000007fefe380000 - 0x000007fefe3e7000 	C:\Windows\system32\GDI32.dll
0x000007fefdd60000 - 0x000007fefdd6e000 	C:\Windows\system32\LPK.dll
0x000007fefdfa0000 - 0x000007fefe069000 	C:\Windows\system32\USP10.dll
0x000007fefbc10000 - 0x000007fefbe04000 	C:\Windows\WinSxS\amd64_microsoft.windows.common-controls_6595b64144ccf1df_6.0.7601.17514_none_fa396087175ac9ac\COMCTL32.dll
0x000007fefd870000 - 0x000007fefd8e1000 	C:\Windows\system32\SHLWAPI.dll
0x000007fefdd10000 - 0x000007fefdd3e000 	C:\Windows\system32\IMM32.DLL
0x000007feff2d0000 - 0x000007feff3d9000 	C:\Windows\system32\MSCTF.dll
0x0000000078a40000 - 0x0000000078b12000 	C:\Program Files\Java\jdk1.8.0_101\jre\bin\msvcr100.dll
0x000000006ff80000 - 0x000000007081a000 	C:\Program Files\Java\jdk1.8.0_101\jre\bin\server\jvm.dll
0x000007fefaba0000 - 0x000007fefaba9000 	C:\Windows\system32\WSOCK32.dll
0x000007fefdd70000 - 0x000007fefddbd000 	C:\Windows\system32\WS2_32.dll
0x000007fefe2d0000 - 0x000007fefe2d8000 	C:\Windows\system32\NSI.dll
0x000007fefb1b0000 - 0x000007fefb1eb000 	C:\Windows\system32\WINMM.dll
0x000007fefc130000 - 0x000007fefc13c000 	C:\Windows\system32\VERSION.dll
0x0000000077290000 - 0x0000000077297000 	C:\Windows\system32\PSAPI.DLL
0x000000005d5e0000 - 0x000000005d5ef000 	C:\Program Files\Java\jdk1.8.0_101\jre\bin\verify.dll
0x0000000059450000 - 0x0000000059479000 	C:\Program Files\Java\jdk1.8.0_101\jre\bin\java.dll
0x0000000059160000 - 0x0000000059176000 	C:\Program Files\Java\jdk1.8.0_101\jre\bin\zip.dll
0x000007fefe410000 - 0x000007feff198000 	C:\Windows\system32\SHELL32.dll
0x000007fefd660000 - 0x000007fefd863000 	C:\Windows\system32\ole32.dll
0x000007fefd020000 - 0x000007fefd02f000 	C:\Windows\system32\profapi.dll

VM Arguments:
jvm_args: -Djava.awt.headless=true -Xmx1024M -Dfile.encoding=GBK -Duser.country=CN -Duser.language=zh -Duser.variant 
java_command: com.android.dx.command.Main --dex --force-jumbo --num-threads=4 --output C:\Users\miaochangchun\Downloads\TTSMulti\app\build\intermediates\pre-dexed\debug\main_2b39533e4ad5fae720a7417656c4836ca343df5b.jar C:\Users\miaochangchun\Downloads\TTSMulti\app\build\intermediates\transforms\instantRun\debug\folders\1\5\main
java_class_path (initial): C:\Users\miaochangchun\AppData\Local\Android\Sdk\build-tools\24.0.0\lib\dx.jar
Launcher Type: SUN_STANDARD

Environment Variables:
JAVA_HOME=C:\Program Files\Java\jdk1.8.0_101
CLASSPATH=.;C:\Program Files\Java\jdk1.8.0_101\lib\dt.jar;C:\Program Files\Java\jdk1.8.0_101\lib\tools.jar;
PATH=C:\ProgramData\Oracle\Java\javapath;C:\Program Files (x86)\NVIDIA Corporation\PhysX\Common;C:\Windows\system32;C:\Windows;C:\Windows\System32\Wbem;C:\Windows\System32\WindowsPowerShell\v1.0\;C:\Program Files (x86)\Microsoft SQL Server\90\Tools\binn\;C:\Program Files\Java\jdk1.8.0_101\bin;C:\Program Files\Java\jdk1.8.0_101\jre\bin;C:\Program Files (x86)\MySQL\MySQL Server 5.0\bin;C:\MinGW\bin;C:\Users\miaochangchun\Downloads\apache-maven-3.3.9-bin\apache-maven-3.3.9\bin;D:\wamp\php-7.0.10-Win32-VC14-x64;D:\wamp\php-7.0.10-Win32-VC14-x64\ext;D:\adt-bundle-windows-x86-20130522\sdk\build-tools;D:\adt-bundle-windows-x86-20130522\sdk\platform-tools;D:\adt-bundle-windows-x86-20130522\sdk\tools;C:\Program Files (x86)\Skype\Phone\
USERNAME=miaochangchun
OS=Windows_NT
PROCESSOR_IDENTIFIER=Intel64 Family 6 Model 60 Stepping 3, GenuineIntel



---------------  S Y S T E M  ---------------

OS: Windows 7 , 64 bit Build 7601 (6.1.7601.17965)

CPU:total 4 (2 cores per cpu, 2 threads per core) family 6 model 60 stepping 3, cmov, cx8, fxsr, mmx, sse, sse2, sse3, ssse3, sse4.1, sse4.2, popcnt, avx, avx2, aes, clmul, erms, lzcnt, ht, tsc, tscinvbit, bmi1, bmi2

Memory: 4k page, physical 4145832k(344212k free), swap 8337252k(306364k free)

vm_info: Java HotSpot(TM) 64-Bit Server VM (25.101-b13) for windows-amd64 JRE (1.8.0_101-b13), built on Jun 22 2016 01:21:29 by "java_re" with MS VC++ 10.0 (VS2010)

time: Mon Oct 24 21:04:14 2016
elapsed time: 34 seconds (0d 0h 0m 34s)

